<html>
<head>
<title>TestNG:  Command line test</title>
<link href="../testng.css" rel="stylesheet" type="text/css" />
<link href="../my-testng.css" rel="stylesheet" type="text/css" />

<style type="text/css">
.log { display: none;} 
.stack-trace { display: none;} 
</style>
<script type="text/javascript">
<!--
function flip(e) {
  current = e.style.display;
  if (current == 'block') {
    e.style.display = 'none';
    return 0;
  }
  else {
    e.style.display = 'block';
    return 1;
  }
}

function toggleBox(szDivId, elem, msg1, msg2)
{
  var res = -1;  if (document.getElementById) {
    res = flip(document.getElementById(szDivId));
  }
  else if (document.all) {
    // this is the way old msie versions work
    res = flip(document.all[szDivId]);
  }
  if(elem) {
    if(res == 0) elem.innerHTML = msg1; else elem.innerHTML = msg2;
  }

}

function toggleAllBoxes() {
  if (document.getElementsByTagName) {
    d = document.getElementsByTagName('div');
    for (i = 0; i < d.length; i++) {
      if (d[i].className == 'log') {
        flip(d[i]);
      }
    }
  }
}

// -->
</script>

</head>
<body>
<h2 align='center'>Command line test</h2><table border='1' align="center">
<tr>
<td>Tests passed/Failed/Skipped:</td><td>145/0/0</td>
</tr><tr>
<td>Started on:</td><td>Fri May 08 00:42:08 GMT 2020</td>
</tr>
<tr><td>Total time:</td><td>5 seconds (5192 ms)</td>
</tr><tr>
<td>Included groups:</td><td></td>
</tr><tr>
<td>Excluded groups:</td><td></td>
</tr>
</table><p/>
<small><i>(Hover the method name to see the test class name)</i></small><p/>
<table width='100%' border='1' class='invocation-passed'>
<tr><td colspan='4' align='center'><b>PASSED TESTS</b></td></tr>
<tr><td><b>Test method</b></td>
<td width="30%"><b>Exception</b></td>
<td width="10%"><b>Time (seconds)</b></td>
<td><b>Instance</b></td>
</tr>
<tr>
<td title='com.ibm.watson.health.iml.v1.unit.InsightsForMedicalLiteratureServiceTest.testAddArtifactNoOptions()'><b>testAddArtifactNoOptions</b><br>Test class: com.ibm.watson.health.iml.v1.unit.InsightsForMedicalLiteratureServiceTest</td>
<td><div><pre>java.lang.IllegalArgumentException: addArtifactOptions cannot be null
	at com.ibm.cloud.sdk.core.util.Validator.notNull(Validator.java:97)
	at com.ibm.watson.health.iml.v1.InsightsForMedicalLiteratureService.addArtifact(InsightsForMedicalLiteratureService.java:1111)
	at com.ibm.watson.health.iml.v1.unit.InsightsForMedicalLiteratureServiceTest.testAddArtifactNoOptions(InsightsForMedicalLiteratureServiceTest.java:1372)
	at java.util.ArrayList.forEach(ArrayList.java:1257)
... Removed 37 stack frames</pre></div><a href='#' onClick='toggleBox("stack-trace610282874", this, "Click to show all stack frames", "Click to hide stack frames")'>Click to show all stack frames</a>
<div class='stack-trace' id='stack-trace610282874'><pre>java.lang.IllegalArgumentException: addArtifactOptions cannot be null
	at com.ibm.cloud.sdk.core.util.Validator.notNull(Validator.java:97)
	at com.ibm.watson.health.iml.v1.InsightsForMedicalLiteratureService.addArtifact(InsightsForMedicalLiteratureService.java:1111)
	at com.ibm.watson.health.iml.v1.unit.InsightsForMedicalLiteratureServiceTest.testAddArtifactNoOptions(InsightsForMedicalLiteratureServiceTest.java:1372)
	at sun.reflect.NativeMethodAccessorImpl.invoke0(Native Method)
	at sun.reflect.NativeMethodAccessorImpl.invoke(NativeMethodAccessorImpl.java:62)
	at sun.reflect.DelegatingMethodAccessorImpl.invoke(DelegatingMethodAccessorImpl.java:43)
	at java.lang.reflect.Method.invoke(Method.java:498)
	at org.testng.internal.MethodInvocationHelper.invokeMethod(MethodInvocationHelper.java:134)
	at org.testng.internal.TestInvoker.invokeMethod(TestInvoker.java:597)
	at org.testng.internal.TestInvoker.invokeTestMethod(TestInvoker.java:173)
	at org.testng.internal.MethodRunner.runInSequence(MethodRunner.java:46)
	at org.testng.internal.TestInvoker$MethodInvocationAgent.invoke(TestInvoker.java:816)
	at org.testng.internal.TestInvoker.invokeTestMethods(TestInvoker.java:146)
	at org.testng.internal.TestMethodWorker.invokeTestMethods(TestMethodWorker.java:146)
	at org.testng.internal.TestMethodWorker.run(TestMethodWorker.java:128)
	at java.util.ArrayList.forEach(ArrayList.java:1257)
	at org.testng.TestRunner.privateRun(TestRunner.java:766)
	at org.testng.TestRunner.run(TestRunner.java:587)
	at org.testng.SuiteRunner.runTest(SuiteRunner.java:384)
	at org.testng.SuiteRunner.runSequentially(SuiteRunner.java:378)
	at org.testng.SuiteRunner.privateRun(SuiteRunner.java:337)
	at org.testng.SuiteRunner.run(SuiteRunner.java:286)
	at org.testng.SuiteRunnerWorker.runSuite(SuiteRunnerWorker.java:53)
	at org.testng.SuiteRunnerWorker.run(SuiteRunnerWorker.java:96)
	at org.testng.TestNG.runSuitesSequentially(TestNG.java:1187)
	at org.testng.TestNG.runSuitesLocally(TestNG.java:1109)
	at org.testng.TestNG.runSuites(TestNG.java:1039)
	at org.testng.TestNG.run(TestNG.java:1007)
	at org.apache.maven.surefire.testng.TestNGExecutor.run(TestNGExecutor.java:77)
	at org.apache.maven.surefire.testng.TestNGDirectoryTestSuite.executeMulti(TestNGDirectoryTestSuite.java:159)
	at org.apache.maven.surefire.testng.TestNGDirectoryTestSuite.execute(TestNGDirectoryTestSuite.java:99)
	at org.apache.maven.surefire.testng.TestNGProvider.invoke(TestNGProvider.java:106)
	at sun.reflect.NativeMethodAccessorImpl.invoke0(Native Method)
	at sun.reflect.NativeMethodAccessorImpl.invoke(NativeMethodAccessorImpl.java:62)
	at sun.reflect.DelegatingMethodAccessorImpl.invoke(DelegatingMethodAccessorImpl.java:43)
	at java.lang.reflect.Method.invoke(Method.java:498)
	at org.apache.maven.surefire.util.ReflectionUtils.invokeMethodWithArray(ReflectionUtils.java:189)
	at org.apache.maven.surefire.booter.ProviderFactory$ProviderProxy.invoke(ProviderFactory.java:165)
	at org.apache.maven.surefire.booter.ProviderFactory.invokeProvider(ProviderFactory.java:85)
	at org.apache.maven.surefire.booter.ForkedBooter.runSuitesInProcess(ForkedBooter.java:115)
	at org.apache.maven.surefire.booter.ForkedBooter.main(ForkedBooter.java:75)
</pre></div></td>
<td>1</td>
<td>com.ibm.watson.health.iml.v1.unit.InsightsForMedicalLiteratureServiceTest@7348e75e</td></tr>
<tr>
<td title='com.ibm.watson.health.iml.v1.model.AddArtifactOptionsTest.testAddArtifactOptions()'><b>testAddArtifactOptions</b><br>Test class: com.ibm.watson.health.iml.v1.model.AddArtifactOptionsTest</td>
<td></td>
<td>0</td>
<td>com.ibm.watson.health.iml.v1.model.AddArtifactOptionsTest@627d5f1</td></tr>
<tr>
<td title='com.ibm.watson.health.iml.v1.model.AddArtifactOptionsTest.testAddArtifactOptionsError()'><b>testAddArtifactOptionsError</b><br>Test class: com.ibm.watson.health.iml.v1.model.AddArtifactOptionsTest</td>
<td><div><pre>java.lang.IllegalArgumentException: corpus cannot be empty
	at com.ibm.cloud.sdk.core.util.Validator.notEmpty(Validator.java:84)
	at com.ibm.watson.health.iml.v1.model.AddArtifactOptions.&lt;init&gt;(AddArtifactOptions.java:99)
	at com.ibm.watson.health.iml.v1.model.AddArtifactOptions$Builder.build(AddArtifactOptions.java:61)
	at com.ibm.watson.health.iml.v1.model.AddArtifactOptionsTest.testAddArtifactOptionsError(AddArtifactOptionsTest.java:119)
	at java.util.ArrayList.forEach(ArrayList.java:1257)
... Removed 37 stack frames</pre></div><a href='#' onClick='toggleBox("stack-trace207951790", this, "Click to show all stack frames", "Click to hide stack frames")'>Click to show all stack frames</a>
<div class='stack-trace' id='stack-trace207951790'><pre>java.lang.IllegalArgumentException: corpus cannot be empty
	at com.ibm.cloud.sdk.core.util.Validator.notEmpty(Validator.java:84)
	at com.ibm.watson.health.iml.v1.model.AddArtifactOptions.&lt;init&gt;(AddArtifactOptions.java:99)
	at com.ibm.watson.health.iml.v1.model.AddArtifactOptions$Builder.build(AddArtifactOptions.java:61)
	at com.ibm.watson.health.iml.v1.model.AddArtifactOptionsTest.testAddArtifactOptionsError(AddArtifactOptionsTest.java:119)
	at sun.reflect.NativeMethodAccessorImpl.invoke0(Native Method)
	at sun.reflect.NativeMethodAccessorImpl.invoke(NativeMethodAccessorImpl.java:62)
	at sun.reflect.DelegatingMethodAccessorImpl.invoke(DelegatingMethodAccessorImpl.java:43)
	at java.lang.reflect.Method.invoke(Method.java:498)
	at org.testng.internal.MethodInvocationHelper.invokeMethod(MethodInvocationHelper.java:134)
	at org.testng.internal.TestInvoker.invokeMethod(TestInvoker.java:597)
	at org.testng.internal.TestInvoker.invokeTestMethod(TestInvoker.java:173)
	at org.testng.internal.MethodRunner.runInSequence(MethodRunner.java:46)
	at org.testng.internal.TestInvoker$MethodInvocationAgent.invoke(TestInvoker.java:816)
	at org.testng.internal.TestInvoker.invokeTestMethods(TestInvoker.java:146)
	at org.testng.internal.TestMethodWorker.invokeTestMethods(TestMethodWorker.java:146)
	at org.testng.internal.TestMethodWorker.run(TestMethodWorker.java:128)
	at java.util.ArrayList.forEach(ArrayList.java:1257)
	at org.testng.TestRunner.privateRun(TestRunner.java:766)
	at org.testng.TestRunner.run(TestRunner.java:587)
	at org.testng.SuiteRunner.runTest(SuiteRunner.java:384)
	at org.testng.SuiteRunner.runSequentially(SuiteRunner.java:378)
	at org.testng.SuiteRunner.privateRun(SuiteRunner.java:337)
	at org.testng.SuiteRunner.run(SuiteRunner.java:286)
	at org.testng.SuiteRunnerWorker.runSuite(SuiteRunnerWorker.java:53)
	at org.testng.SuiteRunnerWorker.run(SuiteRunnerWorker.java:96)
	at org.testng.TestNG.runSuitesSequentially(TestNG.java:1187)
	at org.testng.TestNG.runSuitesLocally(TestNG.java:1109)
	at org.testng.TestNG.runSuites(TestNG.java:1039)
	at org.testng.TestNG.run(TestNG.java:1007)
	at org.apache.maven.surefire.testng.TestNGExecutor.run(TestNGExecutor.java:77)
	at org.apache.maven.surefire.testng.TestNGDirectoryTestSuite.executeMulti(TestNGDirectoryTestSuite.java:159)
	at org.apache.maven.surefire.testng.TestNGDirectoryTestSuite.execute(TestNGDirectoryTestSuite.java:99)
	at org.apache.maven.surefire.testng.TestNGProvider.invoke(TestNGProvider.java:106)
	at sun.reflect.NativeMethodAccessorImpl.invoke0(Native Method)
	at sun.reflect.NativeMethodAccessorImpl.invoke(NativeMethodAccessorImpl.java:62)
	at sun.reflect.DelegatingMethodAccessorImpl.invoke(DelegatingMethodAccessorImpl.java:43)
	at java.lang.reflect.Method.invoke(Method.java:498)
	at org.apache.maven.surefire.util.ReflectionUtils.invokeMethodWithArray(ReflectionUtils.java:189)
	at org.apache.maven.surefire.booter.ProviderFactory$ProviderProxy.invoke(ProviderFactory.java:165)
	at org.apache.maven.surefire.booter.ProviderFactory.invokeProvider(ProviderFactory.java:85)
	at org.apache.maven.surefire.booter.ForkedBooter.runSuitesInProcess(ForkedBooter.java:115)
	at org.apache.maven.surefire.booter.ForkedBooter.main(ForkedBooter.java:75)
</pre></div></td>
<td>0</td>
<td>com.ibm.watson.health.iml.v1.model.AddArtifactOptionsTest@627d5f1</td></tr>
<tr>
<td title='com.ibm.watson.health.iml.v1.unit.InsightsForMedicalLiteratureServiceTest.testAddArtifactWOptions()'><b>testAddArtifactWOptions</b><br>Test class: com.ibm.watson.health.iml.v1.unit.InsightsForMedicalLiteratureServiceTest</td>
<td></td>
<td>0</td>
<td>com.ibm.watson.health.iml.v1.unit.InsightsForMedicalLiteratureServiceTest@7348e75e</td></tr>
<tr>
<td title='com.ibm.watson.health.iml.v1.unit.InsightsForMedicalLiteratureServiceTest.testAddCorpusDocumentNoOptions()'><b>testAddCorpusDocumentNoOptions</b><br>Test class: com.ibm.watson.health.iml.v1.unit.InsightsForMedicalLiteratureServiceTest</td>
<td><div><pre>java.lang.IllegalArgumentException: addCorpusDocumentOptions cannot be null
	at com.ibm.cloud.sdk.core.util.Validator.notNull(Validator.java:97)
	at com.ibm.watson.health.iml.v1.InsightsForMedicalLiteratureService.addCorpusDocument(InsightsForMedicalLiteratureService.java:251)
	at com.ibm.watson.health.iml.v1.unit.InsightsForMedicalLiteratureServiceTest.testAddCorpusDocumentNoOptions(InsightsForMedicalLiteratureServiceTest.java:255)
	at java.util.ArrayList.forEach(ArrayList.java:1257)
... Removed 37 stack frames</pre></div><a href='#' onClick='toggleBox("stack-trace353395791", this, "Click to show all stack frames", "Click to hide stack frames")'>Click to show all stack frames</a>
<div class='stack-trace' id='stack-trace353395791'><pre>java.lang.IllegalArgumentException: addCorpusDocumentOptions cannot be null
	at com.ibm.cloud.sdk.core.util.Validator.notNull(Validator.java:97)
	at com.ibm.watson.health.iml.v1.InsightsForMedicalLiteratureService.addCorpusDocument(InsightsForMedicalLiteratureService.java:251)
	at com.ibm.watson.health.iml.v1.unit.InsightsForMedicalLiteratureServiceTest.testAddCorpusDocumentNoOptions(InsightsForMedicalLiteratureServiceTest.java:255)
	at sun.reflect.NativeMethodAccessorImpl.invoke0(Native Method)
	at sun.reflect.NativeMethodAccessorImpl.invoke(NativeMethodAccessorImpl.java:62)
	at sun.reflect.DelegatingMethodAccessorImpl.invoke(DelegatingMethodAccessorImpl.java:43)
	at java.lang.reflect.Method.invoke(Method.java:498)
	at org.testng.internal.MethodInvocationHelper.invokeMethod(MethodInvocationHelper.java:134)
	at org.testng.internal.TestInvoker.invokeMethod(TestInvoker.java:597)
	at org.testng.internal.TestInvoker.invokeTestMethod(TestInvoker.java:173)
	at org.testng.internal.MethodRunner.runInSequence(MethodRunner.java:46)
	at org.testng.internal.TestInvoker$MethodInvocationAgent.invoke(TestInvoker.java:816)
	at org.testng.internal.TestInvoker.invokeTestMethods(TestInvoker.java:146)
	at org.testng.internal.TestMethodWorker.invokeTestMethods(TestMethodWorker.java:146)
	at org.testng.internal.TestMethodWorker.run(TestMethodWorker.java:128)
	at java.util.ArrayList.forEach(ArrayList.java:1257)
	at org.testng.TestRunner.privateRun(TestRunner.java:766)
	at org.testng.TestRunner.run(TestRunner.java:587)
	at org.testng.SuiteRunner.runTest(SuiteRunner.java:384)
	at org.testng.SuiteRunner.runSequentially(SuiteRunner.java:378)
	at org.testng.SuiteRunner.privateRun(SuiteRunner.java:337)
	at org.testng.SuiteRunner.run(SuiteRunner.java:286)
	at org.testng.SuiteRunnerWorker.runSuite(SuiteRunnerWorker.java:53)
	at org.testng.SuiteRunnerWorker.run(SuiteRunnerWorker.java:96)
	at org.testng.TestNG.runSuitesSequentially(TestNG.java:1187)
	at org.testng.TestNG.runSuitesLocally(TestNG.java:1109)
	at org.testng.TestNG.runSuites(TestNG.java:1039)
	at org.testng.TestNG.run(TestNG.java:1007)
	at org.apache.maven.surefire.testng.TestNGExecutor.run(TestNGExecutor.java:77)
	at org.apache.maven.surefire.testng.TestNGDirectoryTestSuite.executeMulti(TestNGDirectoryTestSuite.java:159)
	at org.apache.maven.surefire.testng.TestNGDirectoryTestSuite.execute(TestNGDirectoryTestSuite.java:99)
	at org.apache.maven.surefire.testng.TestNGProvider.invoke(TestNGProvider.java:106)
	at sun.reflect.NativeMethodAccessorImpl.invoke0(Native Method)
	at sun.reflect.NativeMethodAccessorImpl.invoke(NativeMethodAccessorImpl.java:62)
	at sun.reflect.DelegatingMethodAccessorImpl.invoke(DelegatingMethodAccessorImpl.java:43)
	at java.lang.reflect.Method.invoke(Method.java:498)
	at org.apache.maven.surefire.util.ReflectionUtils.invokeMethodWithArray(ReflectionUtils.java:189)
	at org.apache.maven.surefire.booter.ProviderFactory$ProviderProxy.invoke(ProviderFactory.java:165)
	at org.apache.maven.surefire.booter.ProviderFactory.invokeProvider(ProviderFactory.java:85)
	at org.apache.maven.surefire.booter.ForkedBooter.runSuitesInProcess(ForkedBooter.java:115)
	at org.apache.maven.surefire.booter.ForkedBooter.main(ForkedBooter.java:75)
</pre></div></td>
<td>0</td>
<td>com.ibm.watson.health.iml.v1.unit.InsightsForMedicalLiteratureServiceTest@7348e75e</td></tr>
<tr>
<td title='com.ibm.watson.health.iml.v1.model.AddCorpusDocumentOptionsTest.testAddCorpusDocumentOptions()'><b>testAddCorpusDocumentOptions</b><br>Test class: com.ibm.watson.health.iml.v1.model.AddCorpusDocumentOptionsTest</td>
<td></td>
<td>0</td>
<td>com.ibm.watson.health.iml.v1.model.AddCorpusDocumentOptionsTest@5703c1fb</td></tr>
<tr>
<td title='com.ibm.watson.health.iml.v1.model.AddCorpusDocumentOptionsTest.testAddCorpusDocumentOptionsError()'><b>testAddCorpusDocumentOptionsError</b><br>Test class: com.ibm.watson.health.iml.v1.model.AddCorpusDocumentOptionsTest</td>
<td><div><pre>java.lang.IllegalArgumentException: corpus cannot be empty
	at com.ibm.cloud.sdk.core.util.Validator.notEmpty(Validator.java:84)
	at com.ibm.watson.health.iml.v1.model.AddCorpusDocumentOptions.&lt;init&gt;(AddCorpusDocumentOptions.java:176)
	at com.ibm.watson.health.iml.v1.model.AddCorpusDocumentOptions$Builder.build(AddCorpusDocumentOptions.java:77)
	at com.ibm.watson.health.iml.v1.model.AddCorpusDocumentOptionsTest.testAddCorpusDocumentOptionsError(AddCorpusDocumentOptionsTest.java:59)
	at java.util.ArrayList.forEach(ArrayList.java:1257)
... Removed 37 stack frames</pre></div><a href='#' onClick='toggleBox("stack-trace1306265954", this, "Click to show all stack frames", "Click to hide stack frames")'>Click to show all stack frames</a>
<div class='stack-trace' id='stack-trace1306265954'><pre>java.lang.IllegalArgumentException: corpus cannot be empty
	at com.ibm.cloud.sdk.core.util.Validator.notEmpty(Validator.java:84)
	at com.ibm.watson.health.iml.v1.model.AddCorpusDocumentOptions.&lt;init&gt;(AddCorpusDocumentOptions.java:176)
	at com.ibm.watson.health.iml.v1.model.AddCorpusDocumentOptions$Builder.build(AddCorpusDocumentOptions.java:77)
	at com.ibm.watson.health.iml.v1.model.AddCorpusDocumentOptionsTest.testAddCorpusDocumentOptionsError(AddCorpusDocumentOptionsTest.java:59)
	at sun.reflect.NativeMethodAccessorImpl.invoke0(Native Method)
	at sun.reflect.NativeMethodAccessorImpl.invoke(NativeMethodAccessorImpl.java:62)
	at sun.reflect.DelegatingMethodAccessorImpl.invoke(DelegatingMethodAccessorImpl.java:43)
	at java.lang.reflect.Method.invoke(Method.java:498)
	at org.testng.internal.MethodInvocationHelper.invokeMethod(MethodInvocationHelper.java:134)
	at org.testng.internal.TestInvoker.invokeMethod(TestInvoker.java:597)
	at org.testng.internal.TestInvoker.invokeTestMethod(TestInvoker.java:173)
	at org.testng.internal.MethodRunner.runInSequence(MethodRunner.java:46)
	at org.testng.internal.TestInvoker$MethodInvocationAgent.invoke(TestInvoker.java:816)
	at org.testng.internal.TestInvoker.invokeTestMethods(TestInvoker.java:146)
	at org.testng.internal.TestMethodWorker.invokeTestMethods(TestMethodWorker.java:146)
	at org.testng.internal.TestMethodWorker.run(TestMethodWorker.java:128)
	at java.util.ArrayList.forEach(ArrayList.java:1257)
	at org.testng.TestRunner.privateRun(TestRunner.java:766)
	at org.testng.TestRunner.run(TestRunner.java:587)
	at org.testng.SuiteRunner.runTest(SuiteRunner.java:384)
	at org.testng.SuiteRunner.runSequentially(SuiteRunner.java:378)
	at org.testng.SuiteRunner.privateRun(SuiteRunner.java:337)
	at org.testng.SuiteRunner.run(SuiteRunner.java:286)
	at org.testng.SuiteRunnerWorker.runSuite(SuiteRunnerWorker.java:53)
	at org.testng.SuiteRunnerWorker.run(SuiteRunnerWorker.java:96)
	at org.testng.TestNG.runSuitesSequentially(TestNG.java:1187)
	at org.testng.TestNG.runSuitesLocally(TestNG.java:1109)
	at org.testng.TestNG.runSuites(TestNG.java:1039)
	at org.testng.TestNG.run(TestNG.java:1007)
	at org.apache.maven.surefire.testng.TestNGExecutor.run(TestNGExecutor.java:77)
	at org.apache.maven.surefire.testng.TestNGDirectoryTestSuite.executeMulti(TestNGDirectoryTestSuite.java:159)
	at org.apache.maven.surefire.testng.TestNGDirectoryTestSuite.execute(TestNGDirectoryTestSuite.java:99)
	at org.apache.maven.surefire.testng.TestNGProvider.invoke(TestNGProvider.java:106)
	at sun.reflect.NativeMethodAccessorImpl.invoke0(Native Method)
	at sun.reflect.NativeMethodAccessorImpl.invoke(NativeMethodAccessorImpl.java:62)
	at sun.reflect.DelegatingMethodAccessorImpl.invoke(DelegatingMethodAccessorImpl.java:43)
	at java.lang.reflect.Method.invoke(Method.java:498)
	at org.apache.maven.surefire.util.ReflectionUtils.invokeMethodWithArray(ReflectionUtils.java:189)
	at org.apache.maven.surefire.booter.ProviderFactory$ProviderProxy.invoke(ProviderFactory.java:165)
	at org.apache.maven.surefire.booter.ProviderFactory.invokeProvider(ProviderFactory.java:85)
	at org.apache.maven.surefire.booter.ForkedBooter.runSuitesInProcess(ForkedBooter.java:115)
	at org.apache.maven.surefire.booter.ForkedBooter.main(ForkedBooter.java:75)
</pre></div></td>
<td>0</td>
<td>com.ibm.watson.health.iml.v1.model.AddCorpusDocumentOptionsTest@5703c1fb</td></tr>
<tr>
<td title='com.ibm.watson.health.iml.v1.unit.InsightsForMedicalLiteratureServiceTest.testAddCorpusDocumentWOptions()'><b>testAddCorpusDocumentWOptions</b><br>Test class: com.ibm.watson.health.iml.v1.unit.InsightsForMedicalLiteratureServiceTest</td>
<td></td>
<td>0</td>
<td>com.ibm.watson.health.iml.v1.unit.InsightsForMedicalLiteratureServiceTest@7348e75e</td></tr>
<tr>
<td title='com.ibm.watson.health.iml.v1.model.AggregationModelTest.testAggregationModel()'><b>testAggregationModel</b><br>Test class: com.ibm.watson.health.iml.v1.model.AggregationModelTest</td>
<td></td>
<td>0</td>
<td>com.ibm.watson.health.iml.v1.model.AggregationModelTest@5da2966</td></tr>
<tr>
<td title='com.ibm.watson.health.iml.v1.model.AnnotationModelTest.testAnnotationModel()'><b>testAnnotationModel</b><br>Test class: com.ibm.watson.health.iml.v1.model.AnnotationModelTest</td>
<td></td>
<td>0</td>
<td>com.ibm.watson.health.iml.v1.model.AnnotationModelTest@20a25f66</td></tr>
<tr>
<td title='com.ibm.watson.health.iml.v1.model.ArtifactModelTest.testArtifactModel()'><b>testArtifactModel</b><br>Test class: com.ibm.watson.health.iml.v1.model.ArtifactModelTest</td>
<td></td>
<td>0</td>
<td>com.ibm.watson.health.iml.v1.model.ArtifactModelTest@7fce1069</td></tr>
<tr>
<td title='com.ibm.watson.health.iml.v1.model.AttributeTest.testAttribute()'><b>testAttribute</b><br>Test class: com.ibm.watson.health.iml.v1.model.AttributeTest</td>
<td></td>
<td>0</td>
<td>com.ibm.watson.health.iml.v1.model.AttributeTest@4504a4ed</td></tr>
<tr>
<td title='com.ibm.watson.health.iml.v1.model.AttributeEntryTest.testAttributeEntry()'><b>testAttributeEntry</b><br>Test class: com.ibm.watson.health.iml.v1.model.AttributeEntryTest</td>
<td></td>
<td>0</td>
<td>com.ibm.watson.health.iml.v1.model.AttributeEntryTest@10b2c1cf</td></tr>
<tr>
<td title='com.ibm.watson.health.iml.v1.model.BackendTest.testBackend()'><b>testBackend</b><br>Test class: com.ibm.watson.health.iml.v1.model.BackendTest</td>
<td></td>
<td>0</td>
<td>com.ibm.watson.health.iml.v1.model.BackendTest@4769537a</td></tr>
<tr>
<td title='com.ibm.watson.health.iml.v1.model.BoolOperandTest.testBoolOperand()'><b>testBoolOperand</b><br>Test class: com.ibm.watson.health.iml.v1.model.BoolOperandTest</td>
<td></td>
<td>0</td>
<td>com.ibm.watson.health.iml.v1.model.BoolOperandTest@3e149513</td></tr>
<tr>
<td title='com.ibm.watson.health.iml.v1.model.BooleanOperandsTest.testBooleanOperands()'><b>testBooleanOperands</b><br>Test class: com.ibm.watson.health.iml.v1.model.BooleanOperandsTest</td>
<td></td>
<td>0</td>
<td>com.ibm.watson.health.iml.v1.model.BooleanOperandsTest@6ad7a305</td></tr>
<tr>
<td title='com.ibm.watson.health.iml.v1.model.CategoriesModelTest.testCategoriesModel()'><b>testCategoriesModel</b><br>Test class: com.ibm.watson.health.iml.v1.model.CategoriesModelTest</td>
<td></td>
<td>0</td>
<td>com.ibm.watson.health.iml.v1.model.CategoriesModelTest@19de32cb</td></tr>
<tr>
<td title='com.ibm.watson.health.iml.v1.model.CommonDataModelTest.testCommonDataModel()'><b>testCommonDataModel</b><br>Test class: com.ibm.watson.health.iml.v1.model.CommonDataModelTest</td>
<td></td>
<td>0</td>
<td>com.ibm.watson.health.iml.v1.model.CommonDataModelTest@1368e2f7</td></tr>
<tr>
<td title='com.ibm.watson.health.iml.v1.model.ConceptTest.testConcept()'><b>testConcept</b><br>Test class: com.ibm.watson.health.iml.v1.model.ConceptTest</td>
<td></td>
<td>0</td>
<td>com.ibm.watson.health.iml.v1.model.ConceptTest@21ed4a51</td></tr>
<tr>
<td title='com.ibm.watson.health.iml.v1.model.ConceptInfoModelTest.testConceptInfoModel()'><b>testConceptInfoModel</b><br>Test class: com.ibm.watson.health.iml.v1.model.ConceptInfoModelTest</td>
<td></td>
<td>0</td>
<td>com.ibm.watson.health.iml.v1.model.ConceptInfoModelTest@fb42c1c</td></tr>
<tr>
<td title='com.ibm.watson.health.iml.v1.model.ConceptListModelTest.testConceptListModel()'><b>testConceptListModel</b><br>Test class: com.ibm.watson.health.iml.v1.model.ConceptListModelTest</td>
<td></td>
<td>0</td>
<td>com.ibm.watson.health.iml.v1.model.ConceptListModelTest@105fe81e</td></tr>
<tr>
<td title='com.ibm.watson.health.iml.v1.model.ConceptModelTest.testConceptModel()'><b>testConceptModel</b><br>Test class: com.ibm.watson.health.iml.v1.model.ConceptModelTest</td>
<td></td>
<td>0</td>
<td>com.ibm.watson.health.iml.v1.model.ConceptModelTest@5e02fb23</td></tr>
<tr>
<td title='com.ibm.watson.health.iml.v1.unit.InsightsForMedicalLiteratureServiceTest.testConstructorWithNullAuthenticator()'><b>testConstructorWithNullAuthenticator</b><br>Test class: com.ibm.watson.health.iml.v1.unit.InsightsForMedicalLiteratureServiceTest</td>
<td><div><pre>java.lang.IllegalArgumentException: Authentication information was not properly configured.
	at com.ibm.cloud.sdk.core.service.BaseService.&lt;init&gt;(BaseService.java:100)
	at com.ibm.watson.health.iml.v1.InsightsForMedicalLiteratureService.&lt;init&gt;(InsightsForMedicalLiteratureService.java:179)
	at com.ibm.watson.health.iml.v1.unit.InsightsForMedicalLiteratureServiceTest.testConstructorWithNullAuthenticator(InsightsForMedicalLiteratureServiceTest.java:140)
	at java.util.ArrayList.forEach(ArrayList.java:1257)
... Removed 37 stack frames</pre></div><a href='#' onClick='toggleBox("stack-trace749516603", this, "Click to show all stack frames", "Click to hide stack frames")'>Click to show all stack frames</a>
<div class='stack-trace' id='stack-trace749516603'><pre>java.lang.IllegalArgumentException: Authentication information was not properly configured.
	at com.ibm.cloud.sdk.core.service.BaseService.&lt;init&gt;(BaseService.java:100)
	at com.ibm.watson.health.iml.v1.InsightsForMedicalLiteratureService.&lt;init&gt;(InsightsForMedicalLiteratureService.java:179)
	at com.ibm.watson.health.iml.v1.unit.InsightsForMedicalLiteratureServiceTest.testConstructorWithNullAuthenticator(InsightsForMedicalLiteratureServiceTest.java:140)
	at sun.reflect.NativeMethodAccessorImpl.invoke0(Native Method)
	at sun.reflect.NativeMethodAccessorImpl.invoke(NativeMethodAccessorImpl.java:62)
	at sun.reflect.DelegatingMethodAccessorImpl.invoke(DelegatingMethodAccessorImpl.java:43)
	at java.lang.reflect.Method.invoke(Method.java:498)
	at org.testng.internal.MethodInvocationHelper.invokeMethod(MethodInvocationHelper.java:134)
	at org.testng.internal.TestInvoker.invokeMethod(TestInvoker.java:597)
	at org.testng.internal.TestInvoker.invokeTestMethod(TestInvoker.java:173)
	at org.testng.internal.MethodRunner.runInSequence(MethodRunner.java:46)
	at org.testng.internal.TestInvoker$MethodInvocationAgent.invoke(TestInvoker.java:816)
	at org.testng.internal.TestInvoker.invokeTestMethods(TestInvoker.java:146)
	at org.testng.internal.TestMethodWorker.invokeTestMethods(TestMethodWorker.java:146)
	at org.testng.internal.TestMethodWorker.run(TestMethodWorker.java:128)
	at java.util.ArrayList.forEach(ArrayList.java:1257)
	at org.testng.TestRunner.privateRun(TestRunner.java:766)
	at org.testng.TestRunner.run(TestRunner.java:587)
	at org.testng.SuiteRunner.runTest(SuiteRunner.java:384)
	at org.testng.SuiteRunner.runSequentially(SuiteRunner.java:378)
	at org.testng.SuiteRunner.privateRun(SuiteRunner.java:337)
	at org.testng.SuiteRunner.run(SuiteRunner.java:286)
	at org.testng.SuiteRunnerWorker.runSuite(SuiteRunnerWorker.java:53)
	at org.testng.SuiteRunnerWorker.run(SuiteRunnerWorker.java:96)
	at org.testng.TestNG.runSuitesSequentially(TestNG.java:1187)
	at org.testng.TestNG.runSuitesLocally(TestNG.java:1109)
	at org.testng.TestNG.runSuites(TestNG.java:1039)
	at org.testng.TestNG.run(TestNG.java:1007)
	at org.apache.maven.surefire.testng.TestNGExecutor.run(TestNGExecutor.java:77)
	at org.apache.maven.surefire.testng.TestNGDirectoryTestSuite.executeMulti(TestNGDirectoryTestSuite.java:159)
	at org.apache.maven.surefire.testng.TestNGDirectoryTestSuite.execute(TestNGDirectoryTestSuite.java:99)
	at org.apache.maven.surefire.testng.TestNGProvider.invoke(TestNGProvider.java:106)
	at sun.reflect.NativeMethodAccessorImpl.invoke0(Native Method)
	at sun.reflect.NativeMethodAccessorImpl.invoke(NativeMethodAccessorImpl.java:62)
	at sun.reflect.DelegatingMethodAccessorImpl.invoke(DelegatingMethodAccessorImpl.java:43)
	at java.lang.reflect.Method.invoke(Method.java:498)
	at org.apache.maven.surefire.util.ReflectionUtils.invokeMethodWithArray(ReflectionUtils.java:189)
	at org.apache.maven.surefire.booter.ProviderFactory$ProviderProxy.invoke(ProviderFactory.java:165)
	at org.apache.maven.surefire.booter.ProviderFactory.invokeProvider(ProviderFactory.java:85)
	at org.apache.maven.surefire.booter.ForkedBooter.runSuitesInProcess(ForkedBooter.java:115)
	at org.apache.maven.surefire.booter.ForkedBooter.main(ForkedBooter.java:75)
</pre></div></td>
<td>0</td>
<td>com.ibm.watson.health.iml.v1.unit.InsightsForMedicalLiteratureServiceTest@7348e75e</td></tr>
<tr>
<td title='com.ibm.watson.health.iml.v1.model.CorporaConfigTest.testCorporaConfig()'><b>testCorporaConfig</b><br>Test class: com.ibm.watson.health.iml.v1.model.CorporaConfigTest</td>
<td></td>
<td>0</td>
<td>com.ibm.watson.health.iml.v1.model.CorporaConfigTest@1e7113f8</td></tr>
<tr>
<td title='com.ibm.watson.health.iml.v1.model.CorpusModelTest.testCorpusModel()'><b>testCorpusModel</b><br>Test class: com.ibm.watson.health.iml.v1.model.CorpusModelTest</td>
<td></td>
<td>0</td>
<td>com.ibm.watson.health.iml.v1.model.CorpusModelTest@57e6d56a</td></tr>
<tr>
<td title='com.ibm.watson.health.iml.v1.model.CountTest.testCount()'><b>testCount</b><br>Test class: com.ibm.watson.health.iml.v1.model.CountTest</td>
<td></td>
<td>0</td>
<td>com.ibm.watson.health.iml.v1.model.CountTest@27575bcd</td></tr>
<tr>
<td title='com.ibm.watson.health.iml.v1.model.DataModelTest.testDataModel()'><b>testDataModel</b><br>Test class: com.ibm.watson.health.iml.v1.model.DataModelTest</td>
<td></td>
<td>0</td>
<td>com.ibm.watson.health.iml.v1.model.DataModelTest@38363e96</td></tr>
<tr>
<td title='com.ibm.watson.health.iml.v1.unit.InsightsForMedicalLiteratureServiceTest.testDeleteCorpusSchemaNoOptions()'><b>testDeleteCorpusSchemaNoOptions</b><br>Test class: com.ibm.watson.health.iml.v1.unit.InsightsForMedicalLiteratureServiceTest</td>
<td><div><pre>java.lang.IllegalArgumentException: deleteCorpusSchemaOptions cannot be null
	at com.ibm.cloud.sdk.core.util.Validator.notNull(Validator.java:97)
	at com.ibm.watson.health.iml.v1.InsightsForMedicalLiteratureService.deleteCorpusSchema(InsightsForMedicalLiteratureService.java:677)
	at com.ibm.watson.health.iml.v1.unit.InsightsForMedicalLiteratureServiceTest.testDeleteCorpusSchemaNoOptions(InsightsForMedicalLiteratureServiceTest.java:739)
	at java.util.ArrayList.forEach(ArrayList.java:1257)
... Removed 37 stack frames</pre></div><a href='#' onClick='toggleBox("stack-trace1845240904", this, "Click to show all stack frames", "Click to hide stack frames")'>Click to show all stack frames</a>
<div class='stack-trace' id='stack-trace1845240904'><pre>java.lang.IllegalArgumentException: deleteCorpusSchemaOptions cannot be null
	at com.ibm.cloud.sdk.core.util.Validator.notNull(Validator.java:97)
	at com.ibm.watson.health.iml.v1.InsightsForMedicalLiteratureService.deleteCorpusSchema(InsightsForMedicalLiteratureService.java:677)
	at com.ibm.watson.health.iml.v1.unit.InsightsForMedicalLiteratureServiceTest.testDeleteCorpusSchemaNoOptions(InsightsForMedicalLiteratureServiceTest.java:739)
	at sun.reflect.NativeMethodAccessorImpl.invoke0(Native Method)
	at sun.reflect.NativeMethodAccessorImpl.invoke(NativeMethodAccessorImpl.java:62)
	at sun.reflect.DelegatingMethodAccessorImpl.invoke(DelegatingMethodAccessorImpl.java:43)
	at java.lang.reflect.Method.invoke(Method.java:498)
	at org.testng.internal.MethodInvocationHelper.invokeMethod(MethodInvocationHelper.java:134)
	at org.testng.internal.TestInvoker.invokeMethod(TestInvoker.java:597)
	at org.testng.internal.TestInvoker.invokeTestMethod(TestInvoker.java:173)
	at org.testng.internal.MethodRunner.runInSequence(MethodRunner.java:46)
	at org.testng.internal.TestInvoker$MethodInvocationAgent.invoke(TestInvoker.java:816)
	at org.testng.internal.TestInvoker.invokeTestMethods(TestInvoker.java:146)
	at org.testng.internal.TestMethodWorker.invokeTestMethods(TestMethodWorker.java:146)
	at org.testng.internal.TestMethodWorker.run(TestMethodWorker.java:128)
	at java.util.ArrayList.forEach(ArrayList.java:1257)
	at org.testng.TestRunner.privateRun(TestRunner.java:766)
	at org.testng.TestRunner.run(TestRunner.java:587)
	at org.testng.SuiteRunner.runTest(SuiteRunner.java:384)
	at org.testng.SuiteRunner.runSequentially(SuiteRunner.java:378)
	at org.testng.SuiteRunner.privateRun(SuiteRunner.java:337)
	at org.testng.SuiteRunner.run(SuiteRunner.java:286)
	at org.testng.SuiteRunnerWorker.runSuite(SuiteRunnerWorker.java:53)
	at org.testng.SuiteRunnerWorker.run(SuiteRunnerWorker.java:96)
	at org.testng.TestNG.runSuitesSequentially(TestNG.java:1187)
	at org.testng.TestNG.runSuitesLocally(TestNG.java:1109)
	at org.testng.TestNG.runSuites(TestNG.java:1039)
	at org.testng.TestNG.run(TestNG.java:1007)
	at org.apache.maven.surefire.testng.TestNGExecutor.run(TestNGExecutor.java:77)
	at org.apache.maven.surefire.testng.TestNGDirectoryTestSuite.executeMulti(TestNGDirectoryTestSuite.java:159)
	at org.apache.maven.surefire.testng.TestNGDirectoryTestSuite.execute(TestNGDirectoryTestSuite.java:99)
	at org.apache.maven.surefire.testng.TestNGProvider.invoke(TestNGProvider.java:106)
	at sun.reflect.NativeMethodAccessorImpl.invoke0(Native Method)
	at sun.reflect.NativeMethodAccessorImpl.invoke(NativeMethodAccessorImpl.java:62)
	at sun.reflect.DelegatingMethodAccessorImpl.invoke(DelegatingMethodAccessorImpl.java:43)
	at java.lang.reflect.Method.invoke(Method.java:498)
	at org.apache.maven.surefire.util.ReflectionUtils.invokeMethodWithArray(ReflectionUtils.java:189)
	at org.apache.maven.surefire.booter.ProviderFactory$ProviderProxy.invoke(ProviderFactory.java:165)
	at org.apache.maven.surefire.booter.ProviderFactory.invokeProvider(ProviderFactory.java:85)
	at org.apache.maven.surefire.booter.ForkedBooter.runSuitesInProcess(ForkedBooter.java:115)
	at org.apache.maven.surefire.booter.ForkedBooter.main(ForkedBooter.java:75)
</pre></div></td>
<td>0</td>
<td>com.ibm.watson.health.iml.v1.unit.InsightsForMedicalLiteratureServiceTest@7348e75e</td></tr>
<tr>
<td title='com.ibm.watson.health.iml.v1.model.DeleteCorpusSchemaOptionsTest.testDeleteCorpusSchemaOptions()'><b>testDeleteCorpusSchemaOptions</b><br>Test class: com.ibm.watson.health.iml.v1.model.DeleteCorpusSchemaOptionsTest</td>
<td></td>
<td>0</td>
<td>com.ibm.watson.health.iml.v1.model.DeleteCorpusSchemaOptionsTest@3fd6dfbc</td></tr>
<tr>
<td title='com.ibm.watson.health.iml.v1.model.DeleteCorpusSchemaOptionsTest.testDeleteCorpusSchemaOptionsError()'><b>testDeleteCorpusSchemaOptionsError</b><br>Test class: com.ibm.watson.health.iml.v1.model.DeleteCorpusSchemaOptionsTest</td>
<td><div><pre>java.lang.IllegalArgumentException: instance cannot be null
	at com.ibm.cloud.sdk.core.util.Validator.notNull(Validator.java:97)
	at com.ibm.watson.health.iml.v1.model.DeleteCorpusSchemaOptions.&lt;init&gt;(DeleteCorpusSchemaOptions.java:71)
	at com.ibm.watson.health.iml.v1.model.DeleteCorpusSchemaOptions$Builder.build(DeleteCorpusSchemaOptions.java:55)
	at com.ibm.watson.health.iml.v1.model.DeleteCorpusSchemaOptionsTest.testDeleteCorpusSchemaOptionsError(DeleteCorpusSchemaOptionsTest.java:45)
	at java.util.ArrayList.forEach(ArrayList.java:1257)
... Removed 37 stack frames</pre></div><a href='#' onClick='toggleBox("stack-trace1646468111", this, "Click to show all stack frames", "Click to hide stack frames")'>Click to show all stack frames</a>
<div class='stack-trace' id='stack-trace1646468111'><pre>java.lang.IllegalArgumentException: instance cannot be null
	at com.ibm.cloud.sdk.core.util.Validator.notNull(Validator.java:97)
	at com.ibm.watson.health.iml.v1.model.DeleteCorpusSchemaOptions.&lt;init&gt;(DeleteCorpusSchemaOptions.java:71)
	at com.ibm.watson.health.iml.v1.model.DeleteCorpusSchemaOptions$Builder.build(DeleteCorpusSchemaOptions.java:55)
	at com.ibm.watson.health.iml.v1.model.DeleteCorpusSchemaOptionsTest.testDeleteCorpusSchemaOptionsError(DeleteCorpusSchemaOptionsTest.java:45)
	at sun.reflect.NativeMethodAccessorImpl.invoke0(Native Method)
	at sun.reflect.NativeMethodAccessorImpl.invoke(NativeMethodAccessorImpl.java:62)
	at sun.reflect.DelegatingMethodAccessorImpl.invoke(DelegatingMethodAccessorImpl.java:43)
	at java.lang.reflect.Method.invoke(Method.java:498)
	at org.testng.internal.MethodInvocationHelper.invokeMethod(MethodInvocationHelper.java:134)
	at org.testng.internal.TestInvoker.invokeMethod(TestInvoker.java:597)
	at org.testng.internal.TestInvoker.invokeTestMethod(TestInvoker.java:173)
	at org.testng.internal.MethodRunner.runInSequence(MethodRunner.java:46)
	at org.testng.internal.TestInvoker$MethodInvocationAgent.invoke(TestInvoker.java:816)
	at org.testng.internal.TestInvoker.invokeTestMethods(TestInvoker.java:146)
	at org.testng.internal.TestMethodWorker.invokeTestMethods(TestMethodWorker.java:146)
	at org.testng.internal.TestMethodWorker.run(TestMethodWorker.java:128)
	at java.util.ArrayList.forEach(ArrayList.java:1257)
	at org.testng.TestRunner.privateRun(TestRunner.java:766)
	at org.testng.TestRunner.run(TestRunner.java:587)
	at org.testng.SuiteRunner.runTest(SuiteRunner.java:384)
	at org.testng.SuiteRunner.runSequentially(SuiteRunner.java:378)
	at org.testng.SuiteRunner.privateRun(SuiteRunner.java:337)
	at org.testng.SuiteRunner.run(SuiteRunner.java:286)
	at org.testng.SuiteRunnerWorker.runSuite(SuiteRunnerWorker.java:53)
	at org.testng.SuiteRunnerWorker.run(SuiteRunnerWorker.java:96)
	at org.testng.TestNG.runSuitesSequentially(TestNG.java:1187)
	at org.testng.TestNG.runSuitesLocally(TestNG.java:1109)
	at org.testng.TestNG.runSuites(TestNG.java:1039)
	at org.testng.TestNG.run(TestNG.java:1007)
	at org.apache.maven.surefire.testng.TestNGExecutor.run(TestNGExecutor.java:77)
	at org.apache.maven.surefire.testng.TestNGDirectoryTestSuite.executeMulti(TestNGDirectoryTestSuite.java:159)
	at org.apache.maven.surefire.testng.TestNGDirectoryTestSuite.execute(TestNGDirectoryTestSuite.java:99)
	at org.apache.maven.surefire.testng.TestNGProvider.invoke(TestNGProvider.java:106)
	at sun.reflect.NativeMethodAccessorImpl.invoke0(Native Method)
	at sun.reflect.NativeMethodAccessorImpl.invoke(NativeMethodAccessorImpl.java:62)
	at sun.reflect.DelegatingMethodAccessorImpl.invoke(DelegatingMethodAccessorImpl.java:43)
	at java.lang.reflect.Method.invoke(Method.java:498)
	at org.apache.maven.surefire.util.ReflectionUtils.invokeMethodWithArray(ReflectionUtils.java:189)
	at org.apache.maven.surefire.booter.ProviderFactory$ProviderProxy.invoke(ProviderFactory.java:165)
	at org.apache.maven.surefire.booter.ProviderFactory.invokeProvider(ProviderFactory.java:85)
	at org.apache.maven.surefire.booter.ForkedBooter.runSuitesInProcess(ForkedBooter.java:115)
	at org.apache.maven.surefire.booter.ForkedBooter.main(ForkedBooter.java:75)
</pre></div></td>
<td>0</td>
<td>com.ibm.watson.health.iml.v1.model.DeleteCorpusSchemaOptionsTest@3fd6dfbc</td></tr>
<tr>
<td title='com.ibm.watson.health.iml.v1.unit.InsightsForMedicalLiteratureServiceTest.testDeleteCorpusSchemaWOptions()'><b>testDeleteCorpusSchemaWOptions</b><br>Test class: com.ibm.watson.health.iml.v1.unit.InsightsForMedicalLiteratureServiceTest</td>
<td></td>
<td>0</td>
<td>com.ibm.watson.health.iml.v1.unit.InsightsForMedicalLiteratureServiceTest@7348e75e</td></tr>
<tr>
<td title='com.ibm.watson.health.iml.v1.model.DictonaryEntryTest.testDictonaryEntry()'><b>testDictonaryEntry</b><br>Test class: com.ibm.watson.health.iml.v1.model.DictonaryEntryTest</td>
<td></td>
<td>0</td>
<td>com.ibm.watson.health.iml.v1.model.DictonaryEntryTest@749c0669</td></tr>
<tr>
<td title='com.ibm.watson.health.iml.v1.model.EnableCorpusSearchTrackingOptionsTest.testEnableCorpusSearchTrackingOptions()'><b>testEnableCorpusSearchTrackingOptions</b><br>Test class: com.ibm.watson.health.iml.v1.model.EnableCorpusSearchTrackingOptionsTest</td>
<td></td>
<td>0</td>
<td>com.ibm.watson.health.iml.v1.model.EnableCorpusSearchTrackingOptionsTest@7ee3a2ed</td></tr>
<tr>
<td title='com.ibm.watson.health.iml.v1.unit.InsightsForMedicalLiteratureServiceTest.testEnableCorpusSearchTrackingWOptions()'><b>testEnableCorpusSearchTrackingWOptions</b><br>Test class: com.ibm.watson.health.iml.v1.unit.InsightsForMedicalLiteratureServiceTest</td>
<td></td>
<td>0</td>
<td>com.ibm.watson.health.iml.v1.unit.InsightsForMedicalLiteratureServiceTest@7348e75e</td></tr>
<tr>
<td title='com.ibm.watson.health.iml.v1.model.EntryModelTest.testEntryModel()'><b>testEntryModel</b><br>Test class: com.ibm.watson.health.iml.v1.model.EntryModelTest</td>
<td></td>
<td>0</td>
<td>com.ibm.watson.health.iml.v1.model.EntryModelTest@bf18412</td></tr>
<tr>
<td title='com.ibm.watson.health.iml.v1.model.FieldOptionsTest.testFieldOptions()'><b>testFieldOptions</b><br>Test class: com.ibm.watson.health.iml.v1.model.FieldOptionsTest</td>
<td></td>
<td>0</td>
<td>com.ibm.watson.health.iml.v1.model.FieldOptionsTest@361d8567</td></tr>
<tr>
<td title='com.ibm.watson.health.iml.v1.unit.InsightsForMedicalLiteratureServiceTest.testGetConceptsNoOptions()'><b>testGetConceptsNoOptions</b><br>Test class: com.ibm.watson.health.iml.v1.unit.InsightsForMedicalLiteratureServiceTest</td>
<td><div><pre>java.lang.IllegalArgumentException: getConceptsOptions cannot be null
	at com.ibm.cloud.sdk.core.util.Validator.notNull(Validator.java:97)
	at com.ibm.watson.health.iml.v1.InsightsForMedicalLiteratureService.getConcepts(InsightsForMedicalLiteratureService.java:1067)
	at com.ibm.watson.health.iml.v1.unit.InsightsForMedicalLiteratureServiceTest.testGetConceptsNoOptions(InsightsForMedicalLiteratureServiceTest.java:1289)
	at java.util.ArrayList.forEach(ArrayList.java:1257)
... Removed 37 stack frames</pre></div><a href='#' onClick='toggleBox("stack-trace454227341", this, "Click to show all stack frames", "Click to hide stack frames")'>Click to show all stack frames</a>
<div class='stack-trace' id='stack-trace454227341'><pre>java.lang.IllegalArgumentException: getConceptsOptions cannot be null
	at com.ibm.cloud.sdk.core.util.Validator.notNull(Validator.java:97)
	at com.ibm.watson.health.iml.v1.InsightsForMedicalLiteratureService.getConcepts(InsightsForMedicalLiteratureService.java:1067)
	at com.ibm.watson.health.iml.v1.unit.InsightsForMedicalLiteratureServiceTest.testGetConceptsNoOptions(InsightsForMedicalLiteratureServiceTest.java:1289)
	at sun.reflect.NativeMethodAccessorImpl.invoke0(Native Method)
	at sun.reflect.NativeMethodAccessorImpl.invoke(NativeMethodAccessorImpl.java:62)
	at sun.reflect.DelegatingMethodAccessorImpl.invoke(DelegatingMethodAccessorImpl.java:43)
	at java.lang.reflect.Method.invoke(Method.java:498)
	at org.testng.internal.MethodInvocationHelper.invokeMethod(MethodInvocationHelper.java:134)
	at org.testng.internal.TestInvoker.invokeMethod(TestInvoker.java:597)
	at org.testng.internal.TestInvoker.invokeTestMethod(TestInvoker.java:173)
	at org.testng.internal.MethodRunner.runInSequence(MethodRunner.java:46)
	at org.testng.internal.TestInvoker$MethodInvocationAgent.invoke(TestInvoker.java:816)
	at org.testng.internal.TestInvoker.invokeTestMethods(TestInvoker.java:146)
	at org.testng.internal.TestMethodWorker.invokeTestMethods(TestMethodWorker.java:146)
	at org.testng.internal.TestMethodWorker.run(TestMethodWorker.java:128)
	at java.util.ArrayList.forEach(ArrayList.java:1257)
	at org.testng.TestRunner.privateRun(TestRunner.java:766)
	at org.testng.TestRunner.run(TestRunner.java:587)
	at org.testng.SuiteRunner.runTest(SuiteRunner.java:384)
	at org.testng.SuiteRunner.runSequentially(SuiteRunner.java:378)
	at org.testng.SuiteRunner.privateRun(SuiteRunner.java:337)
	at org.testng.SuiteRunner.run(SuiteRunner.java:286)
	at org.testng.SuiteRunnerWorker.runSuite(SuiteRunnerWorker.java:53)
	at org.testng.SuiteRunnerWorker.run(SuiteRunnerWorker.java:96)
	at org.testng.TestNG.runSuitesSequentially(TestNG.java:1187)
	at org.testng.TestNG.runSuitesLocally(TestNG.java:1109)
	at org.testng.TestNG.runSuites(TestNG.java:1039)
	at org.testng.TestNG.run(TestNG.java:1007)
	at org.apache.maven.surefire.testng.TestNGExecutor.run(TestNGExecutor.java:77)
	at org.apache.maven.surefire.testng.TestNGDirectoryTestSuite.executeMulti(TestNGDirectoryTestSuite.java:159)
	at org.apache.maven.surefire.testng.TestNGDirectoryTestSuite.execute(TestNGDirectoryTestSuite.java:99)
	at org.apache.maven.surefire.testng.TestNGProvider.invoke(TestNGProvider.java:106)
	at sun.reflect.NativeMethodAccessorImpl.invoke0(Native Method)
	at sun.reflect.NativeMethodAccessorImpl.invoke(NativeMethodAccessorImpl.java:62)
	at sun.reflect.DelegatingMethodAccessorImpl.invoke(DelegatingMethodAccessorImpl.java:43)
	at java.lang.reflect.Method.invoke(Method.java:498)
	at org.apache.maven.surefire.util.ReflectionUtils.invokeMethodWithArray(ReflectionUtils.java:189)
	at org.apache.maven.surefire.booter.ProviderFactory$ProviderProxy.invoke(ProviderFactory.java:165)
	at org.apache.maven.surefire.booter.ProviderFactory.invokeProvider(ProviderFactory.java:85)
	at org.apache.maven.surefire.booter.ForkedBooter.runSuitesInProcess(ForkedBooter.java:115)
	at org.apache.maven.surefire.booter.ForkedBooter.main(ForkedBooter.java:75)
</pre></div></td>
<td>0</td>
<td>com.ibm.watson.health.iml.v1.unit.InsightsForMedicalLiteratureServiceTest@7348e75e</td></tr>
<tr>
<td title='com.ibm.watson.health.iml.v1.model.GetConceptsOptionsTest.testGetConceptsOptions()'><b>testGetConceptsOptions</b><br>Test class: com.ibm.watson.health.iml.v1.model.GetConceptsOptionsTest</td>
<td></td>
<td>0</td>
<td>com.ibm.watson.health.iml.v1.model.GetConceptsOptionsTest@104392ba</td></tr>
<tr>
<td title='com.ibm.watson.health.iml.v1.model.GetConceptsOptionsTest.testGetConceptsOptionsError()'><b>testGetConceptsOptionsError</b><br>Test class: com.ibm.watson.health.iml.v1.model.GetConceptsOptionsTest</td>
<td><div><pre>java.lang.IllegalArgumentException: corpus cannot be empty
	at com.ibm.cloud.sdk.core.util.Validator.notEmpty(Validator.java:84)
	at com.ibm.watson.health.iml.v1.model.GetConceptsOptions.&lt;init&gt;(GetConceptsOptions.java:240)
	at com.ibm.watson.health.iml.v1.model.GetConceptsOptions$Builder.build(GetConceptsOptions.java:79)
	at com.ibm.watson.health.iml.v1.model.GetConceptsOptionsTest.testGetConceptsOptionsError(GetConceptsOptionsTest.java:61)
	at java.util.ArrayList.forEach(ArrayList.java:1257)
... Removed 37 stack frames</pre></div><a href='#' onClick='toggleBox("stack-trace1609791831", this, "Click to show all stack frames", "Click to hide stack frames")'>Click to show all stack frames</a>
<div class='stack-trace' id='stack-trace1609791831'><pre>java.lang.IllegalArgumentException: corpus cannot be empty
	at com.ibm.cloud.sdk.core.util.Validator.notEmpty(Validator.java:84)
	at com.ibm.watson.health.iml.v1.model.GetConceptsOptions.&lt;init&gt;(GetConceptsOptions.java:240)
	at com.ibm.watson.health.iml.v1.model.GetConceptsOptions$Builder.build(GetConceptsOptions.java:79)
	at com.ibm.watson.health.iml.v1.model.GetConceptsOptionsTest.testGetConceptsOptionsError(GetConceptsOptionsTest.java:61)
	at sun.reflect.NativeMethodAccessorImpl.invoke0(Native Method)
	at sun.reflect.NativeMethodAccessorImpl.invoke(NativeMethodAccessorImpl.java:62)
	at sun.reflect.DelegatingMethodAccessorImpl.invoke(DelegatingMethodAccessorImpl.java:43)
	at java.lang.reflect.Method.invoke(Method.java:498)
	at org.testng.internal.MethodInvocationHelper.invokeMethod(MethodInvocationHelper.java:134)
	at org.testng.internal.TestInvoker.invokeMethod(TestInvoker.java:597)
	at org.testng.internal.TestInvoker.invokeTestMethod(TestInvoker.java:173)
	at org.testng.internal.MethodRunner.runInSequence(MethodRunner.java:46)
	at org.testng.internal.TestInvoker$MethodInvocationAgent.invoke(TestInvoker.java:816)
	at org.testng.internal.TestInvoker.invokeTestMethods(TestInvoker.java:146)
	at org.testng.internal.TestMethodWorker.invokeTestMethods(TestMethodWorker.java:146)
	at org.testng.internal.TestMethodWorker.run(TestMethodWorker.java:128)
	at java.util.ArrayList.forEach(ArrayList.java:1257)
	at org.testng.TestRunner.privateRun(TestRunner.java:766)
	at org.testng.TestRunner.run(TestRunner.java:587)
	at org.testng.SuiteRunner.runTest(SuiteRunner.java:384)
	at org.testng.SuiteRunner.runSequentially(SuiteRunner.java:378)
	at org.testng.SuiteRunner.privateRun(SuiteRunner.java:337)
	at org.testng.SuiteRunner.run(SuiteRunner.java:286)
	at org.testng.SuiteRunnerWorker.runSuite(SuiteRunnerWorker.java:53)
	at org.testng.SuiteRunnerWorker.run(SuiteRunnerWorker.java:96)
	at org.testng.TestNG.runSuitesSequentially(TestNG.java:1187)
	at org.testng.TestNG.runSuitesLocally(TestNG.java:1109)
	at org.testng.TestNG.runSuites(TestNG.java:1039)
	at org.testng.TestNG.run(TestNG.java:1007)
	at org.apache.maven.surefire.testng.TestNGExecutor.run(TestNGExecutor.java:77)
	at org.apache.maven.surefire.testng.TestNGDirectoryTestSuite.executeMulti(TestNGDirectoryTestSuite.java:159)
	at org.apache.maven.surefire.testng.TestNGDirectoryTestSuite.execute(TestNGDirectoryTestSuite.java:99)
	at org.apache.maven.surefire.testng.TestNGProvider.invoke(TestNGProvider.java:106)
	at sun.reflect.NativeMethodAccessorImpl.invoke0(Native Method)
	at sun.reflect.NativeMethodAccessorImpl.invoke(NativeMethodAccessorImpl.java:62)
	at sun.reflect.DelegatingMethodAccessorImpl.invoke(DelegatingMethodAccessorImpl.java:43)
	at java.lang.reflect.Method.invoke(Method.java:498)
	at org.apache.maven.surefire.util.ReflectionUtils.invokeMethodWithArray(ReflectionUtils.java:189)
	at org.apache.maven.surefire.booter.ProviderFactory$ProviderProxy.invoke(ProviderFactory.java:165)
	at org.apache.maven.surefire.booter.ProviderFactory.invokeProvider(ProviderFactory.java:85)
	at org.apache.maven.surefire.booter.ForkedBooter.runSuitesInProcess(ForkedBooter.java:115)
	at org.apache.maven.surefire.booter.ForkedBooter.main(ForkedBooter.java:75)
</pre></div></td>
<td>0</td>
<td>com.ibm.watson.health.iml.v1.model.GetConceptsOptionsTest@104392ba</td></tr>
<tr>
<td title='com.ibm.watson.health.iml.v1.unit.InsightsForMedicalLiteratureServiceTest.testGetConceptsWOptions()'><b>testGetConceptsWOptions</b><br>Test class: com.ibm.watson.health.iml.v1.unit.InsightsForMedicalLiteratureServiceTest</td>
<td></td>
<td>0</td>
<td>com.ibm.watson.health.iml.v1.unit.InsightsForMedicalLiteratureServiceTest@7348e75e</td></tr>
<tr>
<td title='com.ibm.watson.health.iml.v1.model.GetCorporaConfigOptionsTest.testGetCorporaConfigOptions()'><b>testGetCorporaConfigOptions</b><br>Test class: com.ibm.watson.health.iml.v1.model.GetCorporaConfigOptionsTest</td>
<td></td>
<td>0</td>
<td>com.ibm.watson.health.iml.v1.model.GetCorporaConfigOptionsTest@5b71af0d</td></tr>
<tr>
<td title='com.ibm.watson.health.iml.v1.unit.InsightsForMedicalLiteratureServiceTest.testGetCorporaConfigWOptions()'><b>testGetCorporaConfigWOptions</b><br>Test class: com.ibm.watson.health.iml.v1.unit.InsightsForMedicalLiteratureServiceTest</td>
<td></td>
<td>0</td>
<td>com.ibm.watson.health.iml.v1.unit.InsightsForMedicalLiteratureServiceTest@7348e75e</td></tr>
<tr>
<td title='com.ibm.watson.health.iml.v1.unit.InsightsForMedicalLiteratureServiceTest.testGetCorpusConfigNoOptions()'><b>testGetCorpusConfigNoOptions</b><br>Test class: com.ibm.watson.health.iml.v1.unit.InsightsForMedicalLiteratureServiceTest</td>
<td><div><pre>java.lang.IllegalArgumentException: getCorpusConfigOptions cannot be null
	at com.ibm.cloud.sdk.core.util.Validator.notNull(Validator.java:97)
	at com.ibm.watson.health.iml.v1.InsightsForMedicalLiteratureService.getCorpusConfig(InsightsForMedicalLiteratureService.java:820)
	at com.ibm.watson.health.iml.v1.unit.InsightsForMedicalLiteratureServiceTest.testGetCorpusConfigNoOptions(InsightsForMedicalLiteratureServiceTest.java:921)
	at java.util.ArrayList.forEach(ArrayList.java:1257)
... Removed 37 stack frames</pre></div><a href='#' onClick='toggleBox("stack-trace114702969", this, "Click to show all stack frames", "Click to hide stack frames")'>Click to show all stack frames</a>
<div class='stack-trace' id='stack-trace114702969'><pre>java.lang.IllegalArgumentException: getCorpusConfigOptions cannot be null
	at com.ibm.cloud.sdk.core.util.Validator.notNull(Validator.java:97)
	at com.ibm.watson.health.iml.v1.InsightsForMedicalLiteratureService.getCorpusConfig(InsightsForMedicalLiteratureService.java:820)
	at com.ibm.watson.health.iml.v1.unit.InsightsForMedicalLiteratureServiceTest.testGetCorpusConfigNoOptions(InsightsForMedicalLiteratureServiceTest.java:921)
	at sun.reflect.NativeMethodAccessorImpl.invoke0(Native Method)
	at sun.reflect.NativeMethodAccessorImpl.invoke(NativeMethodAccessorImpl.java:62)
	at sun.reflect.DelegatingMethodAccessorImpl.invoke(DelegatingMethodAccessorImpl.java:43)
	at java.lang.reflect.Method.invoke(Method.java:498)
	at org.testng.internal.MethodInvocationHelper.invokeMethod(MethodInvocationHelper.java:134)
	at org.testng.internal.TestInvoker.invokeMethod(TestInvoker.java:597)
	at org.testng.internal.TestInvoker.invokeTestMethod(TestInvoker.java:173)
	at org.testng.internal.MethodRunner.runInSequence(MethodRunner.java:46)
	at org.testng.internal.TestInvoker$MethodInvocationAgent.invoke(TestInvoker.java:816)
	at org.testng.internal.TestInvoker.invokeTestMethods(TestInvoker.java:146)
	at org.testng.internal.TestMethodWorker.invokeTestMethods(TestMethodWorker.java:146)
	at org.testng.internal.TestMethodWorker.run(TestMethodWorker.java:128)
	at java.util.ArrayList.forEach(ArrayList.java:1257)
	at org.testng.TestRunner.privateRun(TestRunner.java:766)
	at org.testng.TestRunner.run(TestRunner.java:587)
	at org.testng.SuiteRunner.runTest(SuiteRunner.java:384)
	at org.testng.SuiteRunner.runSequentially(SuiteRunner.java:378)
	at org.testng.SuiteRunner.privateRun(SuiteRunner.java:337)
	at org.testng.SuiteRunner.run(SuiteRunner.java:286)
	at org.testng.SuiteRunnerWorker.runSuite(SuiteRunnerWorker.java:53)
	at org.testng.SuiteRunnerWorker.run(SuiteRunnerWorker.java:96)
	at org.testng.TestNG.runSuitesSequentially(TestNG.java:1187)
	at org.testng.TestNG.runSuitesLocally(TestNG.java:1109)
	at org.testng.TestNG.runSuites(TestNG.java:1039)
	at org.testng.TestNG.run(TestNG.java:1007)
	at org.apache.maven.surefire.testng.TestNGExecutor.run(TestNGExecutor.java:77)
	at org.apache.maven.surefire.testng.TestNGDirectoryTestSuite.executeMulti(TestNGDirectoryTestSuite.java:159)
	at org.apache.maven.surefire.testng.TestNGDirectoryTestSuite.execute(TestNGDirectoryTestSuite.java:99)
	at org.apache.maven.surefire.testng.TestNGProvider.invoke(TestNGProvider.java:106)
	at sun.reflect.NativeMethodAccessorImpl.invoke0(Native Method)
	at sun.reflect.NativeMethodAccessorImpl.invoke(NativeMethodAccessorImpl.java:62)
	at sun.reflect.DelegatingMethodAccessorImpl.invoke(DelegatingMethodAccessorImpl.java:43)
	at java.lang.reflect.Method.invoke(Method.java:498)
	at org.apache.maven.surefire.util.ReflectionUtils.invokeMethodWithArray(ReflectionUtils.java:189)
	at org.apache.maven.surefire.booter.ProviderFactory$ProviderProxy.invoke(ProviderFactory.java:165)
	at org.apache.maven.surefire.booter.ProviderFactory.invokeProvider(ProviderFactory.java:85)
	at org.apache.maven.surefire.booter.ForkedBooter.runSuitesInProcess(ForkedBooter.java:115)
	at org.apache.maven.surefire.booter.ForkedBooter.main(ForkedBooter.java:75)
</pre></div></td>
<td>0</td>
<td>com.ibm.watson.health.iml.v1.unit.InsightsForMedicalLiteratureServiceTest@7348e75e</td></tr>
<tr>
<td title='com.ibm.watson.health.iml.v1.model.GetCorpusConfigOptionsTest.testGetCorpusConfigOptions()'><b>testGetCorpusConfigOptions</b><br>Test class: com.ibm.watson.health.iml.v1.model.GetCorpusConfigOptionsTest</td>
<td></td>
<td>0</td>
<td>com.ibm.watson.health.iml.v1.model.GetCorpusConfigOptionsTest@41cf4272</td></tr>
<tr>
<td title='com.ibm.watson.health.iml.v1.model.GetCorpusConfigOptionsTest.testGetCorpusConfigOptionsError()'><b>testGetCorpusConfigOptionsError</b><br>Test class: com.ibm.watson.health.iml.v1.model.GetCorpusConfigOptionsTest</td>
<td><div><pre>java.lang.IllegalArgumentException: corpus cannot be empty
	at com.ibm.cloud.sdk.core.util.Validator.notEmpty(Validator.java:84)
	at com.ibm.watson.health.iml.v1.model.GetCorpusConfigOptions.&lt;init&gt;(GetCorpusConfigOptions.java:85)
	at com.ibm.watson.health.iml.v1.model.GetCorpusConfigOptions$Builder.build(GetCorpusConfigOptions.java:58)
	at com.ibm.watson.health.iml.v1.model.GetCorpusConfigOptionsTest.testGetCorpusConfigOptionsError(GetCorpusConfigOptionsTest.java:47)
	at java.util.ArrayList.forEach(ArrayList.java:1257)
... Removed 37 stack frames</pre></div><a href='#' onClick='toggleBox("stack-trace1612412820", this, "Click to show all stack frames", "Click to hide stack frames")'>Click to show all stack frames</a>
<div class='stack-trace' id='stack-trace1612412820'><pre>java.lang.IllegalArgumentException: corpus cannot be empty
	at com.ibm.cloud.sdk.core.util.Validator.notEmpty(Validator.java:84)
	at com.ibm.watson.health.iml.v1.model.GetCorpusConfigOptions.&lt;init&gt;(GetCorpusConfigOptions.java:85)
	at com.ibm.watson.health.iml.v1.model.GetCorpusConfigOptions$Builder.build(GetCorpusConfigOptions.java:58)
	at com.ibm.watson.health.iml.v1.model.GetCorpusConfigOptionsTest.testGetCorpusConfigOptionsError(GetCorpusConfigOptionsTest.java:47)
	at sun.reflect.NativeMethodAccessorImpl.invoke0(Native Method)
	at sun.reflect.NativeMethodAccessorImpl.invoke(NativeMethodAccessorImpl.java:62)
	at sun.reflect.DelegatingMethodAccessorImpl.invoke(DelegatingMethodAccessorImpl.java:43)
	at java.lang.reflect.Method.invoke(Method.java:498)
	at org.testng.internal.MethodInvocationHelper.invokeMethod(MethodInvocationHelper.java:134)
	at org.testng.internal.TestInvoker.invokeMethod(TestInvoker.java:597)
	at org.testng.internal.TestInvoker.invokeTestMethod(TestInvoker.java:173)
	at org.testng.internal.MethodRunner.runInSequence(MethodRunner.java:46)
	at org.testng.internal.TestInvoker$MethodInvocationAgent.invoke(TestInvoker.java:816)
	at org.testng.internal.TestInvoker.invokeTestMethods(TestInvoker.java:146)
	at org.testng.internal.TestMethodWorker.invokeTestMethods(TestMethodWorker.java:146)
	at org.testng.internal.TestMethodWorker.run(TestMethodWorker.java:128)
	at java.util.ArrayList.forEach(ArrayList.java:1257)
	at org.testng.TestRunner.privateRun(TestRunner.java:766)
	at org.testng.TestRunner.run(TestRunner.java:587)
	at org.testng.SuiteRunner.runTest(SuiteRunner.java:384)
	at org.testng.SuiteRunner.runSequentially(SuiteRunner.java:378)
	at org.testng.SuiteRunner.privateRun(SuiteRunner.java:337)
	at org.testng.SuiteRunner.run(SuiteRunner.java:286)
	at org.testng.SuiteRunnerWorker.runSuite(SuiteRunnerWorker.java:53)
	at org.testng.SuiteRunnerWorker.run(SuiteRunnerWorker.java:96)
	at org.testng.TestNG.runSuitesSequentially(TestNG.java:1187)
	at org.testng.TestNG.runSuitesLocally(TestNG.java:1109)
	at org.testng.TestNG.runSuites(TestNG.java:1039)
	at org.testng.TestNG.run(TestNG.java:1007)
	at org.apache.maven.surefire.testng.TestNGExecutor.run(TestNGExecutor.java:77)
	at org.apache.maven.surefire.testng.TestNGDirectoryTestSuite.executeMulti(TestNGDirectoryTestSuite.java:159)
	at org.apache.maven.surefire.testng.TestNGDirectoryTestSuite.execute(TestNGDirectoryTestSuite.java:99)
	at org.apache.maven.surefire.testng.TestNGProvider.invoke(TestNGProvider.java:106)
	at sun.reflect.NativeMethodAccessorImpl.invoke0(Native Method)
	at sun.reflect.NativeMethodAccessorImpl.invoke(NativeMethodAccessorImpl.java:62)
	at sun.reflect.DelegatingMethodAccessorImpl.invoke(DelegatingMethodAccessorImpl.java:43)
	at java.lang.reflect.Method.invoke(Method.java:498)
	at org.apache.maven.surefire.util.ReflectionUtils.invokeMethodWithArray(ReflectionUtils.java:189)
	at org.apache.maven.surefire.booter.ProviderFactory$ProviderProxy.invoke(ProviderFactory.java:165)
	at org.apache.maven.surefire.booter.ProviderFactory.invokeProvider(ProviderFactory.java:85)
	at org.apache.maven.surefire.booter.ForkedBooter.runSuitesInProcess(ForkedBooter.java:115)
	at org.apache.maven.surefire.booter.ForkedBooter.main(ForkedBooter.java:75)
</pre></div></td>
<td>0</td>
<td>com.ibm.watson.health.iml.v1.model.GetCorpusConfigOptionsTest@41cf4272</td></tr>
<tr>
<td title='com.ibm.watson.health.iml.v1.unit.InsightsForMedicalLiteratureServiceTest.testGetCorpusConfigWOptions()'><b>testGetCorpusConfigWOptions</b><br>Test class: com.ibm.watson.health.iml.v1.unit.InsightsForMedicalLiteratureServiceTest</td>
<td></td>
<td>0</td>
<td>com.ibm.watson.health.iml.v1.unit.InsightsForMedicalLiteratureServiceTest@7348e75e</td></tr>
<tr>
<td title='com.ibm.watson.health.iml.v1.unit.InsightsForMedicalLiteratureServiceTest.testGetCuiInfoNoOptions()'><b>testGetCuiInfoNoOptions</b><br>Test class: com.ibm.watson.health.iml.v1.unit.InsightsForMedicalLiteratureServiceTest</td>
<td><div><pre>java.lang.IllegalArgumentException: getCuiInfoOptions cannot be null
	at com.ibm.cloud.sdk.core.util.Validator.notNull(Validator.java:97)
	at com.ibm.watson.health.iml.v1.InsightsForMedicalLiteratureService.getCuiInfo(InsightsForMedicalLiteratureService.java:1145)
	at com.ibm.watson.health.iml.v1.unit.InsightsForMedicalLiteratureServiceTest.testGetCuiInfoNoOptions(InsightsForMedicalLiteratureServiceTest.java:1428)
	at java.util.ArrayList.forEach(ArrayList.java:1257)
... Removed 37 stack frames</pre></div><a href='#' onClick='toggleBox("stack-trace145353662", this, "Click to show all stack frames", "Click to hide stack frames")'>Click to show all stack frames</a>
<div class='stack-trace' id='stack-trace145353662'><pre>java.lang.IllegalArgumentException: getCuiInfoOptions cannot be null
	at com.ibm.cloud.sdk.core.util.Validator.notNull(Validator.java:97)
	at com.ibm.watson.health.iml.v1.InsightsForMedicalLiteratureService.getCuiInfo(InsightsForMedicalLiteratureService.java:1145)
	at com.ibm.watson.health.iml.v1.unit.InsightsForMedicalLiteratureServiceTest.testGetCuiInfoNoOptions(InsightsForMedicalLiteratureServiceTest.java:1428)
	at sun.reflect.NativeMethodAccessorImpl.invoke0(Native Method)
	at sun.reflect.NativeMethodAccessorImpl.invoke(NativeMethodAccessorImpl.java:62)
	at sun.reflect.DelegatingMethodAccessorImpl.invoke(DelegatingMethodAccessorImpl.java:43)
	at java.lang.reflect.Method.invoke(Method.java:498)
	at org.testng.internal.MethodInvocationHelper.invokeMethod(MethodInvocationHelper.java:134)
	at org.testng.internal.TestInvoker.invokeMethod(TestInvoker.java:597)
	at org.testng.internal.TestInvoker.invokeTestMethod(TestInvoker.java:173)
	at org.testng.internal.MethodRunner.runInSequence(MethodRunner.java:46)
	at org.testng.internal.TestInvoker$MethodInvocationAgent.invoke(TestInvoker.java:816)
	at org.testng.internal.TestInvoker.invokeTestMethods(TestInvoker.java:146)
	at org.testng.internal.TestMethodWorker.invokeTestMethods(TestMethodWorker.java:146)
	at org.testng.internal.TestMethodWorker.run(TestMethodWorker.java:128)
	at java.util.ArrayList.forEach(ArrayList.java:1257)
	at org.testng.TestRunner.privateRun(TestRunner.java:766)
	at org.testng.TestRunner.run(TestRunner.java:587)
	at org.testng.SuiteRunner.runTest(SuiteRunner.java:384)
	at org.testng.SuiteRunner.runSequentially(SuiteRunner.java:378)
	at org.testng.SuiteRunner.privateRun(SuiteRunner.java:337)
	at org.testng.SuiteRunner.run(SuiteRunner.java:286)
	at org.testng.SuiteRunnerWorker.runSuite(SuiteRunnerWorker.java:53)
	at org.testng.SuiteRunnerWorker.run(SuiteRunnerWorker.java:96)
	at org.testng.TestNG.runSuitesSequentially(TestNG.java:1187)
	at org.testng.TestNG.runSuitesLocally(TestNG.java:1109)
	at org.testng.TestNG.runSuites(TestNG.java:1039)
	at org.testng.TestNG.run(TestNG.java:1007)
	at org.apache.maven.surefire.testng.TestNGExecutor.run(TestNGExecutor.java:77)
	at org.apache.maven.surefire.testng.TestNGDirectoryTestSuite.executeMulti(TestNGDirectoryTestSuite.java:159)
	at org.apache.maven.surefire.testng.TestNGDirectoryTestSuite.execute(TestNGDirectoryTestSuite.java:99)
	at org.apache.maven.surefire.testng.TestNGProvider.invoke(TestNGProvider.java:106)
	at sun.reflect.NativeMethodAccessorImpl.invoke0(Native Method)
	at sun.reflect.NativeMethodAccessorImpl.invoke(NativeMethodAccessorImpl.java:62)
	at sun.reflect.DelegatingMethodAccessorImpl.invoke(DelegatingMethodAccessorImpl.java:43)
	at java.lang.reflect.Method.invoke(Method.java:498)
	at org.apache.maven.surefire.util.ReflectionUtils.invokeMethodWithArray(ReflectionUtils.java:189)
	at org.apache.maven.surefire.booter.ProviderFactory$ProviderProxy.invoke(ProviderFactory.java:165)
	at org.apache.maven.surefire.booter.ProviderFactory.invokeProvider(ProviderFactory.java:85)
	at org.apache.maven.surefire.booter.ForkedBooter.runSuitesInProcess(ForkedBooter.java:115)
	at org.apache.maven.surefire.booter.ForkedBooter.main(ForkedBooter.java:75)
</pre></div></td>
<td>0</td>
<td>com.ibm.watson.health.iml.v1.unit.InsightsForMedicalLiteratureServiceTest@7348e75e</td></tr>
<tr>
<td title='com.ibm.watson.health.iml.v1.model.GetCuiInfoOptionsTest.testGetCuiInfoOptions()'><b>testGetCuiInfoOptions</b><br>Test class: com.ibm.watson.health.iml.v1.model.GetCuiInfoOptionsTest</td>
<td></td>
<td>0</td>
<td>com.ibm.watson.health.iml.v1.model.GetCuiInfoOptionsTest@46290193</td></tr>
<tr>
<td title='com.ibm.watson.health.iml.v1.model.GetCuiInfoOptionsTest.testGetCuiInfoOptionsError()'><b>testGetCuiInfoOptionsError</b><br>Test class: com.ibm.watson.health.iml.v1.model.GetCuiInfoOptionsTest</td>
<td><div><pre>java.lang.IllegalArgumentException: corpus cannot be empty
	at com.ibm.cloud.sdk.core.util.Validator.notEmpty(Validator.java:84)
	at com.ibm.watson.health.iml.v1.model.GetCuiInfoOptions.&lt;init&gt;(GetCuiInfoOptions.java:129)
	at com.ibm.watson.health.iml.v1.model.GetCuiInfoOptions$Builder.build(GetCuiInfoOptions.java:69)
	at com.ibm.watson.health.iml.v1.model.GetCuiInfoOptionsTest.testGetCuiInfoOptionsError(GetCuiInfoOptionsTest.java:53)
	at java.util.ArrayList.forEach(ArrayList.java:1257)
... Removed 37 stack frames</pre></div><a href='#' onClick='toggleBox("stack-trace1693094453", this, "Click to show all stack frames", "Click to hide stack frames")'>Click to show all stack frames</a>
<div class='stack-trace' id='stack-trace1693094453'><pre>java.lang.IllegalArgumentException: corpus cannot be empty
	at com.ibm.cloud.sdk.core.util.Validator.notEmpty(Validator.java:84)
	at com.ibm.watson.health.iml.v1.model.GetCuiInfoOptions.&lt;init&gt;(GetCuiInfoOptions.java:129)
	at com.ibm.watson.health.iml.v1.model.GetCuiInfoOptions$Builder.build(GetCuiInfoOptions.java:69)
	at com.ibm.watson.health.iml.v1.model.GetCuiInfoOptionsTest.testGetCuiInfoOptionsError(GetCuiInfoOptionsTest.java:53)
	at sun.reflect.NativeMethodAccessorImpl.invoke0(Native Method)
	at sun.reflect.NativeMethodAccessorImpl.invoke(NativeMethodAccessorImpl.java:62)
	at sun.reflect.DelegatingMethodAccessorImpl.invoke(DelegatingMethodAccessorImpl.java:43)
	at java.lang.reflect.Method.invoke(Method.java:498)
	at org.testng.internal.MethodInvocationHelper.invokeMethod(MethodInvocationHelper.java:134)
	at org.testng.internal.TestInvoker.invokeMethod(TestInvoker.java:597)
	at org.testng.internal.TestInvoker.invokeTestMethod(TestInvoker.java:173)
	at org.testng.internal.MethodRunner.runInSequence(MethodRunner.java:46)
	at org.testng.internal.TestInvoker$MethodInvocationAgent.invoke(TestInvoker.java:816)
	at org.testng.internal.TestInvoker.invokeTestMethods(TestInvoker.java:146)
	at org.testng.internal.TestMethodWorker.invokeTestMethods(TestMethodWorker.java:146)
	at org.testng.internal.TestMethodWorker.run(TestMethodWorker.java:128)
	at java.util.ArrayList.forEach(ArrayList.java:1257)
	at org.testng.TestRunner.privateRun(TestRunner.java:766)
	at org.testng.TestRunner.run(TestRunner.java:587)
	at org.testng.SuiteRunner.runTest(SuiteRunner.java:384)
	at org.testng.SuiteRunner.runSequentially(SuiteRunner.java:378)
	at org.testng.SuiteRunner.privateRun(SuiteRunner.java:337)
	at org.testng.SuiteRunner.run(SuiteRunner.java:286)
	at org.testng.SuiteRunnerWorker.runSuite(SuiteRunnerWorker.java:53)
	at org.testng.SuiteRunnerWorker.run(SuiteRunnerWorker.java:96)
	at org.testng.TestNG.runSuitesSequentially(TestNG.java:1187)
	at org.testng.TestNG.runSuitesLocally(TestNG.java:1109)
	at org.testng.TestNG.runSuites(TestNG.java:1039)
	at org.testng.TestNG.run(TestNG.java:1007)
	at org.apache.maven.surefire.testng.TestNGExecutor.run(TestNGExecutor.java:77)
	at org.apache.maven.surefire.testng.TestNGDirectoryTestSuite.executeMulti(TestNGDirectoryTestSuite.java:159)
	at org.apache.maven.surefire.testng.TestNGDirectoryTestSuite.execute(TestNGDirectoryTestSuite.java:99)
	at org.apache.maven.surefire.testng.TestNGProvider.invoke(TestNGProvider.java:106)
	at sun.reflect.NativeMethodAccessorImpl.invoke0(Native Method)
	at sun.reflect.NativeMethodAccessorImpl.invoke(NativeMethodAccessorImpl.java:62)
	at sun.reflect.DelegatingMethodAccessorImpl.invoke(DelegatingMethodAccessorImpl.java:43)
	at java.lang.reflect.Method.invoke(Method.java:498)
	at org.apache.maven.surefire.util.ReflectionUtils.invokeMethodWithArray(ReflectionUtils.java:189)
	at org.apache.maven.surefire.booter.ProviderFactory$ProviderProxy.invoke(ProviderFactory.java:165)
	at org.apache.maven.surefire.booter.ProviderFactory.invokeProvider(ProviderFactory.java:85)
	at org.apache.maven.surefire.booter.ForkedBooter.runSuitesInProcess(ForkedBooter.java:115)
	at org.apache.maven.surefire.booter.ForkedBooter.main(ForkedBooter.java:75)
</pre></div></td>
<td>0</td>
<td>com.ibm.watson.health.iml.v1.model.GetCuiInfoOptionsTest@46290193</td></tr>
<tr>
<td title='com.ibm.watson.health.iml.v1.unit.InsightsForMedicalLiteratureServiceTest.testGetCuiInfoWOptions()'><b>testGetCuiInfoWOptions</b><br>Test class: com.ibm.watson.health.iml.v1.unit.InsightsForMedicalLiteratureServiceTest</td>
<td></td>
<td>0</td>
<td>com.ibm.watson.health.iml.v1.unit.InsightsForMedicalLiteratureServiceTest@7348e75e</td></tr>
<tr>
<td title='com.ibm.watson.health.iml.v1.unit.InsightsForMedicalLiteratureServiceTest.testGetDocumentAnnotationsNoOptions()'><b>testGetDocumentAnnotationsNoOptions</b><br>Test class: com.ibm.watson.health.iml.v1.unit.InsightsForMedicalLiteratureServiceTest</td>
<td><div><pre>java.lang.IllegalArgumentException: getDocumentAnnotationsOptions cannot be null
	at com.ibm.cloud.sdk.core.util.Validator.notNull(Validator.java:97)
	at com.ibm.watson.health.iml.v1.InsightsForMedicalLiteratureService.getDocumentAnnotations(InsightsForMedicalLiteratureService.java:325)
	at com.ibm.watson.health.iml.v1.unit.InsightsForMedicalLiteratureServiceTest.testGetDocumentAnnotationsNoOptions(InsightsForMedicalLiteratureServiceTest.java:368)
	at java.util.ArrayList.forEach(ArrayList.java:1257)
... Removed 37 stack frames</pre></div><a href='#' onClick='toggleBox("stack-trace1772388051", this, "Click to show all stack frames", "Click to hide stack frames")'>Click to show all stack frames</a>
<div class='stack-trace' id='stack-trace1772388051'><pre>java.lang.IllegalArgumentException: getDocumentAnnotationsOptions cannot be null
	at com.ibm.cloud.sdk.core.util.Validator.notNull(Validator.java:97)
	at com.ibm.watson.health.iml.v1.InsightsForMedicalLiteratureService.getDocumentAnnotations(InsightsForMedicalLiteratureService.java:325)
	at com.ibm.watson.health.iml.v1.unit.InsightsForMedicalLiteratureServiceTest.testGetDocumentAnnotationsNoOptions(InsightsForMedicalLiteratureServiceTest.java:368)
	at sun.reflect.NativeMethodAccessorImpl.invoke0(Native Method)
	at sun.reflect.NativeMethodAccessorImpl.invoke(NativeMethodAccessorImpl.java:62)
	at sun.reflect.DelegatingMethodAccessorImpl.invoke(DelegatingMethodAccessorImpl.java:43)
	at java.lang.reflect.Method.invoke(Method.java:498)
	at org.testng.internal.MethodInvocationHelper.invokeMethod(MethodInvocationHelper.java:134)
	at org.testng.internal.TestInvoker.invokeMethod(TestInvoker.java:597)
	at org.testng.internal.TestInvoker.invokeTestMethod(TestInvoker.java:173)
	at org.testng.internal.MethodRunner.runInSequence(MethodRunner.java:46)
	at org.testng.internal.TestInvoker$MethodInvocationAgent.invoke(TestInvoker.java:816)
	at org.testng.internal.TestInvoker.invokeTestMethods(TestInvoker.java:146)
	at org.testng.internal.TestMethodWorker.invokeTestMethods(TestMethodWorker.java:146)
	at org.testng.internal.TestMethodWorker.run(TestMethodWorker.java:128)
	at java.util.ArrayList.forEach(ArrayList.java:1257)
	at org.testng.TestRunner.privateRun(TestRunner.java:766)
	at org.testng.TestRunner.run(TestRunner.java:587)
	at org.testng.SuiteRunner.runTest(SuiteRunner.java:384)
	at org.testng.SuiteRunner.runSequentially(SuiteRunner.java:378)
	at org.testng.SuiteRunner.privateRun(SuiteRunner.java:337)
	at org.testng.SuiteRunner.run(SuiteRunner.java:286)
	at org.testng.SuiteRunnerWorker.runSuite(SuiteRunnerWorker.java:53)
	at org.testng.SuiteRunnerWorker.run(SuiteRunnerWorker.java:96)
	at org.testng.TestNG.runSuitesSequentially(TestNG.java:1187)
	at org.testng.TestNG.runSuitesLocally(TestNG.java:1109)
	at org.testng.TestNG.runSuites(TestNG.java:1039)
	at org.testng.TestNG.run(TestNG.java:1007)
	at org.apache.maven.surefire.testng.TestNGExecutor.run(TestNGExecutor.java:77)
	at org.apache.maven.surefire.testng.TestNGDirectoryTestSuite.executeMulti(TestNGDirectoryTestSuite.java:159)
	at org.apache.maven.surefire.testng.TestNGDirectoryTestSuite.execute(TestNGDirectoryTestSuite.java:99)
	at org.apache.maven.surefire.testng.TestNGProvider.invoke(TestNGProvider.java:106)
	at sun.reflect.NativeMethodAccessorImpl.invoke0(Native Method)
	at sun.reflect.NativeMethodAccessorImpl.invoke(NativeMethodAccessorImpl.java:62)
	at sun.reflect.DelegatingMethodAccessorImpl.invoke(DelegatingMethodAccessorImpl.java:43)
	at java.lang.reflect.Method.invoke(Method.java:498)
	at org.apache.maven.surefire.util.ReflectionUtils.invokeMethodWithArray(ReflectionUtils.java:189)
	at org.apache.maven.surefire.booter.ProviderFactory$ProviderProxy.invoke(ProviderFactory.java:165)
	at org.apache.maven.surefire.booter.ProviderFactory.invokeProvider(ProviderFactory.java:85)
	at org.apache.maven.surefire.booter.ForkedBooter.runSuitesInProcess(ForkedBooter.java:115)
	at org.apache.maven.surefire.booter.ForkedBooter.main(ForkedBooter.java:75)
</pre></div></td>
<td>0</td>
<td>com.ibm.watson.health.iml.v1.unit.InsightsForMedicalLiteratureServiceTest@7348e75e</td></tr>
<tr>
<td title='com.ibm.watson.health.iml.v1.model.GetDocumentAnnotationsOptionsTest.testGetDocumentAnnotationsOptions()'><b>testGetDocumentAnnotationsOptions</b><br>Test class: com.ibm.watson.health.iml.v1.model.GetDocumentAnnotationsOptionsTest</td>
<td></td>
<td>0</td>
<td>com.ibm.watson.health.iml.v1.model.GetDocumentAnnotationsOptionsTest@488279d3</td></tr>
<tr>
<td title='com.ibm.watson.health.iml.v1.model.GetDocumentAnnotationsOptionsTest.testGetDocumentAnnotationsOptionsError()'><b>testGetDocumentAnnotationsOptionsError</b><br>Test class: com.ibm.watson.health.iml.v1.model.GetDocumentAnnotationsOptionsTest</td>
<td><div><pre>java.lang.IllegalArgumentException: corpus cannot be empty
	at com.ibm.cloud.sdk.core.util.Validator.notEmpty(Validator.java:84)
	at com.ibm.watson.health.iml.v1.model.GetDocumentAnnotationsOptions.&lt;init&gt;(GetDocumentAnnotationsOptions.java:151)
	at com.ibm.watson.health.iml.v1.model.GetDocumentAnnotationsOptions$Builder.build(GetDocumentAnnotationsOptions.java:74)
	at com.ibm.watson.health.iml.v1.model.GetDocumentAnnotationsOptionsTest.testGetDocumentAnnotationsOptionsError(GetDocumentAnnotationsOptionsTest.java:55)
	at java.util.ArrayList.forEach(ArrayList.java:1257)
... Removed 37 stack frames</pre></div><a href='#' onClick='toggleBox("stack-trace500725580", this, "Click to show all stack frames", "Click to hide stack frames")'>Click to show all stack frames</a>
<div class='stack-trace' id='stack-trace500725580'><pre>java.lang.IllegalArgumentException: corpus cannot be empty
	at com.ibm.cloud.sdk.core.util.Validator.notEmpty(Validator.java:84)
	at com.ibm.watson.health.iml.v1.model.GetDocumentAnnotationsOptions.&lt;init&gt;(GetDocumentAnnotationsOptions.java:151)
	at com.ibm.watson.health.iml.v1.model.GetDocumentAnnotationsOptions$Builder.build(GetDocumentAnnotationsOptions.java:74)
	at com.ibm.watson.health.iml.v1.model.GetDocumentAnnotationsOptionsTest.testGetDocumentAnnotationsOptionsError(GetDocumentAnnotationsOptionsTest.java:55)
	at sun.reflect.NativeMethodAccessorImpl.invoke0(Native Method)
	at sun.reflect.NativeMethodAccessorImpl.invoke(NativeMethodAccessorImpl.java:62)
	at sun.reflect.DelegatingMethodAccessorImpl.invoke(DelegatingMethodAccessorImpl.java:43)
	at java.lang.reflect.Method.invoke(Method.java:498)
	at org.testng.internal.MethodInvocationHelper.invokeMethod(MethodInvocationHelper.java:134)
	at org.testng.internal.TestInvoker.invokeMethod(TestInvoker.java:597)
	at org.testng.internal.TestInvoker.invokeTestMethod(TestInvoker.java:173)
	at org.testng.internal.MethodRunner.runInSequence(MethodRunner.java:46)
	at org.testng.internal.TestInvoker$MethodInvocationAgent.invoke(TestInvoker.java:816)
	at org.testng.internal.TestInvoker.invokeTestMethods(TestInvoker.java:146)
	at org.testng.internal.TestMethodWorker.invokeTestMethods(TestMethodWorker.java:146)
	at org.testng.internal.TestMethodWorker.run(TestMethodWorker.java:128)
	at java.util.ArrayList.forEach(ArrayList.java:1257)
	at org.testng.TestRunner.privateRun(TestRunner.java:766)
	at org.testng.TestRunner.run(TestRunner.java:587)
	at org.testng.SuiteRunner.runTest(SuiteRunner.java:384)
	at org.testng.SuiteRunner.runSequentially(SuiteRunner.java:378)
	at org.testng.SuiteRunner.privateRun(SuiteRunner.java:337)
	at org.testng.SuiteRunner.run(SuiteRunner.java:286)
	at org.testng.SuiteRunnerWorker.runSuite(SuiteRunnerWorker.java:53)
	at org.testng.SuiteRunnerWorker.run(SuiteRunnerWorker.java:96)
	at org.testng.TestNG.runSuitesSequentially(TestNG.java:1187)
	at org.testng.TestNG.runSuitesLocally(TestNG.java:1109)
	at org.testng.TestNG.runSuites(TestNG.java:1039)
	at org.testng.TestNG.run(TestNG.java:1007)
	at org.apache.maven.surefire.testng.TestNGExecutor.run(TestNGExecutor.java:77)
	at org.apache.maven.surefire.testng.TestNGDirectoryTestSuite.executeMulti(TestNGDirectoryTestSuite.java:159)
	at org.apache.maven.surefire.testng.TestNGDirectoryTestSuite.execute(TestNGDirectoryTestSuite.java:99)
	at org.apache.maven.surefire.testng.TestNGProvider.invoke(TestNGProvider.java:106)
	at sun.reflect.NativeMethodAccessorImpl.invoke0(Native Method)
	at sun.reflect.NativeMethodAccessorImpl.invoke(NativeMethodAccessorImpl.java:62)
	at sun.reflect.DelegatingMethodAccessorImpl.invoke(DelegatingMethodAccessorImpl.java:43)
	at java.lang.reflect.Method.invoke(Method.java:498)
	at org.apache.maven.surefire.util.ReflectionUtils.invokeMethodWithArray(ReflectionUtils.java:189)
	at org.apache.maven.surefire.booter.ProviderFactory$ProviderProxy.invoke(ProviderFactory.java:165)
	at org.apache.maven.surefire.booter.ProviderFactory.invokeProvider(ProviderFactory.java:85)
	at org.apache.maven.surefire.booter.ForkedBooter.runSuitesInProcess(ForkedBooter.java:115)
	at org.apache.maven.surefire.booter.ForkedBooter.main(ForkedBooter.java:75)
</pre></div></td>
<td>0</td>
<td>com.ibm.watson.health.iml.v1.model.GetDocumentAnnotationsOptionsTest@488279d3</td></tr>
<tr>
<td title='com.ibm.watson.health.iml.v1.unit.InsightsForMedicalLiteratureServiceTest.testGetDocumentAnnotationsWOptions()'><b>testGetDocumentAnnotationsWOptions</b><br>Test class: com.ibm.watson.health.iml.v1.unit.InsightsForMedicalLiteratureServiceTest</td>
<td></td>
<td>0</td>
<td>com.ibm.watson.health.iml.v1.unit.InsightsForMedicalLiteratureServiceTest@7348e75e</td></tr>
<tr>
<td title='com.ibm.watson.health.iml.v1.unit.InsightsForMedicalLiteratureServiceTest.testGetDocumentCategoriesNoOptions()'><b>testGetDocumentCategoriesNoOptions</b><br>Test class: com.ibm.watson.health.iml.v1.unit.InsightsForMedicalLiteratureServiceTest</td>
<td><div><pre>java.lang.IllegalArgumentException: getDocumentCategoriesOptions cannot be null
	at com.ibm.cloud.sdk.core.util.Validator.notNull(Validator.java:97)
	at com.ibm.watson.health.iml.v1.InsightsForMedicalLiteratureService.getDocumentCategories(InsightsForMedicalLiteratureService.java:357)
	at com.ibm.watson.health.iml.v1.unit.InsightsForMedicalLiteratureServiceTest.testGetDocumentCategoriesNoOptions(InsightsForMedicalLiteratureServiceTest.java:433)
	at java.util.ArrayList.forEach(ArrayList.java:1257)
... Removed 37 stack frames</pre></div><a href='#' onClick='toggleBox("stack-trace1483721798", this, "Click to show all stack frames", "Click to hide stack frames")'>Click to show all stack frames</a>
<div class='stack-trace' id='stack-trace1483721798'><pre>java.lang.IllegalArgumentException: getDocumentCategoriesOptions cannot be null
	at com.ibm.cloud.sdk.core.util.Validator.notNull(Validator.java:97)
	at com.ibm.watson.health.iml.v1.InsightsForMedicalLiteratureService.getDocumentCategories(InsightsForMedicalLiteratureService.java:357)
	at com.ibm.watson.health.iml.v1.unit.InsightsForMedicalLiteratureServiceTest.testGetDocumentCategoriesNoOptions(InsightsForMedicalLiteratureServiceTest.java:433)
	at sun.reflect.NativeMethodAccessorImpl.invoke0(Native Method)
	at sun.reflect.NativeMethodAccessorImpl.invoke(NativeMethodAccessorImpl.java:62)
	at sun.reflect.DelegatingMethodAccessorImpl.invoke(DelegatingMethodAccessorImpl.java:43)
	at java.lang.reflect.Method.invoke(Method.java:498)
	at org.testng.internal.MethodInvocationHelper.invokeMethod(MethodInvocationHelper.java:134)
	at org.testng.internal.TestInvoker.invokeMethod(TestInvoker.java:597)
	at org.testng.internal.TestInvoker.invokeTestMethod(TestInvoker.java:173)
	at org.testng.internal.MethodRunner.runInSequence(MethodRunner.java:46)
	at org.testng.internal.TestInvoker$MethodInvocationAgent.invoke(TestInvoker.java:816)
	at org.testng.internal.TestInvoker.invokeTestMethods(TestInvoker.java:146)
	at org.testng.internal.TestMethodWorker.invokeTestMethods(TestMethodWorker.java:146)
	at org.testng.internal.TestMethodWorker.run(TestMethodWorker.java:128)
	at java.util.ArrayList.forEach(ArrayList.java:1257)
	at org.testng.TestRunner.privateRun(TestRunner.java:766)
	at org.testng.TestRunner.run(TestRunner.java:587)
	at org.testng.SuiteRunner.runTest(SuiteRunner.java:384)
	at org.testng.SuiteRunner.runSequentially(SuiteRunner.java:378)
	at org.testng.SuiteRunner.privateRun(SuiteRunner.java:337)
	at org.testng.SuiteRunner.run(SuiteRunner.java:286)
	at org.testng.SuiteRunnerWorker.runSuite(SuiteRunnerWorker.java:53)
	at org.testng.SuiteRunnerWorker.run(SuiteRunnerWorker.java:96)
	at org.testng.TestNG.runSuitesSequentially(TestNG.java:1187)
	at org.testng.TestNG.runSuitesLocally(TestNG.java:1109)
	at org.testng.TestNG.runSuites(TestNG.java:1039)
	at org.testng.TestNG.run(TestNG.java:1007)
	at org.apache.maven.surefire.testng.TestNGExecutor.run(TestNGExecutor.java:77)
	at org.apache.maven.surefire.testng.TestNGDirectoryTestSuite.executeMulti(TestNGDirectoryTestSuite.java:159)
	at org.apache.maven.surefire.testng.TestNGDirectoryTestSuite.execute(TestNGDirectoryTestSuite.java:99)
	at org.apache.maven.surefire.testng.TestNGProvider.invoke(TestNGProvider.java:106)
	at sun.reflect.NativeMethodAccessorImpl.invoke0(Native Method)
	at sun.reflect.NativeMethodAccessorImpl.invoke(NativeMethodAccessorImpl.java:62)
	at sun.reflect.DelegatingMethodAccessorImpl.invoke(DelegatingMethodAccessorImpl.java:43)
	at java.lang.reflect.Method.invoke(Method.java:498)
	at org.apache.maven.surefire.util.ReflectionUtils.invokeMethodWithArray(ReflectionUtils.java:189)
	at org.apache.maven.surefire.booter.ProviderFactory$ProviderProxy.invoke(ProviderFactory.java:165)
	at org.apache.maven.surefire.booter.ProviderFactory.invokeProvider(ProviderFactory.java:85)
	at org.apache.maven.surefire.booter.ForkedBooter.runSuitesInProcess(ForkedBooter.java:115)
	at org.apache.maven.surefire.booter.ForkedBooter.main(ForkedBooter.java:75)
</pre></div></td>
<td>0</td>
<td>com.ibm.watson.health.iml.v1.unit.InsightsForMedicalLiteratureServiceTest@7348e75e</td></tr>
<tr>
<td title='com.ibm.watson.health.iml.v1.model.GetDocumentCategoriesOptionsTest.testGetDocumentCategoriesOptions()'><b>testGetDocumentCategoriesOptions</b><br>Test class: com.ibm.watson.health.iml.v1.model.GetDocumentCategoriesOptionsTest</td>
<td></td>
<td>0</td>
<td>com.ibm.watson.health.iml.v1.model.GetDocumentCategoriesOptionsTest@5c1687d1</td></tr>
<tr>
<td title='com.ibm.watson.health.iml.v1.model.GetDocumentCategoriesOptionsTest.testGetDocumentCategoriesOptionsError()'><b>testGetDocumentCategoriesOptionsError</b><br>Test class: com.ibm.watson.health.iml.v1.model.GetDocumentCategoriesOptionsTest</td>
<td><div><pre>java.lang.IllegalArgumentException: corpus cannot be empty
	at com.ibm.cloud.sdk.core.util.Validator.notEmpty(Validator.java:84)
	at com.ibm.watson.health.iml.v1.model.GetDocumentCategoriesOptions.&lt;init&gt;(GetDocumentCategoriesOptions.java:217)
	at com.ibm.watson.health.iml.v1.model.GetDocumentCategoriesOptions$Builder.build(GetDocumentCategoriesOptions.java:96)
	at com.ibm.watson.health.iml.v1.model.GetDocumentCategoriesOptionsTest.testGetDocumentCategoriesOptionsError(GetDocumentCategoriesOptionsTest.java:63)
	at java.util.ArrayList.forEach(ArrayList.java:1257)
... Removed 37 stack frames</pre></div><a href='#' onClick='toggleBox("stack-trace1839635477", this, "Click to show all stack frames", "Click to hide stack frames")'>Click to show all stack frames</a>
<div class='stack-trace' id='stack-trace1839635477'><pre>java.lang.IllegalArgumentException: corpus cannot be empty
	at com.ibm.cloud.sdk.core.util.Validator.notEmpty(Validator.java:84)
	at com.ibm.watson.health.iml.v1.model.GetDocumentCategoriesOptions.&lt;init&gt;(GetDocumentCategoriesOptions.java:217)
	at com.ibm.watson.health.iml.v1.model.GetDocumentCategoriesOptions$Builder.build(GetDocumentCategoriesOptions.java:96)
	at com.ibm.watson.health.iml.v1.model.GetDocumentCategoriesOptionsTest.testGetDocumentCategoriesOptionsError(GetDocumentCategoriesOptionsTest.java:63)
	at sun.reflect.NativeMethodAccessorImpl.invoke0(Native Method)
	at sun.reflect.NativeMethodAccessorImpl.invoke(NativeMethodAccessorImpl.java:62)
	at sun.reflect.DelegatingMethodAccessorImpl.invoke(DelegatingMethodAccessorImpl.java:43)
	at java.lang.reflect.Method.invoke(Method.java:498)
	at org.testng.internal.MethodInvocationHelper.invokeMethod(MethodInvocationHelper.java:134)
	at org.testng.internal.TestInvoker.invokeMethod(TestInvoker.java:597)
	at org.testng.internal.TestInvoker.invokeTestMethod(TestInvoker.java:173)
	at org.testng.internal.MethodRunner.runInSequence(MethodRunner.java:46)
	at org.testng.internal.TestInvoker$MethodInvocationAgent.invoke(TestInvoker.java:816)
	at org.testng.internal.TestInvoker.invokeTestMethods(TestInvoker.java:146)
	at org.testng.internal.TestMethodWorker.invokeTestMethods(TestMethodWorker.java:146)
	at org.testng.internal.TestMethodWorker.run(TestMethodWorker.java:128)
	at java.util.ArrayList.forEach(ArrayList.java:1257)
	at org.testng.TestRunner.privateRun(TestRunner.java:766)
	at org.testng.TestRunner.run(TestRunner.java:587)
	at org.testng.SuiteRunner.runTest(SuiteRunner.java:384)
	at org.testng.SuiteRunner.runSequentially(SuiteRunner.java:378)
	at org.testng.SuiteRunner.privateRun(SuiteRunner.java:337)
	at org.testng.SuiteRunner.run(SuiteRunner.java:286)
	at org.testng.SuiteRunnerWorker.runSuite(SuiteRunnerWorker.java:53)
	at org.testng.SuiteRunnerWorker.run(SuiteRunnerWorker.java:96)
	at org.testng.TestNG.runSuitesSequentially(TestNG.java:1187)
	at org.testng.TestNG.runSuitesLocally(TestNG.java:1109)
	at org.testng.TestNG.runSuites(TestNG.java:1039)
	at org.testng.TestNG.run(TestNG.java:1007)
	at org.apache.maven.surefire.testng.TestNGExecutor.run(TestNGExecutor.java:77)
	at org.apache.maven.surefire.testng.TestNGDirectoryTestSuite.executeMulti(TestNGDirectoryTestSuite.java:159)
	at org.apache.maven.surefire.testng.TestNGDirectoryTestSuite.execute(TestNGDirectoryTestSuite.java:99)
	at org.apache.maven.surefire.testng.TestNGProvider.invoke(TestNGProvider.java:106)
	at sun.reflect.NativeMethodAccessorImpl.invoke0(Native Method)
	at sun.reflect.NativeMethodAccessorImpl.invoke(NativeMethodAccessorImpl.java:62)
	at sun.reflect.DelegatingMethodAccessorImpl.invoke(DelegatingMethodAccessorImpl.java:43)
	at java.lang.reflect.Method.invoke(Method.java:498)
	at org.apache.maven.surefire.util.ReflectionUtils.invokeMethodWithArray(ReflectionUtils.java:189)
	at org.apache.maven.surefire.booter.ProviderFactory$ProviderProxy.invoke(ProviderFactory.java:165)
	at org.apache.maven.surefire.booter.ProviderFactory.invokeProvider(ProviderFactory.java:85)
	at org.apache.maven.surefire.booter.ForkedBooter.runSuitesInProcess(ForkedBooter.java:115)
	at org.apache.maven.surefire.booter.ForkedBooter.main(ForkedBooter.java:75)
</pre></div></td>
<td>0</td>
<td>com.ibm.watson.health.iml.v1.model.GetDocumentCategoriesOptionsTest@5c1687d1</td></tr>
<tr>
<td title='com.ibm.watson.health.iml.v1.unit.InsightsForMedicalLiteratureServiceTest.testGetDocumentCategoriesWOptions()'><b>testGetDocumentCategoriesWOptions</b><br>Test class: com.ibm.watson.health.iml.v1.unit.InsightsForMedicalLiteratureServiceTest</td>
<td></td>
<td>0</td>
<td>com.ibm.watson.health.iml.v1.unit.InsightsForMedicalLiteratureServiceTest@7348e75e</td></tr>
<tr>
<td title='com.ibm.watson.health.iml.v1.unit.InsightsForMedicalLiteratureServiceTest.testGetDocumentInfoNoOptions()'><b>testGetDocumentInfoNoOptions</b><br>Test class: com.ibm.watson.health.iml.v1.unit.InsightsForMedicalLiteratureServiceTest</td>
<td><div><pre>java.lang.IllegalArgumentException: getDocumentInfoOptions cannot be null
	at com.ibm.cloud.sdk.core.util.Validator.notNull(Validator.java:97)
	at com.ibm.watson.health.iml.v1.InsightsForMedicalLiteratureService.getDocumentInfo(InsightsForMedicalLiteratureService.java:297)
	at com.ibm.watson.health.iml.v1.unit.InsightsForMedicalLiteratureServiceTest.testGetDocumentInfoNoOptions(InsightsForMedicalLiteratureServiceTest.java:308)
	at java.util.ArrayList.forEach(ArrayList.java:1257)
... Removed 37 stack frames</pre></div><a href='#' onClick='toggleBox("stack-trace1160267884", this, "Click to show all stack frames", "Click to hide stack frames")'>Click to show all stack frames</a>
<div class='stack-trace' id='stack-trace1160267884'><pre>java.lang.IllegalArgumentException: getDocumentInfoOptions cannot be null
	at com.ibm.cloud.sdk.core.util.Validator.notNull(Validator.java:97)
	at com.ibm.watson.health.iml.v1.InsightsForMedicalLiteratureService.getDocumentInfo(InsightsForMedicalLiteratureService.java:297)
	at com.ibm.watson.health.iml.v1.unit.InsightsForMedicalLiteratureServiceTest.testGetDocumentInfoNoOptions(InsightsForMedicalLiteratureServiceTest.java:308)
	at sun.reflect.NativeMethodAccessorImpl.invoke0(Native Method)
	at sun.reflect.NativeMethodAccessorImpl.invoke(NativeMethodAccessorImpl.java:62)
	at sun.reflect.DelegatingMethodAccessorImpl.invoke(DelegatingMethodAccessorImpl.java:43)
	at java.lang.reflect.Method.invoke(Method.java:498)
	at org.testng.internal.MethodInvocationHelper.invokeMethod(MethodInvocationHelper.java:134)
	at org.testng.internal.TestInvoker.invokeMethod(TestInvoker.java:597)
	at org.testng.internal.TestInvoker.invokeTestMethod(TestInvoker.java:173)
	at org.testng.internal.MethodRunner.runInSequence(MethodRunner.java:46)
	at org.testng.internal.TestInvoker$MethodInvocationAgent.invoke(TestInvoker.java:816)
	at org.testng.internal.TestInvoker.invokeTestMethods(TestInvoker.java:146)
	at org.testng.internal.TestMethodWorker.invokeTestMethods(TestMethodWorker.java:146)
	at org.testng.internal.TestMethodWorker.run(TestMethodWorker.java:128)
	at java.util.ArrayList.forEach(ArrayList.java:1257)
	at org.testng.TestRunner.privateRun(TestRunner.java:766)
	at org.testng.TestRunner.run(TestRunner.java:587)
	at org.testng.SuiteRunner.runTest(SuiteRunner.java:384)
	at org.testng.SuiteRunner.runSequentially(SuiteRunner.java:378)
	at org.testng.SuiteRunner.privateRun(SuiteRunner.java:337)
	at org.testng.SuiteRunner.run(SuiteRunner.java:286)
	at org.testng.SuiteRunnerWorker.runSuite(SuiteRunnerWorker.java:53)
	at org.testng.SuiteRunnerWorker.run(SuiteRunnerWorker.java:96)
	at org.testng.TestNG.runSuitesSequentially(TestNG.java:1187)
	at org.testng.TestNG.runSuitesLocally(TestNG.java:1109)
	at org.testng.TestNG.runSuites(TestNG.java:1039)
	at org.testng.TestNG.run(TestNG.java:1007)
	at org.apache.maven.surefire.testng.TestNGExecutor.run(TestNGExecutor.java:77)
	at org.apache.maven.surefire.testng.TestNGDirectoryTestSuite.executeMulti(TestNGDirectoryTestSuite.java:159)
	at org.apache.maven.surefire.testng.TestNGDirectoryTestSuite.execute(TestNGDirectoryTestSuite.java:99)
	at org.apache.maven.surefire.testng.TestNGProvider.invoke(TestNGProvider.java:106)
	at sun.reflect.NativeMethodAccessorImpl.invoke0(Native Method)
	at sun.reflect.NativeMethodAccessorImpl.invoke(NativeMethodAccessorImpl.java:62)
	at sun.reflect.DelegatingMethodAccessorImpl.invoke(DelegatingMethodAccessorImpl.java:43)
	at java.lang.reflect.Method.invoke(Method.java:498)
	at org.apache.maven.surefire.util.ReflectionUtils.invokeMethodWithArray(ReflectionUtils.java:189)
	at org.apache.maven.surefire.booter.ProviderFactory$ProviderProxy.invoke(ProviderFactory.java:165)
	at org.apache.maven.surefire.booter.ProviderFactory.invokeProvider(ProviderFactory.java:85)
	at org.apache.maven.surefire.booter.ForkedBooter.runSuitesInProcess(ForkedBooter.java:115)
	at org.apache.maven.surefire.booter.ForkedBooter.main(ForkedBooter.java:75)
</pre></div></td>
<td>0</td>
<td>com.ibm.watson.health.iml.v1.unit.InsightsForMedicalLiteratureServiceTest@7348e75e</td></tr>
<tr>
<td title='com.ibm.watson.health.iml.v1.model.GetDocumentInfoOptionsTest.testGetDocumentInfoOptions()'><b>testGetDocumentInfoOptions</b><br>Test class: com.ibm.watson.health.iml.v1.model.GetDocumentInfoOptionsTest</td>
<td></td>
<td>0</td>
<td>com.ibm.watson.health.iml.v1.model.GetDocumentInfoOptionsTest@73fe7483</td></tr>
<tr>
<td title='com.ibm.watson.health.iml.v1.model.GetDocumentInfoOptionsTest.testGetDocumentInfoOptionsError()'><b>testGetDocumentInfoOptionsError</b><br>Test class: com.ibm.watson.health.iml.v1.model.GetDocumentInfoOptionsTest</td>
<td><div><pre>java.lang.IllegalArgumentException: corpus cannot be empty
	at com.ibm.cloud.sdk.core.util.Validator.notEmpty(Validator.java:84)
	at com.ibm.watson.health.iml.v1.model.GetDocumentInfoOptions.&lt;init&gt;(GetDocumentInfoOptions.java:101)
	at com.ibm.watson.health.iml.v1.model.GetDocumentInfoOptions$Builder.build(GetDocumentInfoOptions.java:63)
	at com.ibm.watson.health.iml.v1.model.GetDocumentInfoOptionsTest.testGetDocumentInfoOptionsError(GetDocumentInfoOptionsTest.java:49)
	at java.util.ArrayList.forEach(ArrayList.java:1257)
... Removed 37 stack frames</pre></div><a href='#' onClick='toggleBox("stack-trace1789333339", this, "Click to show all stack frames", "Click to hide stack frames")'>Click to show all stack frames</a>
<div class='stack-trace' id='stack-trace1789333339'><pre>java.lang.IllegalArgumentException: corpus cannot be empty
	at com.ibm.cloud.sdk.core.util.Validator.notEmpty(Validator.java:84)
	at com.ibm.watson.health.iml.v1.model.GetDocumentInfoOptions.&lt;init&gt;(GetDocumentInfoOptions.java:101)
	at com.ibm.watson.health.iml.v1.model.GetDocumentInfoOptions$Builder.build(GetDocumentInfoOptions.java:63)
	at com.ibm.watson.health.iml.v1.model.GetDocumentInfoOptionsTest.testGetDocumentInfoOptionsError(GetDocumentInfoOptionsTest.java:49)
	at sun.reflect.NativeMethodAccessorImpl.invoke0(Native Method)
	at sun.reflect.NativeMethodAccessorImpl.invoke(NativeMethodAccessorImpl.java:62)
	at sun.reflect.DelegatingMethodAccessorImpl.invoke(DelegatingMethodAccessorImpl.java:43)
	at java.lang.reflect.Method.invoke(Method.java:498)
	at org.testng.internal.MethodInvocationHelper.invokeMethod(MethodInvocationHelper.java:134)
	at org.testng.internal.TestInvoker.invokeMethod(TestInvoker.java:597)
	at org.testng.internal.TestInvoker.invokeTestMethod(TestInvoker.java:173)
	at org.testng.internal.MethodRunner.runInSequence(MethodRunner.java:46)
	at org.testng.internal.TestInvoker$MethodInvocationAgent.invoke(TestInvoker.java:816)
	at org.testng.internal.TestInvoker.invokeTestMethods(TestInvoker.java:146)
	at org.testng.internal.TestMethodWorker.invokeTestMethods(TestMethodWorker.java:146)
	at org.testng.internal.TestMethodWorker.run(TestMethodWorker.java:128)
	at java.util.ArrayList.forEach(ArrayList.java:1257)
	at org.testng.TestRunner.privateRun(TestRunner.java:766)
	at org.testng.TestRunner.run(TestRunner.java:587)
	at org.testng.SuiteRunner.runTest(SuiteRunner.java:384)
	at org.testng.SuiteRunner.runSequentially(SuiteRunner.java:378)
	at org.testng.SuiteRunner.privateRun(SuiteRunner.java:337)
	at org.testng.SuiteRunner.run(SuiteRunner.java:286)
	at org.testng.SuiteRunnerWorker.runSuite(SuiteRunnerWorker.java:53)
	at org.testng.SuiteRunnerWorker.run(SuiteRunnerWorker.java:96)
	at org.testng.TestNG.runSuitesSequentially(TestNG.java:1187)
	at org.testng.TestNG.runSuitesLocally(TestNG.java:1109)
	at org.testng.TestNG.runSuites(TestNG.java:1039)
	at org.testng.TestNG.run(TestNG.java:1007)
	at org.apache.maven.surefire.testng.TestNGExecutor.run(TestNGExecutor.java:77)
	at org.apache.maven.surefire.testng.TestNGDirectoryTestSuite.executeMulti(TestNGDirectoryTestSuite.java:159)
	at org.apache.maven.surefire.testng.TestNGDirectoryTestSuite.execute(TestNGDirectoryTestSuite.java:99)
	at org.apache.maven.surefire.testng.TestNGProvider.invoke(TestNGProvider.java:106)
	at sun.reflect.NativeMethodAccessorImpl.invoke0(Native Method)
	at sun.reflect.NativeMethodAccessorImpl.invoke(NativeMethodAccessorImpl.java:62)
	at sun.reflect.DelegatingMethodAccessorImpl.invoke(DelegatingMethodAccessorImpl.java:43)
	at java.lang.reflect.Method.invoke(Method.java:498)
	at org.apache.maven.surefire.util.ReflectionUtils.invokeMethodWithArray(ReflectionUtils.java:189)
	at org.apache.maven.surefire.booter.ProviderFactory$ProviderProxy.invoke(ProviderFactory.java:165)
	at org.apache.maven.surefire.booter.ProviderFactory.invokeProvider(ProviderFactory.java:85)
	at org.apache.maven.surefire.booter.ForkedBooter.runSuitesInProcess(ForkedBooter.java:115)
	at org.apache.maven.surefire.booter.ForkedBooter.main(ForkedBooter.java:75)
</pre></div></td>
<td>0</td>
<td>com.ibm.watson.health.iml.v1.model.GetDocumentInfoOptionsTest@73fe7483</td></tr>
<tr>
<td title='com.ibm.watson.health.iml.v1.model.GetDocumentInfoResponseTest.testGetDocumentInfoResponse()'><b>testGetDocumentInfoResponse</b><br>Test class: com.ibm.watson.health.iml.v1.model.GetDocumentInfoResponseTest</td>
<td></td>
<td>0</td>
<td>com.ibm.watson.health.iml.v1.model.GetDocumentInfoResponseTest@57a0c261</td></tr>
<tr>
<td title='com.ibm.watson.health.iml.v1.unit.InsightsForMedicalLiteratureServiceTest.testGetDocumentInfoWOptions()'><b>testGetDocumentInfoWOptions</b><br>Test class: com.ibm.watson.health.iml.v1.unit.InsightsForMedicalLiteratureServiceTest</td>
<td></td>
<td>0</td>
<td>com.ibm.watson.health.iml.v1.unit.InsightsForMedicalLiteratureServiceTest@7348e75e</td></tr>
<tr>
<td title='com.ibm.watson.health.iml.v1.unit.InsightsForMedicalLiteratureServiceTest.testGetDocumentMultipleCategoriesNoOptions()'><b>testGetDocumentMultipleCategoriesNoOptions</b><br>Test class: com.ibm.watson.health.iml.v1.unit.InsightsForMedicalLiteratureServiceTest</td>
<td><div><pre>java.lang.IllegalArgumentException: getDocumentMultipleCategoriesOptions cannot be null
	at com.ibm.cloud.sdk.core.util.Validator.notNull(Validator.java:97)
	at com.ibm.watson.health.iml.v1.InsightsForMedicalLiteratureService.getDocumentMultipleCategories(InsightsForMedicalLiteratureService.java:429)
	at com.ibm.watson.health.iml.v1.unit.InsightsForMedicalLiteratureServiceTest.testGetDocumentMultipleCategoriesNoOptions(InsightsForMedicalLiteratureServiceTest.java:520)
	at java.util.ArrayList.forEach(ArrayList.java:1257)
... Removed 37 stack frames</pre></div><a href='#' onClick='toggleBox("stack-trace1194828496", this, "Click to show all stack frames", "Click to hide stack frames")'>Click to show all stack frames</a>
<div class='stack-trace' id='stack-trace1194828496'><pre>java.lang.IllegalArgumentException: getDocumentMultipleCategoriesOptions cannot be null
	at com.ibm.cloud.sdk.core.util.Validator.notNull(Validator.java:97)
	at com.ibm.watson.health.iml.v1.InsightsForMedicalLiteratureService.getDocumentMultipleCategories(InsightsForMedicalLiteratureService.java:429)
	at com.ibm.watson.health.iml.v1.unit.InsightsForMedicalLiteratureServiceTest.testGetDocumentMultipleCategoriesNoOptions(InsightsForMedicalLiteratureServiceTest.java:520)
	at sun.reflect.NativeMethodAccessorImpl.invoke0(Native Method)
	at sun.reflect.NativeMethodAccessorImpl.invoke(NativeMethodAccessorImpl.java:62)
	at sun.reflect.DelegatingMethodAccessorImpl.invoke(DelegatingMethodAccessorImpl.java:43)
	at java.lang.reflect.Method.invoke(Method.java:498)
	at org.testng.internal.MethodInvocationHelper.invokeMethod(MethodInvocationHelper.java:134)
	at org.testng.internal.TestInvoker.invokeMethod(TestInvoker.java:597)
	at org.testng.internal.TestInvoker.invokeTestMethod(TestInvoker.java:173)
	at org.testng.internal.MethodRunner.runInSequence(MethodRunner.java:46)
	at org.testng.internal.TestInvoker$MethodInvocationAgent.invoke(TestInvoker.java:816)
	at org.testng.internal.TestInvoker.invokeTestMethods(TestInvoker.java:146)
	at org.testng.internal.TestMethodWorker.invokeTestMethods(TestMethodWorker.java:146)
	at org.testng.internal.TestMethodWorker.run(TestMethodWorker.java:128)
	at java.util.ArrayList.forEach(ArrayList.java:1257)
	at org.testng.TestRunner.privateRun(TestRunner.java:766)
	at org.testng.TestRunner.run(TestRunner.java:587)
	at org.testng.SuiteRunner.runTest(SuiteRunner.java:384)
	at org.testng.SuiteRunner.runSequentially(SuiteRunner.java:378)
	at org.testng.SuiteRunner.privateRun(SuiteRunner.java:337)
	at org.testng.SuiteRunner.run(SuiteRunner.java:286)
	at org.testng.SuiteRunnerWorker.runSuite(SuiteRunnerWorker.java:53)
	at org.testng.SuiteRunnerWorker.run(SuiteRunnerWorker.java:96)
	at org.testng.TestNG.runSuitesSequentially(TestNG.java:1187)
	at org.testng.TestNG.runSuitesLocally(TestNG.java:1109)
	at org.testng.TestNG.runSuites(TestNG.java:1039)
	at org.testng.TestNG.run(TestNG.java:1007)
	at org.apache.maven.surefire.testng.TestNGExecutor.run(TestNGExecutor.java:77)
	at org.apache.maven.surefire.testng.TestNGDirectoryTestSuite.executeMulti(TestNGDirectoryTestSuite.java:159)
	at org.apache.maven.surefire.testng.TestNGDirectoryTestSuite.execute(TestNGDirectoryTestSuite.java:99)
	at org.apache.maven.surefire.testng.TestNGProvider.invoke(TestNGProvider.java:106)
	at sun.reflect.NativeMethodAccessorImpl.invoke0(Native Method)
	at sun.reflect.NativeMethodAccessorImpl.invoke(NativeMethodAccessorImpl.java:62)
	at sun.reflect.DelegatingMethodAccessorImpl.invoke(DelegatingMethodAccessorImpl.java:43)
	at java.lang.reflect.Method.invoke(Method.java:498)
	at org.apache.maven.surefire.util.ReflectionUtils.invokeMethodWithArray(ReflectionUtils.java:189)
	at org.apache.maven.surefire.booter.ProviderFactory$ProviderProxy.invoke(ProviderFactory.java:165)
	at org.apache.maven.surefire.booter.ProviderFactory.invokeProvider(ProviderFactory.java:85)
	at org.apache.maven.surefire.booter.ForkedBooter.runSuitesInProcess(ForkedBooter.java:115)
	at org.apache.maven.surefire.booter.ForkedBooter.main(ForkedBooter.java:75)
</pre></div></td>
<td>0</td>
<td>com.ibm.watson.health.iml.v1.unit.InsightsForMedicalLiteratureServiceTest@7348e75e</td></tr>
<tr>
<td title='com.ibm.watson.health.iml.v1.model.GetDocumentMultipleCategoriesOptionsTest.testGetDocumentMultipleCategoriesOptions()'><b>testGetDocumentMultipleCategoriesOptions</b><br>Test class: com.ibm.watson.health.iml.v1.model.GetDocumentMultipleCategoriesOptionsTest</td>
<td></td>
<td>0</td>
<td>com.ibm.watson.health.iml.v1.model.GetDocumentMultipleCategoriesOptionsTest@4468c0ea</td></tr>
<tr>
<td title='com.ibm.watson.health.iml.v1.model.GetDocumentMultipleCategoriesOptionsTest.testGetDocumentMultipleCategoriesOptionsError()'><b>testGetDocumentMultipleCategoriesOptionsError</b><br>Test class: com.ibm.watson.health.iml.v1.model.GetDocumentMultipleCategoriesOptionsTest</td>
<td><div><pre>java.lang.IllegalArgumentException: corpus cannot be empty
	at com.ibm.cloud.sdk.core.util.Validator.notEmpty(Validator.java:84)
	at com.ibm.watson.health.iml.v1.model.GetDocumentMultipleCategoriesOptions.&lt;init&gt;(GetDocumentMultipleCategoriesOptions.java:160)
	at com.ibm.watson.health.iml.v1.model.GetDocumentMultipleCategoriesOptions$Builder.build(GetDocumentMultipleCategoriesOptions.java:77)
	at com.ibm.watson.health.iml.v1.model.GetDocumentMultipleCategoriesOptionsTest.testGetDocumentMultipleCategoriesOptionsError(GetDocumentMultipleCategoriesOptionsTest.java:122)
	at java.util.ArrayList.forEach(ArrayList.java:1257)
... Removed 37 stack frames</pre></div><a href='#' onClick='toggleBox("stack-trace515036952", this, "Click to show all stack frames", "Click to hide stack frames")'>Click to show all stack frames</a>
<div class='stack-trace' id='stack-trace515036952'><pre>java.lang.IllegalArgumentException: corpus cannot be empty
	at com.ibm.cloud.sdk.core.util.Validator.notEmpty(Validator.java:84)
	at com.ibm.watson.health.iml.v1.model.GetDocumentMultipleCategoriesOptions.&lt;init&gt;(GetDocumentMultipleCategoriesOptions.java:160)
	at com.ibm.watson.health.iml.v1.model.GetDocumentMultipleCategoriesOptions$Builder.build(GetDocumentMultipleCategoriesOptions.java:77)
	at com.ibm.watson.health.iml.v1.model.GetDocumentMultipleCategoriesOptionsTest.testGetDocumentMultipleCategoriesOptionsError(GetDocumentMultipleCategoriesOptionsTest.java:122)
	at sun.reflect.NativeMethodAccessorImpl.invoke0(Native Method)
	at sun.reflect.NativeMethodAccessorImpl.invoke(NativeMethodAccessorImpl.java:62)
	at sun.reflect.DelegatingMethodAccessorImpl.invoke(DelegatingMethodAccessorImpl.java:43)
	at java.lang.reflect.Method.invoke(Method.java:498)
	at org.testng.internal.MethodInvocationHelper.invokeMethod(MethodInvocationHelper.java:134)
	at org.testng.internal.TestInvoker.invokeMethod(TestInvoker.java:597)
	at org.testng.internal.TestInvoker.invokeTestMethod(TestInvoker.java:173)
	at org.testng.internal.MethodRunner.runInSequence(MethodRunner.java:46)
	at org.testng.internal.TestInvoker$MethodInvocationAgent.invoke(TestInvoker.java:816)
	at org.testng.internal.TestInvoker.invokeTestMethods(TestInvoker.java:146)
	at org.testng.internal.TestMethodWorker.invokeTestMethods(TestMethodWorker.java:146)
	at org.testng.internal.TestMethodWorker.run(TestMethodWorker.java:128)
	at java.util.ArrayList.forEach(ArrayList.java:1257)
	at org.testng.TestRunner.privateRun(TestRunner.java:766)
	at org.testng.TestRunner.run(TestRunner.java:587)
	at org.testng.SuiteRunner.runTest(SuiteRunner.java:384)
	at org.testng.SuiteRunner.runSequentially(SuiteRunner.java:378)
	at org.testng.SuiteRunner.privateRun(SuiteRunner.java:337)
	at org.testng.SuiteRunner.run(SuiteRunner.java:286)
	at org.testng.SuiteRunnerWorker.runSuite(SuiteRunnerWorker.java:53)
	at org.testng.SuiteRunnerWorker.run(SuiteRunnerWorker.java:96)
	at org.testng.TestNG.runSuitesSequentially(TestNG.java:1187)
	at org.testng.TestNG.runSuitesLocally(TestNG.java:1109)
	at org.testng.TestNG.runSuites(TestNG.java:1039)
	at org.testng.TestNG.run(TestNG.java:1007)
	at org.apache.maven.surefire.testng.TestNGExecutor.run(TestNGExecutor.java:77)
	at org.apache.maven.surefire.testng.TestNGDirectoryTestSuite.executeMulti(TestNGDirectoryTestSuite.java:159)
	at org.apache.maven.surefire.testng.TestNGDirectoryTestSuite.execute(TestNGDirectoryTestSuite.java:99)
	at org.apache.maven.surefire.testng.TestNGProvider.invoke(TestNGProvider.java:106)
	at sun.reflect.NativeMethodAccessorImpl.invoke0(Native Method)
	at sun.reflect.NativeMethodAccessorImpl.invoke(NativeMethodAccessorImpl.java:62)
	at sun.reflect.DelegatingMethodAccessorImpl.invoke(DelegatingMethodAccessorImpl.java:43)
	at java.lang.reflect.Method.invoke(Method.java:498)
	at org.apache.maven.surefire.util.ReflectionUtils.invokeMethodWithArray(ReflectionUtils.java:189)
	at org.apache.maven.surefire.booter.ProviderFactory$ProviderProxy.invoke(ProviderFactory.java:165)
	at org.apache.maven.surefire.booter.ProviderFactory.invokeProvider(ProviderFactory.java:85)
	at org.apache.maven.surefire.booter.ForkedBooter.runSuitesInProcess(ForkedBooter.java:115)
	at org.apache.maven.surefire.booter.ForkedBooter.main(ForkedBooter.java:75)
</pre></div></td>
<td>0</td>
<td>com.ibm.watson.health.iml.v1.model.GetDocumentMultipleCategoriesOptionsTest@4468c0ea</td></tr>
<tr>
<td title='com.ibm.watson.health.iml.v1.unit.InsightsForMedicalLiteratureServiceTest.testGetDocumentMultipleCategoriesWOptions()'><b>testGetDocumentMultipleCategoriesWOptions</b><br>Test class: com.ibm.watson.health.iml.v1.unit.InsightsForMedicalLiteratureServiceTest</td>
<td></td>
<td>0</td>
<td>com.ibm.watson.health.iml.v1.unit.InsightsForMedicalLiteratureServiceTest@7348e75e</td></tr>
<tr>
<td title='com.ibm.watson.health.iml.v1.unit.InsightsForMedicalLiteratureServiceTest.testGetDocumentsNoOptions()'><b>testGetDocumentsNoOptions</b><br>Test class: com.ibm.watson.health.iml.v1.unit.InsightsForMedicalLiteratureServiceTest</td>
<td><div><pre>java.lang.IllegalArgumentException: getDocumentsOptions cannot be null
	at com.ibm.cloud.sdk.core.util.Validator.notNull(Validator.java:97)
	at com.ibm.watson.health.iml.v1.InsightsForMedicalLiteratureService.getDocuments(InsightsForMedicalLiteratureService.java:215)
	at com.ibm.watson.health.iml.v1.unit.InsightsForMedicalLiteratureServiceTest.testGetDocumentsNoOptions(InsightsForMedicalLiteratureServiceTest.java:196)
	at java.util.ArrayList.forEach(ArrayList.java:1257)
... Removed 37 stack frames</pre></div><a href='#' onClick='toggleBox("stack-trace1764214682", this, "Click to show all stack frames", "Click to hide stack frames")'>Click to show all stack frames</a>
<div class='stack-trace' id='stack-trace1764214682'><pre>java.lang.IllegalArgumentException: getDocumentsOptions cannot be null
	at com.ibm.cloud.sdk.core.util.Validator.notNull(Validator.java:97)
	at com.ibm.watson.health.iml.v1.InsightsForMedicalLiteratureService.getDocuments(InsightsForMedicalLiteratureService.java:215)
	at com.ibm.watson.health.iml.v1.unit.InsightsForMedicalLiteratureServiceTest.testGetDocumentsNoOptions(InsightsForMedicalLiteratureServiceTest.java:196)
	at sun.reflect.NativeMethodAccessorImpl.invoke0(Native Method)
	at sun.reflect.NativeMethodAccessorImpl.invoke(NativeMethodAccessorImpl.java:62)
	at sun.reflect.DelegatingMethodAccessorImpl.invoke(DelegatingMethodAccessorImpl.java:43)
	at java.lang.reflect.Method.invoke(Method.java:498)
	at org.testng.internal.MethodInvocationHelper.invokeMethod(MethodInvocationHelper.java:134)
	at org.testng.internal.TestInvoker.invokeMethod(TestInvoker.java:597)
	at org.testng.internal.TestInvoker.invokeTestMethod(TestInvoker.java:173)
	at org.testng.internal.MethodRunner.runInSequence(MethodRunner.java:46)
	at org.testng.internal.TestInvoker$MethodInvocationAgent.invoke(TestInvoker.java:816)
	at org.testng.internal.TestInvoker.invokeTestMethods(TestInvoker.java:146)
	at org.testng.internal.TestMethodWorker.invokeTestMethods(TestMethodWorker.java:146)
	at org.testng.internal.TestMethodWorker.run(TestMethodWorker.java:128)
	at java.util.ArrayList.forEach(ArrayList.java:1257)
	at org.testng.TestRunner.privateRun(TestRunner.java:766)
	at org.testng.TestRunner.run(TestRunner.java:587)
	at org.testng.SuiteRunner.runTest(SuiteRunner.java:384)
	at org.testng.SuiteRunner.runSequentially(SuiteRunner.java:378)
	at org.testng.SuiteRunner.privateRun(SuiteRunner.java:337)
	at org.testng.SuiteRunner.run(SuiteRunner.java:286)
	at org.testng.SuiteRunnerWorker.runSuite(SuiteRunnerWorker.java:53)
	at org.testng.SuiteRunnerWorker.run(SuiteRunnerWorker.java:96)
	at org.testng.TestNG.runSuitesSequentially(TestNG.java:1187)
	at org.testng.TestNG.runSuitesLocally(TestNG.java:1109)
	at org.testng.TestNG.runSuites(TestNG.java:1039)
	at org.testng.TestNG.run(TestNG.java:1007)
	at org.apache.maven.surefire.testng.TestNGExecutor.run(TestNGExecutor.java:77)
	at org.apache.maven.surefire.testng.TestNGDirectoryTestSuite.executeMulti(TestNGDirectoryTestSuite.java:159)
	at org.apache.maven.surefire.testng.TestNGDirectoryTestSuite.execute(TestNGDirectoryTestSuite.java:99)
	at org.apache.maven.surefire.testng.TestNGProvider.invoke(TestNGProvider.java:106)
	at sun.reflect.NativeMethodAccessorImpl.invoke0(Native Method)
	at sun.reflect.NativeMethodAccessorImpl.invoke(NativeMethodAccessorImpl.java:62)
	at sun.reflect.DelegatingMethodAccessorImpl.invoke(DelegatingMethodAccessorImpl.java:43)
	at java.lang.reflect.Method.invoke(Method.java:498)
	at org.apache.maven.surefire.util.ReflectionUtils.invokeMethodWithArray(ReflectionUtils.java:189)
	at org.apache.maven.surefire.booter.ProviderFactory$ProviderProxy.invoke(ProviderFactory.java:165)
	at org.apache.maven.surefire.booter.ProviderFactory.invokeProvider(ProviderFactory.java:85)
	at org.apache.maven.surefire.booter.ForkedBooter.runSuitesInProcess(ForkedBooter.java:115)
	at org.apache.maven.surefire.booter.ForkedBooter.main(ForkedBooter.java:75)
</pre></div></td>
<td>0</td>
<td>com.ibm.watson.health.iml.v1.unit.InsightsForMedicalLiteratureServiceTest@7348e75e</td></tr>
<tr>
<td title='com.ibm.watson.health.iml.v1.model.GetDocumentsOptionsTest.testGetDocumentsOptions()'><b>testGetDocumentsOptions</b><br>Test class: com.ibm.watson.health.iml.v1.model.GetDocumentsOptionsTest</td>
<td></td>
<td>0</td>
<td>com.ibm.watson.health.iml.v1.model.GetDocumentsOptionsTest@70cac22a</td></tr>
<tr>
<td title='com.ibm.watson.health.iml.v1.model.GetDocumentsOptionsTest.testGetDocumentsOptionsError()'><b>testGetDocumentsOptionsError</b><br>Test class: com.ibm.watson.health.iml.v1.model.GetDocumentsOptionsTest</td>
<td><div><pre>java.lang.IllegalArgumentException: corpus cannot be empty
	at com.ibm.cloud.sdk.core.util.Validator.notEmpty(Validator.java:84)
	at com.ibm.watson.health.iml.v1.model.GetDocumentsOptions.&lt;init&gt;(GetDocumentsOptions.java:71)
	at com.ibm.watson.health.iml.v1.model.GetDocumentsOptions$Builder.build(GetDocumentsOptions.java:55)
	at com.ibm.watson.health.iml.v1.model.GetDocumentsOptionsTest.testGetDocumentsOptionsError(GetDocumentsOptionsTest.java:45)
	at java.util.ArrayList.forEach(ArrayList.java:1257)
... Removed 37 stack frames</pre></div><a href='#' onClick='toggleBox("stack-trace1827142412", this, "Click to show all stack frames", "Click to hide stack frames")'>Click to show all stack frames</a>
<div class='stack-trace' id='stack-trace1827142412'><pre>java.lang.IllegalArgumentException: corpus cannot be empty
	at com.ibm.cloud.sdk.core.util.Validator.notEmpty(Validator.java:84)
	at com.ibm.watson.health.iml.v1.model.GetDocumentsOptions.&lt;init&gt;(GetDocumentsOptions.java:71)
	at com.ibm.watson.health.iml.v1.model.GetDocumentsOptions$Builder.build(GetDocumentsOptions.java:55)
	at com.ibm.watson.health.iml.v1.model.GetDocumentsOptionsTest.testGetDocumentsOptionsError(GetDocumentsOptionsTest.java:45)
	at sun.reflect.NativeMethodAccessorImpl.invoke0(Native Method)
	at sun.reflect.NativeMethodAccessorImpl.invoke(NativeMethodAccessorImpl.java:62)
	at sun.reflect.DelegatingMethodAccessorImpl.invoke(DelegatingMethodAccessorImpl.java:43)
	at java.lang.reflect.Method.invoke(Method.java:498)
	at org.testng.internal.MethodInvocationHelper.invokeMethod(MethodInvocationHelper.java:134)
	at org.testng.internal.TestInvoker.invokeMethod(TestInvoker.java:597)
	at org.testng.internal.TestInvoker.invokeTestMethod(TestInvoker.java:173)
	at org.testng.internal.MethodRunner.runInSequence(MethodRunner.java:46)
	at org.testng.internal.TestInvoker$MethodInvocationAgent.invoke(TestInvoker.java:816)
	at org.testng.internal.TestInvoker.invokeTestMethods(TestInvoker.java:146)
	at org.testng.internal.TestMethodWorker.invokeTestMethods(TestMethodWorker.java:146)
	at org.testng.internal.TestMethodWorker.run(TestMethodWorker.java:128)
	at java.util.ArrayList.forEach(ArrayList.java:1257)
	at org.testng.TestRunner.privateRun(TestRunner.java:766)
	at org.testng.TestRunner.run(TestRunner.java:587)
	at org.testng.SuiteRunner.runTest(SuiteRunner.java:384)
	at org.testng.SuiteRunner.runSequentially(SuiteRunner.java:378)
	at org.testng.SuiteRunner.privateRun(SuiteRunner.java:337)
	at org.testng.SuiteRunner.run(SuiteRunner.java:286)
	at org.testng.SuiteRunnerWorker.runSuite(SuiteRunnerWorker.java:53)
	at org.testng.SuiteRunnerWorker.run(SuiteRunnerWorker.java:96)
	at org.testng.TestNG.runSuitesSequentially(TestNG.java:1187)
	at org.testng.TestNG.runSuitesLocally(TestNG.java:1109)
	at org.testng.TestNG.runSuites(TestNG.java:1039)
	at org.testng.TestNG.run(TestNG.java:1007)
	at org.apache.maven.surefire.testng.TestNGExecutor.run(TestNGExecutor.java:77)
	at org.apache.maven.surefire.testng.TestNGDirectoryTestSuite.executeMulti(TestNGDirectoryTestSuite.java:159)
	at org.apache.maven.surefire.testng.TestNGDirectoryTestSuite.execute(TestNGDirectoryTestSuite.java:99)
	at org.apache.maven.surefire.testng.TestNGProvider.invoke(TestNGProvider.java:106)
	at sun.reflect.NativeMethodAccessorImpl.invoke0(Native Method)
	at sun.reflect.NativeMethodAccessorImpl.invoke(NativeMethodAccessorImpl.java:62)
	at sun.reflect.DelegatingMethodAccessorImpl.invoke(DelegatingMethodAccessorImpl.java:43)
	at java.lang.reflect.Method.invoke(Method.java:498)
	at org.apache.maven.surefire.util.ReflectionUtils.invokeMethodWithArray(ReflectionUtils.java:189)
	at org.apache.maven.surefire.booter.ProviderFactory$ProviderProxy.invoke(ProviderFactory.java:165)
	at org.apache.maven.surefire.booter.ProviderFactory.invokeProvider(ProviderFactory.java:85)
	at org.apache.maven.surefire.booter.ForkedBooter.runSuitesInProcess(ForkedBooter.java:115)
	at org.apache.maven.surefire.booter.ForkedBooter.main(ForkedBooter.java:75)
</pre></div></td>
<td>0</td>
<td>com.ibm.watson.health.iml.v1.model.GetDocumentsOptionsTest@70cac22a</td></tr>
<tr>
<td title='com.ibm.watson.health.iml.v1.unit.InsightsForMedicalLiteratureServiceTest.testGetDocumentsWOptions()'><b>testGetDocumentsWOptions</b><br>Test class: com.ibm.watson.health.iml.v1.unit.InsightsForMedicalLiteratureServiceTest</td>
<td></td>
<td>0</td>
<td>com.ibm.watson.health.iml.v1.unit.InsightsForMedicalLiteratureServiceTest@7348e75e</td></tr>
<tr>
<td title='com.ibm.watson.health.iml.v1.unit.InsightsForMedicalLiteratureServiceTest.testGetFieldsNoOptions()'><b>testGetFieldsNoOptions</b><br>Test class: com.ibm.watson.health.iml.v1.unit.InsightsForMedicalLiteratureServiceTest</td>
<td><div><pre>java.lang.IllegalArgumentException: getFieldsOptions cannot be null
	at com.ibm.cloud.sdk.core.util.Validator.notNull(Validator.java:97)
	at com.ibm.watson.health.iml.v1.InsightsForMedicalLiteratureService.getFields(InsightsForMedicalLiteratureService.java:992)
	at com.ibm.watson.health.iml.v1.unit.InsightsForMedicalLiteratureServiceTest.testGetFieldsNoOptions(InsightsForMedicalLiteratureServiceTest.java:1152)
	at java.util.ArrayList.forEach(ArrayList.java:1257)
... Removed 37 stack frames</pre></div><a href='#' onClick='toggleBox("stack-trace2069097025", this, "Click to show all stack frames", "Click to hide stack frames")'>Click to show all stack frames</a>
<div class='stack-trace' id='stack-trace2069097025'><pre>java.lang.IllegalArgumentException: getFieldsOptions cannot be null
	at com.ibm.cloud.sdk.core.util.Validator.notNull(Validator.java:97)
	at com.ibm.watson.health.iml.v1.InsightsForMedicalLiteratureService.getFields(InsightsForMedicalLiteratureService.java:992)
	at com.ibm.watson.health.iml.v1.unit.InsightsForMedicalLiteratureServiceTest.testGetFieldsNoOptions(InsightsForMedicalLiteratureServiceTest.java:1152)
	at sun.reflect.NativeMethodAccessorImpl.invoke0(Native Method)
	at sun.reflect.NativeMethodAccessorImpl.invoke(NativeMethodAccessorImpl.java:62)
	at sun.reflect.DelegatingMethodAccessorImpl.invoke(DelegatingMethodAccessorImpl.java:43)
	at java.lang.reflect.Method.invoke(Method.java:498)
	at org.testng.internal.MethodInvocationHelper.invokeMethod(MethodInvocationHelper.java:134)
	at org.testng.internal.TestInvoker.invokeMethod(TestInvoker.java:597)
	at org.testng.internal.TestInvoker.invokeTestMethod(TestInvoker.java:173)
	at org.testng.internal.MethodRunner.runInSequence(MethodRunner.java:46)
	at org.testng.internal.TestInvoker$MethodInvocationAgent.invoke(TestInvoker.java:816)
	at org.testng.internal.TestInvoker.invokeTestMethods(TestInvoker.java:146)
	at org.testng.internal.TestMethodWorker.invokeTestMethods(TestMethodWorker.java:146)
	at org.testng.internal.TestMethodWorker.run(TestMethodWorker.java:128)
	at java.util.ArrayList.forEach(ArrayList.java:1257)
	at org.testng.TestRunner.privateRun(TestRunner.java:766)
	at org.testng.TestRunner.run(TestRunner.java:587)
	at org.testng.SuiteRunner.runTest(SuiteRunner.java:384)
	at org.testng.SuiteRunner.runSequentially(SuiteRunner.java:378)
	at org.testng.SuiteRunner.privateRun(SuiteRunner.java:337)
	at org.testng.SuiteRunner.run(SuiteRunner.java:286)
	at org.testng.SuiteRunnerWorker.runSuite(SuiteRunnerWorker.java:53)
	at org.testng.SuiteRunnerWorker.run(SuiteRunnerWorker.java:96)
	at org.testng.TestNG.runSuitesSequentially(TestNG.java:1187)
	at org.testng.TestNG.runSuitesLocally(TestNG.java:1109)
	at org.testng.TestNG.runSuites(TestNG.java:1039)
	at org.testng.TestNG.run(TestNG.java:1007)
	at org.apache.maven.surefire.testng.TestNGExecutor.run(TestNGExecutor.java:77)
	at org.apache.maven.surefire.testng.TestNGDirectoryTestSuite.executeMulti(TestNGDirectoryTestSuite.java:159)
	at org.apache.maven.surefire.testng.TestNGDirectoryTestSuite.execute(TestNGDirectoryTestSuite.java:99)
	at org.apache.maven.surefire.testng.TestNGProvider.invoke(TestNGProvider.java:106)
	at sun.reflect.NativeMethodAccessorImpl.invoke0(Native Method)
	at sun.reflect.NativeMethodAccessorImpl.invoke(NativeMethodAccessorImpl.java:62)
	at sun.reflect.DelegatingMethodAccessorImpl.invoke(DelegatingMethodAccessorImpl.java:43)
	at java.lang.reflect.Method.invoke(Method.java:498)
	at org.apache.maven.surefire.util.ReflectionUtils.invokeMethodWithArray(ReflectionUtils.java:189)
	at org.apache.maven.surefire.booter.ProviderFactory$ProviderProxy.invoke(ProviderFactory.java:165)
	at org.apache.maven.surefire.booter.ProviderFactory.invokeProvider(ProviderFactory.java:85)
	at org.apache.maven.surefire.booter.ForkedBooter.runSuitesInProcess(ForkedBooter.java:115)
	at org.apache.maven.surefire.booter.ForkedBooter.main(ForkedBooter.java:75)
</pre></div></td>
<td>0</td>
<td>com.ibm.watson.health.iml.v1.unit.InsightsForMedicalLiteratureServiceTest@7348e75e</td></tr>
<tr>
<td title='com.ibm.watson.health.iml.v1.model.GetFieldsOptionsTest.testGetFieldsOptions()'><b>testGetFieldsOptions</b><br>Test class: com.ibm.watson.health.iml.v1.model.GetFieldsOptionsTest</td>
<td></td>
<td>0</td>
<td>com.ibm.watson.health.iml.v1.model.GetFieldsOptionsTest@299ddfff</td></tr>
<tr>
<td title='com.ibm.watson.health.iml.v1.model.GetFieldsOptionsTest.testGetFieldsOptionsError()'><b>testGetFieldsOptionsError</b><br>Test class: com.ibm.watson.health.iml.v1.model.GetFieldsOptionsTest</td>
<td><div><pre>java.lang.IllegalArgumentException: corpus cannot be empty
	at com.ibm.cloud.sdk.core.util.Validator.notEmpty(Validator.java:84)
	at com.ibm.watson.health.iml.v1.model.GetFieldsOptions.&lt;init&gt;(GetFieldsOptions.java:71)
	at com.ibm.watson.health.iml.v1.model.GetFieldsOptions$Builder.build(GetFieldsOptions.java:55)
	at com.ibm.watson.health.iml.v1.model.GetFieldsOptionsTest.testGetFieldsOptionsError(GetFieldsOptionsTest.java:45)
	at java.util.ArrayList.forEach(ArrayList.java:1257)
... Removed 37 stack frames</pre></div><a href='#' onClick='toggleBox("stack-trace1662372668", this, "Click to show all stack frames", "Click to hide stack frames")'>Click to show all stack frames</a>
<div class='stack-trace' id='stack-trace1662372668'><pre>java.lang.IllegalArgumentException: corpus cannot be empty
	at com.ibm.cloud.sdk.core.util.Validator.notEmpty(Validator.java:84)
	at com.ibm.watson.health.iml.v1.model.GetFieldsOptions.&lt;init&gt;(GetFieldsOptions.java:71)
	at com.ibm.watson.health.iml.v1.model.GetFieldsOptions$Builder.build(GetFieldsOptions.java:55)
	at com.ibm.watson.health.iml.v1.model.GetFieldsOptionsTest.testGetFieldsOptionsError(GetFieldsOptionsTest.java:45)
	at sun.reflect.NativeMethodAccessorImpl.invoke0(Native Method)
	at sun.reflect.NativeMethodAccessorImpl.invoke(NativeMethodAccessorImpl.java:62)
	at sun.reflect.DelegatingMethodAccessorImpl.invoke(DelegatingMethodAccessorImpl.java:43)
	at java.lang.reflect.Method.invoke(Method.java:498)
	at org.testng.internal.MethodInvocationHelper.invokeMethod(MethodInvocationHelper.java:134)
	at org.testng.internal.TestInvoker.invokeMethod(TestInvoker.java:597)
	at org.testng.internal.TestInvoker.invokeTestMethod(TestInvoker.java:173)
	at org.testng.internal.MethodRunner.runInSequence(MethodRunner.java:46)
	at org.testng.internal.TestInvoker$MethodInvocationAgent.invoke(TestInvoker.java:816)
	at org.testng.internal.TestInvoker.invokeTestMethods(TestInvoker.java:146)
	at org.testng.internal.TestMethodWorker.invokeTestMethods(TestMethodWorker.java:146)
	at org.testng.internal.TestMethodWorker.run(TestMethodWorker.java:128)
	at java.util.ArrayList.forEach(ArrayList.java:1257)
	at org.testng.TestRunner.privateRun(TestRunner.java:766)
	at org.testng.TestRunner.run(TestRunner.java:587)
	at org.testng.SuiteRunner.runTest(SuiteRunner.java:384)
	at org.testng.SuiteRunner.runSequentially(SuiteRunner.java:378)
	at org.testng.SuiteRunner.privateRun(SuiteRunner.java:337)
	at org.testng.SuiteRunner.run(SuiteRunner.java:286)
	at org.testng.SuiteRunnerWorker.runSuite(SuiteRunnerWorker.java:53)
	at org.testng.SuiteRunnerWorker.run(SuiteRunnerWorker.java:96)
	at org.testng.TestNG.runSuitesSequentially(TestNG.java:1187)
	at org.testng.TestNG.runSuitesLocally(TestNG.java:1109)
	at org.testng.TestNG.runSuites(TestNG.java:1039)
	at org.testng.TestNG.run(TestNG.java:1007)
	at org.apache.maven.surefire.testng.TestNGExecutor.run(TestNGExecutor.java:77)
	at org.apache.maven.surefire.testng.TestNGDirectoryTestSuite.executeMulti(TestNGDirectoryTestSuite.java:159)
	at org.apache.maven.surefire.testng.TestNGDirectoryTestSuite.execute(TestNGDirectoryTestSuite.java:99)
	at org.apache.maven.surefire.testng.TestNGProvider.invoke(TestNGProvider.java:106)
	at sun.reflect.NativeMethodAccessorImpl.invoke0(Native Method)
	at sun.reflect.NativeMethodAccessorImpl.invoke(NativeMethodAccessorImpl.java:62)
	at sun.reflect.DelegatingMethodAccessorImpl.invoke(DelegatingMethodAccessorImpl.java:43)
	at java.lang.reflect.Method.invoke(Method.java:498)
	at org.apache.maven.surefire.util.ReflectionUtils.invokeMethodWithArray(ReflectionUtils.java:189)
	at org.apache.maven.surefire.booter.ProviderFactory$ProviderProxy.invoke(ProviderFactory.java:165)
	at org.apache.maven.surefire.booter.ProviderFactory.invokeProvider(ProviderFactory.java:85)
	at org.apache.maven.surefire.booter.ForkedBooter.runSuitesInProcess(ForkedBooter.java:115)
	at org.apache.maven.surefire.booter.ForkedBooter.main(ForkedBooter.java:75)
</pre></div></td>
<td>0</td>
<td>com.ibm.watson.health.iml.v1.model.GetFieldsOptionsTest@299ddfff</td></tr>
<tr>
<td title='com.ibm.watson.health.iml.v1.unit.InsightsForMedicalLiteratureServiceTest.testGetFieldsWOptions()'><b>testGetFieldsWOptions</b><br>Test class: com.ibm.watson.health.iml.v1.unit.InsightsForMedicalLiteratureServiceTest</td>
<td></td>
<td>0</td>
<td>com.ibm.watson.health.iml.v1.unit.InsightsForMedicalLiteratureServiceTest@7348e75e</td></tr>
<tr>
<td title='com.ibm.watson.health.iml.v1.model.GetHealthCheckStatusOptionsTest.testGetHealthCheckStatusOptions()'><b>testGetHealthCheckStatusOptions</b><br>Test class: com.ibm.watson.health.iml.v1.model.GetHealthCheckStatusOptionsTest</td>
<td></td>
<td>0</td>
<td>com.ibm.watson.health.iml.v1.model.GetHealthCheckStatusOptionsTest@7872e91f</td></tr>
<tr>
<td title='com.ibm.watson.health.iml.v1.unit.InsightsForMedicalLiteratureServiceTest.testGetHealthCheckStatusWOptions()'><b>testGetHealthCheckStatusWOptions</b><br>Test class: com.ibm.watson.health.iml.v1.unit.InsightsForMedicalLiteratureServiceTest</td>
<td></td>
<td>0</td>
<td>com.ibm.watson.health.iml.v1.unit.InsightsForMedicalLiteratureServiceTest@7348e75e</td></tr>
<tr>
<td title='com.ibm.watson.health.iml.v1.unit.InsightsForMedicalLiteratureServiceTest.testGetHitCountNoOptions()'><b>testGetHitCountNoOptions</b><br>Test class: com.ibm.watson.health.iml.v1.unit.InsightsForMedicalLiteratureServiceTest</td>
<td><div><pre>java.lang.IllegalArgumentException: getHitCountOptions cannot be null
	at com.ibm.cloud.sdk.core.util.Validator.notNull(Validator.java:97)
	at com.ibm.watson.health.iml.v1.InsightsForMedicalLiteratureService.getHitCount(InsightsForMedicalLiteratureService.java:1179)
	at com.ibm.watson.health.iml.v1.unit.InsightsForMedicalLiteratureServiceTest.testGetHitCountNoOptions(InsightsForMedicalLiteratureServiceTest.java:1480)
	at java.util.ArrayList.forEach(ArrayList.java:1257)
... Removed 37 stack frames</pre></div><a href='#' onClick='toggleBox("stack-trace1486105979", this, "Click to show all stack frames", "Click to hide stack frames")'>Click to show all stack frames</a>
<div class='stack-trace' id='stack-trace1486105979'><pre>java.lang.IllegalArgumentException: getHitCountOptions cannot be null
	at com.ibm.cloud.sdk.core.util.Validator.notNull(Validator.java:97)
	at com.ibm.watson.health.iml.v1.InsightsForMedicalLiteratureService.getHitCount(InsightsForMedicalLiteratureService.java:1179)
	at com.ibm.watson.health.iml.v1.unit.InsightsForMedicalLiteratureServiceTest.testGetHitCountNoOptions(InsightsForMedicalLiteratureServiceTest.java:1480)
	at sun.reflect.NativeMethodAccessorImpl.invoke0(Native Method)
	at sun.reflect.NativeMethodAccessorImpl.invoke(NativeMethodAccessorImpl.java:62)
	at sun.reflect.DelegatingMethodAccessorImpl.invoke(DelegatingMethodAccessorImpl.java:43)
	at java.lang.reflect.Method.invoke(Method.java:498)
	at org.testng.internal.MethodInvocationHelper.invokeMethod(MethodInvocationHelper.java:134)
	at org.testng.internal.TestInvoker.invokeMethod(TestInvoker.java:597)
	at org.testng.internal.TestInvoker.invokeTestMethod(TestInvoker.java:173)
	at org.testng.internal.MethodRunner.runInSequence(MethodRunner.java:46)
	at org.testng.internal.TestInvoker$MethodInvocationAgent.invoke(TestInvoker.java:816)
	at org.testng.internal.TestInvoker.invokeTestMethods(TestInvoker.java:146)
	at org.testng.internal.TestMethodWorker.invokeTestMethods(TestMethodWorker.java:146)
	at org.testng.internal.TestMethodWorker.run(TestMethodWorker.java:128)
	at java.util.ArrayList.forEach(ArrayList.java:1257)
	at org.testng.TestRunner.privateRun(TestRunner.java:766)
	at org.testng.TestRunner.run(TestRunner.java:587)
	at org.testng.SuiteRunner.runTest(SuiteRunner.java:384)
	at org.testng.SuiteRunner.runSequentially(SuiteRunner.java:378)
	at org.testng.SuiteRunner.privateRun(SuiteRunner.java:337)
	at org.testng.SuiteRunner.run(SuiteRunner.java:286)
	at org.testng.SuiteRunnerWorker.runSuite(SuiteRunnerWorker.java:53)
	at org.testng.SuiteRunnerWorker.run(SuiteRunnerWorker.java:96)
	at org.testng.TestNG.runSuitesSequentially(TestNG.java:1187)
	at org.testng.TestNG.runSuitesLocally(TestNG.java:1109)
	at org.testng.TestNG.runSuites(TestNG.java:1039)
	at org.testng.TestNG.run(TestNG.java:1007)
	at org.apache.maven.surefire.testng.TestNGExecutor.run(TestNGExecutor.java:77)
	at org.apache.maven.surefire.testng.TestNGDirectoryTestSuite.executeMulti(TestNGDirectoryTestSuite.java:159)
	at org.apache.maven.surefire.testng.TestNGDirectoryTestSuite.execute(TestNGDirectoryTestSuite.java:99)
	at org.apache.maven.surefire.testng.TestNGProvider.invoke(TestNGProvider.java:106)
	at sun.reflect.NativeMethodAccessorImpl.invoke0(Native Method)
	at sun.reflect.NativeMethodAccessorImpl.invoke(NativeMethodAccessorImpl.java:62)
	at sun.reflect.DelegatingMethodAccessorImpl.invoke(DelegatingMethodAccessorImpl.java:43)
	at java.lang.reflect.Method.invoke(Method.java:498)
	at org.apache.maven.surefire.util.ReflectionUtils.invokeMethodWithArray(ReflectionUtils.java:189)
	at org.apache.maven.surefire.booter.ProviderFactory$ProviderProxy.invoke(ProviderFactory.java:165)
	at org.apache.maven.surefire.booter.ProviderFactory.invokeProvider(ProviderFactory.java:85)
	at org.apache.maven.surefire.booter.ForkedBooter.runSuitesInProcess(ForkedBooter.java:115)
	at org.apache.maven.surefire.booter.ForkedBooter.main(ForkedBooter.java:75)
</pre></div></td>
<td>0</td>
<td>com.ibm.watson.health.iml.v1.unit.InsightsForMedicalLiteratureServiceTest@7348e75e</td></tr>
<tr>
<td title='com.ibm.watson.health.iml.v1.model.GetHitCountOptionsTest.testGetHitCountOptions()'><b>testGetHitCountOptions</b><br>Test class: com.ibm.watson.health.iml.v1.model.GetHitCountOptionsTest</td>
<td></td>
<td>0</td>
<td>com.ibm.watson.health.iml.v1.model.GetHitCountOptionsTest@51b41740</td></tr>
<tr>
<td title='com.ibm.watson.health.iml.v1.model.GetHitCountOptionsTest.testGetHitCountOptionsError()'><b>testGetHitCountOptionsError</b><br>Test class: com.ibm.watson.health.iml.v1.model.GetHitCountOptionsTest</td>
<td><div><pre>java.lang.IllegalArgumentException: corpus cannot be empty
	at com.ibm.cloud.sdk.core.util.Validator.notEmpty(Validator.java:84)
	at com.ibm.watson.health.iml.v1.model.GetHitCountOptions.&lt;init&gt;(GetHitCountOptions.java:101)
	at com.ibm.watson.health.iml.v1.model.GetHitCountOptions$Builder.build(GetHitCountOptions.java:63)
	at com.ibm.watson.health.iml.v1.model.GetHitCountOptionsTest.testGetHitCountOptionsError(GetHitCountOptionsTest.java:49)
	at java.util.ArrayList.forEach(ArrayList.java:1257)
... Removed 37 stack frames</pre></div><a href='#' onClick='toggleBox("stack-trace2038376142", this, "Click to show all stack frames", "Click to hide stack frames")'>Click to show all stack frames</a>
<div class='stack-trace' id='stack-trace2038376142'><pre>java.lang.IllegalArgumentException: corpus cannot be empty
	at com.ibm.cloud.sdk.core.util.Validator.notEmpty(Validator.java:84)
	at com.ibm.watson.health.iml.v1.model.GetHitCountOptions.&lt;init&gt;(GetHitCountOptions.java:101)
	at com.ibm.watson.health.iml.v1.model.GetHitCountOptions$Builder.build(GetHitCountOptions.java:63)
	at com.ibm.watson.health.iml.v1.model.GetHitCountOptionsTest.testGetHitCountOptionsError(GetHitCountOptionsTest.java:49)
	at sun.reflect.NativeMethodAccessorImpl.invoke0(Native Method)
	at sun.reflect.NativeMethodAccessorImpl.invoke(NativeMethodAccessorImpl.java:62)
	at sun.reflect.DelegatingMethodAccessorImpl.invoke(DelegatingMethodAccessorImpl.java:43)
	at java.lang.reflect.Method.invoke(Method.java:498)
	at org.testng.internal.MethodInvocationHelper.invokeMethod(MethodInvocationHelper.java:134)
	at org.testng.internal.TestInvoker.invokeMethod(TestInvoker.java:597)
	at org.testng.internal.TestInvoker.invokeTestMethod(TestInvoker.java:173)
	at org.testng.internal.MethodRunner.runInSequence(MethodRunner.java:46)
	at org.testng.internal.TestInvoker$MethodInvocationAgent.invoke(TestInvoker.java:816)
	at org.testng.internal.TestInvoker.invokeTestMethods(TestInvoker.java:146)
	at org.testng.internal.TestMethodWorker.invokeTestMethods(TestMethodWorker.java:146)
	at org.testng.internal.TestMethodWorker.run(TestMethodWorker.java:128)
	at java.util.ArrayList.forEach(ArrayList.java:1257)
	at org.testng.TestRunner.privateRun(TestRunner.java:766)
	at org.testng.TestRunner.run(TestRunner.java:587)
	at org.testng.SuiteRunner.runTest(SuiteRunner.java:384)
	at org.testng.SuiteRunner.runSequentially(SuiteRunner.java:378)
	at org.testng.SuiteRunner.privateRun(SuiteRunner.java:337)
	at org.testng.SuiteRunner.run(SuiteRunner.java:286)
	at org.testng.SuiteRunnerWorker.runSuite(SuiteRunnerWorker.java:53)
	at org.testng.SuiteRunnerWorker.run(SuiteRunnerWorker.java:96)
	at org.testng.TestNG.runSuitesSequentially(TestNG.java:1187)
	at org.testng.TestNG.runSuitesLocally(TestNG.java:1109)
	at org.testng.TestNG.runSuites(TestNG.java:1039)
	at org.testng.TestNG.run(TestNG.java:1007)
	at org.apache.maven.surefire.testng.TestNGExecutor.run(TestNGExecutor.java:77)
	at org.apache.maven.surefire.testng.TestNGDirectoryTestSuite.executeMulti(TestNGDirectoryTestSuite.java:159)
	at org.apache.maven.surefire.testng.TestNGDirectoryTestSuite.execute(TestNGDirectoryTestSuite.java:99)
	at org.apache.maven.surefire.testng.TestNGProvider.invoke(TestNGProvider.java:106)
	at sun.reflect.NativeMethodAccessorImpl.invoke0(Native Method)
	at sun.reflect.NativeMethodAccessorImpl.invoke(NativeMethodAccessorImpl.java:62)
	at sun.reflect.DelegatingMethodAccessorImpl.invoke(DelegatingMethodAccessorImpl.java:43)
	at java.lang.reflect.Method.invoke(Method.java:498)
	at org.apache.maven.surefire.util.ReflectionUtils.invokeMethodWithArray(ReflectionUtils.java:189)
	at org.apache.maven.surefire.booter.ProviderFactory$ProviderProxy.invoke(ProviderFactory.java:165)
	at org.apache.maven.surefire.booter.ProviderFactory.invokeProvider(ProviderFactory.java:85)
	at org.apache.maven.surefire.booter.ForkedBooter.runSuitesInProcess(ForkedBooter.java:115)
	at org.apache.maven.surefire.booter.ForkedBooter.main(ForkedBooter.java:75)
</pre></div></td>
<td>0</td>
<td>com.ibm.watson.health.iml.v1.model.GetHitCountOptionsTest@51b41740</td></tr>
<tr>
<td title='com.ibm.watson.health.iml.v1.unit.InsightsForMedicalLiteratureServiceTest.testGetHitCountWOptions()'><b>testGetHitCountWOptions</b><br>Test class: com.ibm.watson.health.iml.v1.unit.InsightsForMedicalLiteratureServiceTest</td>
<td></td>
<td>0</td>
<td>com.ibm.watson.health.iml.v1.unit.InsightsForMedicalLiteratureServiceTest@7348e75e</td></tr>
<tr>
<td title='com.ibm.watson.health.iml.v1.unit.InsightsForMedicalLiteratureServiceTest.testGetRelatedConceptsNoOptions()'><b>testGetRelatedConceptsNoOptions</b><br>Test class: com.ibm.watson.health.iml.v1.unit.InsightsForMedicalLiteratureServiceTest</td>
<td><div><pre>java.lang.IllegalArgumentException: getRelatedConceptsOptions cannot be null
	at com.ibm.cloud.sdk.core.util.Validator.notNull(Validator.java:97)
	at com.ibm.watson.health.iml.v1.InsightsForMedicalLiteratureService.getRelatedConcepts(InsightsForMedicalLiteratureService.java:1217)
	at com.ibm.watson.health.iml.v1.unit.InsightsForMedicalLiteratureServiceTest.testGetRelatedConceptsNoOptions(InsightsForMedicalLiteratureServiceTest.java:1547)
	at java.util.ArrayList.forEach(ArrayList.java:1257)
... Removed 37 stack frames</pre></div><a href='#' onClick='toggleBox("stack-trace970943387", this, "Click to show all stack frames", "Click to hide stack frames")'>Click to show all stack frames</a>
<div class='stack-trace' id='stack-trace970943387'><pre>java.lang.IllegalArgumentException: getRelatedConceptsOptions cannot be null
	at com.ibm.cloud.sdk.core.util.Validator.notNull(Validator.java:97)
	at com.ibm.watson.health.iml.v1.InsightsForMedicalLiteratureService.getRelatedConcepts(InsightsForMedicalLiteratureService.java:1217)
	at com.ibm.watson.health.iml.v1.unit.InsightsForMedicalLiteratureServiceTest.testGetRelatedConceptsNoOptions(InsightsForMedicalLiteratureServiceTest.java:1547)
	at sun.reflect.NativeMethodAccessorImpl.invoke0(Native Method)
	at sun.reflect.NativeMethodAccessorImpl.invoke(NativeMethodAccessorImpl.java:62)
	at sun.reflect.DelegatingMethodAccessorImpl.invoke(DelegatingMethodAccessorImpl.java:43)
	at java.lang.reflect.Method.invoke(Method.java:498)
	at org.testng.internal.MethodInvocationHelper.invokeMethod(MethodInvocationHelper.java:134)
	at org.testng.internal.TestInvoker.invokeMethod(TestInvoker.java:597)
	at org.testng.internal.TestInvoker.invokeTestMethod(TestInvoker.java:173)
	at org.testng.internal.MethodRunner.runInSequence(MethodRunner.java:46)
	at org.testng.internal.TestInvoker$MethodInvocationAgent.invoke(TestInvoker.java:816)
	at org.testng.internal.TestInvoker.invokeTestMethods(TestInvoker.java:146)
	at org.testng.internal.TestMethodWorker.invokeTestMethods(TestMethodWorker.java:146)
	at org.testng.internal.TestMethodWorker.run(TestMethodWorker.java:128)
	at java.util.ArrayList.forEach(ArrayList.java:1257)
	at org.testng.TestRunner.privateRun(TestRunner.java:766)
	at org.testng.TestRunner.run(TestRunner.java:587)
	at org.testng.SuiteRunner.runTest(SuiteRunner.java:384)
	at org.testng.SuiteRunner.runSequentially(SuiteRunner.java:378)
	at org.testng.SuiteRunner.privateRun(SuiteRunner.java:337)
	at org.testng.SuiteRunner.run(SuiteRunner.java:286)
	at org.testng.SuiteRunnerWorker.runSuite(SuiteRunnerWorker.java:53)
	at org.testng.SuiteRunnerWorker.run(SuiteRunnerWorker.java:96)
	at org.testng.TestNG.runSuitesSequentially(TestNG.java:1187)
	at org.testng.TestNG.runSuitesLocally(TestNG.java:1109)
	at org.testng.TestNG.runSuites(TestNG.java:1039)
	at org.testng.TestNG.run(TestNG.java:1007)
	at org.apache.maven.surefire.testng.TestNGExecutor.run(TestNGExecutor.java:77)
	at org.apache.maven.surefire.testng.TestNGDirectoryTestSuite.executeMulti(TestNGDirectoryTestSuite.java:159)
	at org.apache.maven.surefire.testng.TestNGDirectoryTestSuite.execute(TestNGDirectoryTestSuite.java:99)
	at org.apache.maven.surefire.testng.TestNGProvider.invoke(TestNGProvider.java:106)
	at sun.reflect.NativeMethodAccessorImpl.invoke0(Native Method)
	at sun.reflect.NativeMethodAccessorImpl.invoke(NativeMethodAccessorImpl.java:62)
	at sun.reflect.DelegatingMethodAccessorImpl.invoke(DelegatingMethodAccessorImpl.java:43)
	at java.lang.reflect.Method.invoke(Method.java:498)
	at org.apache.maven.surefire.util.ReflectionUtils.invokeMethodWithArray(ReflectionUtils.java:189)
	at org.apache.maven.surefire.booter.ProviderFactory$ProviderProxy.invoke(ProviderFactory.java:165)
	at org.apache.maven.surefire.booter.ProviderFactory.invokeProvider(ProviderFactory.java:85)
	at org.apache.maven.surefire.booter.ForkedBooter.runSuitesInProcess(ForkedBooter.java:115)
	at org.apache.maven.surefire.booter.ForkedBooter.main(ForkedBooter.java:75)
</pre></div></td>
<td>0</td>
<td>com.ibm.watson.health.iml.v1.unit.InsightsForMedicalLiteratureServiceTest@7348e75e</td></tr>
<tr>
<td title='com.ibm.watson.health.iml.v1.model.GetRelatedConceptsOptionsTest.testGetRelatedConceptsOptions()'><b>testGetRelatedConceptsOptions</b><br>Test class: com.ibm.watson.health.iml.v1.model.GetRelatedConceptsOptionsTest</td>
<td></td>
<td>0</td>
<td>com.ibm.watson.health.iml.v1.model.GetRelatedConceptsOptionsTest@53d2b827</td></tr>
<tr>
<td title='com.ibm.watson.health.iml.v1.model.GetRelatedConceptsOptionsTest.testGetRelatedConceptsOptionsError()'><b>testGetRelatedConceptsOptionsError</b><br>Test class: com.ibm.watson.health.iml.v1.model.GetRelatedConceptsOptionsTest</td>
<td><div><pre>java.lang.IllegalArgumentException: corpus cannot be empty
	at com.ibm.cloud.sdk.core.util.Validator.notEmpty(Validator.java:84)
	at com.ibm.watson.health.iml.v1.model.GetRelatedConceptsOptions.&lt;init&gt;(GetRelatedConceptsOptions.java:282)
	at com.ibm.watson.health.iml.v1.model.GetRelatedConceptsOptions$Builder.build(GetRelatedConceptsOptions.java:144)
	at com.ibm.watson.health.iml.v1.model.GetRelatedConceptsOptionsTest.testGetRelatedConceptsOptionsError(GetRelatedConceptsOptionsTest.java:63)
	at java.util.ArrayList.forEach(ArrayList.java:1257)
... Removed 37 stack frames</pre></div><a href='#' onClick='toggleBox("stack-trace1639377089", this, "Click to show all stack frames", "Click to hide stack frames")'>Click to show all stack frames</a>
<div class='stack-trace' id='stack-trace1639377089'><pre>java.lang.IllegalArgumentException: corpus cannot be empty
	at com.ibm.cloud.sdk.core.util.Validator.notEmpty(Validator.java:84)
	at com.ibm.watson.health.iml.v1.model.GetRelatedConceptsOptions.&lt;init&gt;(GetRelatedConceptsOptions.java:282)
	at com.ibm.watson.health.iml.v1.model.GetRelatedConceptsOptions$Builder.build(GetRelatedConceptsOptions.java:144)
	at com.ibm.watson.health.iml.v1.model.GetRelatedConceptsOptionsTest.testGetRelatedConceptsOptionsError(GetRelatedConceptsOptionsTest.java:63)
	at sun.reflect.NativeMethodAccessorImpl.invoke0(Native Method)
	at sun.reflect.NativeMethodAccessorImpl.invoke(NativeMethodAccessorImpl.java:62)
	at sun.reflect.DelegatingMethodAccessorImpl.invoke(DelegatingMethodAccessorImpl.java:43)
	at java.lang.reflect.Method.invoke(Method.java:498)
	at org.testng.internal.MethodInvocationHelper.invokeMethod(MethodInvocationHelper.java:134)
	at org.testng.internal.TestInvoker.invokeMethod(TestInvoker.java:597)
	at org.testng.internal.TestInvoker.invokeTestMethod(TestInvoker.java:173)
	at org.testng.internal.MethodRunner.runInSequence(MethodRunner.java:46)
	at org.testng.internal.TestInvoker$MethodInvocationAgent.invoke(TestInvoker.java:816)
	at org.testng.internal.TestInvoker.invokeTestMethods(TestInvoker.java:146)
	at org.testng.internal.TestMethodWorker.invokeTestMethods(TestMethodWorker.java:146)
	at org.testng.internal.TestMethodWorker.run(TestMethodWorker.java:128)
	at java.util.ArrayList.forEach(ArrayList.java:1257)
	at org.testng.TestRunner.privateRun(TestRunner.java:766)
	at org.testng.TestRunner.run(TestRunner.java:587)
	at org.testng.SuiteRunner.runTest(SuiteRunner.java:384)
	at org.testng.SuiteRunner.runSequentially(SuiteRunner.java:378)
	at org.testng.SuiteRunner.privateRun(SuiteRunner.java:337)
	at org.testng.SuiteRunner.run(SuiteRunner.java:286)
	at org.testng.SuiteRunnerWorker.runSuite(SuiteRunnerWorker.java:53)
	at org.testng.SuiteRunnerWorker.run(SuiteRunnerWorker.java:96)
	at org.testng.TestNG.runSuitesSequentially(TestNG.java:1187)
	at org.testng.TestNG.runSuitesLocally(TestNG.java:1109)
	at org.testng.TestNG.runSuites(TestNG.java:1039)
	at org.testng.TestNG.run(TestNG.java:1007)
	at org.apache.maven.surefire.testng.TestNGExecutor.run(TestNGExecutor.java:77)
	at org.apache.maven.surefire.testng.TestNGDirectoryTestSuite.executeMulti(TestNGDirectoryTestSuite.java:159)
	at org.apache.maven.surefire.testng.TestNGDirectoryTestSuite.execute(TestNGDirectoryTestSuite.java:99)
	at org.apache.maven.surefire.testng.TestNGProvider.invoke(TestNGProvider.java:106)
	at sun.reflect.NativeMethodAccessorImpl.invoke0(Native Method)
	at sun.reflect.NativeMethodAccessorImpl.invoke(NativeMethodAccessorImpl.java:62)
	at sun.reflect.DelegatingMethodAccessorImpl.invoke(DelegatingMethodAccessorImpl.java:43)
	at java.lang.reflect.Method.invoke(Method.java:498)
	at org.apache.maven.surefire.util.ReflectionUtils.invokeMethodWithArray(ReflectionUtils.java:189)
	at org.apache.maven.surefire.booter.ProviderFactory$ProviderProxy.invoke(ProviderFactory.java:165)
	at org.apache.maven.surefire.booter.ProviderFactory.invokeProvider(ProviderFactory.java:85)
	at org.apache.maven.surefire.booter.ForkedBooter.runSuitesInProcess(ForkedBooter.java:115)
	at org.apache.maven.surefire.booter.ForkedBooter.main(ForkedBooter.java:75)
</pre></div></td>
<td>0</td>
<td>com.ibm.watson.health.iml.v1.model.GetRelatedConceptsOptionsTest@53d2b827</td></tr>
<tr>
<td title='com.ibm.watson.health.iml.v1.unit.InsightsForMedicalLiteratureServiceTest.testGetRelatedConceptsWOptions()'><b>testGetRelatedConceptsWOptions</b><br>Test class: com.ibm.watson.health.iml.v1.unit.InsightsForMedicalLiteratureServiceTest</td>
<td></td>
<td>0</td>
<td>com.ibm.watson.health.iml.v1.unit.InsightsForMedicalLiteratureServiceTest@7348e75e</td></tr>
<tr>
<td title='com.ibm.watson.health.iml.v1.unit.InsightsForMedicalLiteratureServiceTest.testGetSearchMatchesNoOptions()'><b>testGetSearchMatchesNoOptions</b><br>Test class: com.ibm.watson.health.iml.v1.unit.InsightsForMedicalLiteratureServiceTest</td>
<td><div><pre>java.lang.IllegalArgumentException: getSearchMatchesOptions cannot be null
	at com.ibm.cloud.sdk.core.util.Validator.notNull(Validator.java:97)
	at com.ibm.watson.health.iml.v1.InsightsForMedicalLiteratureService.getSearchMatches(InsightsForMedicalLiteratureService.java:486)
	at com.ibm.watson.health.iml.v1.unit.InsightsForMedicalLiteratureServiceTest.testGetSearchMatchesNoOptions(InsightsForMedicalLiteratureServiceTest.java:601)
	at java.util.ArrayList.forEach(ArrayList.java:1257)
... Removed 37 stack frames</pre></div><a href='#' onClick='toggleBox("stack-trace1659100064", this, "Click to show all stack frames", "Click to hide stack frames")'>Click to show all stack frames</a>
<div class='stack-trace' id='stack-trace1659100064'><pre>java.lang.IllegalArgumentException: getSearchMatchesOptions cannot be null
	at com.ibm.cloud.sdk.core.util.Validator.notNull(Validator.java:97)
	at com.ibm.watson.health.iml.v1.InsightsForMedicalLiteratureService.getSearchMatches(InsightsForMedicalLiteratureService.java:486)
	at com.ibm.watson.health.iml.v1.unit.InsightsForMedicalLiteratureServiceTest.testGetSearchMatchesNoOptions(InsightsForMedicalLiteratureServiceTest.java:601)
	at sun.reflect.NativeMethodAccessorImpl.invoke0(Native Method)
	at sun.reflect.NativeMethodAccessorImpl.invoke(NativeMethodAccessorImpl.java:62)
	at sun.reflect.DelegatingMethodAccessorImpl.invoke(DelegatingMethodAccessorImpl.java:43)
	at java.lang.reflect.Method.invoke(Method.java:498)
	at org.testng.internal.MethodInvocationHelper.invokeMethod(MethodInvocationHelper.java:134)
	at org.testng.internal.TestInvoker.invokeMethod(TestInvoker.java:597)
	at org.testng.internal.TestInvoker.invokeTestMethod(TestInvoker.java:173)
	at org.testng.internal.MethodRunner.runInSequence(MethodRunner.java:46)
	at org.testng.internal.TestInvoker$MethodInvocationAgent.invoke(TestInvoker.java:816)
	at org.testng.internal.TestInvoker.invokeTestMethods(TestInvoker.java:146)
	at org.testng.internal.TestMethodWorker.invokeTestMethods(TestMethodWorker.java:146)
	at org.testng.internal.TestMethodWorker.run(TestMethodWorker.java:128)
	at java.util.ArrayList.forEach(ArrayList.java:1257)
	at org.testng.TestRunner.privateRun(TestRunner.java:766)
	at org.testng.TestRunner.run(TestRunner.java:587)
	at org.testng.SuiteRunner.runTest(SuiteRunner.java:384)
	at org.testng.SuiteRunner.runSequentially(SuiteRunner.java:378)
	at org.testng.SuiteRunner.privateRun(SuiteRunner.java:337)
	at org.testng.SuiteRunner.run(SuiteRunner.java:286)
	at org.testng.SuiteRunnerWorker.runSuite(SuiteRunnerWorker.java:53)
	at org.testng.SuiteRunnerWorker.run(SuiteRunnerWorker.java:96)
	at org.testng.TestNG.runSuitesSequentially(TestNG.java:1187)
	at org.testng.TestNG.runSuitesLocally(TestNG.java:1109)
	at org.testng.TestNG.runSuites(TestNG.java:1039)
	at org.testng.TestNG.run(TestNG.java:1007)
	at org.apache.maven.surefire.testng.TestNGExecutor.run(TestNGExecutor.java:77)
	at org.apache.maven.surefire.testng.TestNGDirectoryTestSuite.executeMulti(TestNGDirectoryTestSuite.java:159)
	at org.apache.maven.surefire.testng.TestNGDirectoryTestSuite.execute(TestNGDirectoryTestSuite.java:99)
	at org.apache.maven.surefire.testng.TestNGProvider.invoke(TestNGProvider.java:106)
	at sun.reflect.NativeMethodAccessorImpl.invoke0(Native Method)
	at sun.reflect.NativeMethodAccessorImpl.invoke(NativeMethodAccessorImpl.java:62)
	at sun.reflect.DelegatingMethodAccessorImpl.invoke(DelegatingMethodAccessorImpl.java:43)
	at java.lang.reflect.Method.invoke(Method.java:498)
	at org.apache.maven.surefire.util.ReflectionUtils.invokeMethodWithArray(ReflectionUtils.java:189)
	at org.apache.maven.surefire.booter.ProviderFactory$ProviderProxy.invoke(ProviderFactory.java:165)
	at org.apache.maven.surefire.booter.ProviderFactory.invokeProvider(ProviderFactory.java:85)
	at org.apache.maven.surefire.booter.ForkedBooter.runSuitesInProcess(ForkedBooter.java:115)
	at org.apache.maven.surefire.booter.ForkedBooter.main(ForkedBooter.java:75)
</pre></div></td>
<td>0</td>
<td>com.ibm.watson.health.iml.v1.unit.InsightsForMedicalLiteratureServiceTest@7348e75e</td></tr>
<tr>
<td title='com.ibm.watson.health.iml.v1.model.GetSearchMatchesOptionsTest.testGetSearchMatchesOptions()'><b>testGetSearchMatchesOptions</b><br>Test class: com.ibm.watson.health.iml.v1.model.GetSearchMatchesOptionsTest</td>
<td></td>
<td>0</td>
<td>com.ibm.watson.health.iml.v1.model.GetSearchMatchesOptionsTest@9a37591</td></tr>
<tr>
<td title='com.ibm.watson.health.iml.v1.model.GetSearchMatchesOptionsTest.testGetSearchMatchesOptionsError()'><b>testGetSearchMatchesOptionsError</b><br>Test class: com.ibm.watson.health.iml.v1.model.GetSearchMatchesOptionsTest</td>
<td><div><pre>java.lang.IllegalArgumentException: corpus cannot be empty
	at com.ibm.cloud.sdk.core.util.Validator.notEmpty(Validator.java:84)
	at com.ibm.watson.health.iml.v1.model.GetSearchMatchesOptions.&lt;init&gt;(GetSearchMatchesOptions.java:376)
	at com.ibm.watson.health.iml.v1.model.GetSearchMatchesOptions$Builder.build(GetSearchMatchesOptions.java:104)
	at com.ibm.watson.health.iml.v1.model.GetSearchMatchesOptionsTest.testGetSearchMatchesOptionsError(GetSearchMatchesOptionsTest.java:75)
	at java.util.ArrayList.forEach(ArrayList.java:1257)
... Removed 37 stack frames</pre></div><a href='#' onClick='toggleBox("stack-trace1599590093", this, "Click to show all stack frames", "Click to hide stack frames")'>Click to show all stack frames</a>
<div class='stack-trace' id='stack-trace1599590093'><pre>java.lang.IllegalArgumentException: corpus cannot be empty
	at com.ibm.cloud.sdk.core.util.Validator.notEmpty(Validator.java:84)
	at com.ibm.watson.health.iml.v1.model.GetSearchMatchesOptions.&lt;init&gt;(GetSearchMatchesOptions.java:376)
	at com.ibm.watson.health.iml.v1.model.GetSearchMatchesOptions$Builder.build(GetSearchMatchesOptions.java:104)
	at com.ibm.watson.health.iml.v1.model.GetSearchMatchesOptionsTest.testGetSearchMatchesOptionsError(GetSearchMatchesOptionsTest.java:75)
	at sun.reflect.NativeMethodAccessorImpl.invoke0(Native Method)
	at sun.reflect.NativeMethodAccessorImpl.invoke(NativeMethodAccessorImpl.java:62)
	at sun.reflect.DelegatingMethodAccessorImpl.invoke(DelegatingMethodAccessorImpl.java:43)
	at java.lang.reflect.Method.invoke(Method.java:498)
	at org.testng.internal.MethodInvocationHelper.invokeMethod(MethodInvocationHelper.java:134)
	at org.testng.internal.TestInvoker.invokeMethod(TestInvoker.java:597)
	at org.testng.internal.TestInvoker.invokeTestMethod(TestInvoker.java:173)
	at org.testng.internal.MethodRunner.runInSequence(MethodRunner.java:46)
	at org.testng.internal.TestInvoker$MethodInvocationAgent.invoke(TestInvoker.java:816)
	at org.testng.internal.TestInvoker.invokeTestMethods(TestInvoker.java:146)
	at org.testng.internal.TestMethodWorker.invokeTestMethods(TestMethodWorker.java:146)
	at org.testng.internal.TestMethodWorker.run(TestMethodWorker.java:128)
	at java.util.ArrayList.forEach(ArrayList.java:1257)
	at org.testng.TestRunner.privateRun(TestRunner.java:766)
	at org.testng.TestRunner.run(TestRunner.java:587)
	at org.testng.SuiteRunner.runTest(SuiteRunner.java:384)
	at org.testng.SuiteRunner.runSequentially(SuiteRunner.java:378)
	at org.testng.SuiteRunner.privateRun(SuiteRunner.java:337)
	at org.testng.SuiteRunner.run(SuiteRunner.java:286)
	at org.testng.SuiteRunnerWorker.runSuite(SuiteRunnerWorker.java:53)
	at org.testng.SuiteRunnerWorker.run(SuiteRunnerWorker.java:96)
	at org.testng.TestNG.runSuitesSequentially(TestNG.java:1187)
	at org.testng.TestNG.runSuitesLocally(TestNG.java:1109)
	at org.testng.TestNG.runSuites(TestNG.java:1039)
	at org.testng.TestNG.run(TestNG.java:1007)
	at org.apache.maven.surefire.testng.TestNGExecutor.run(TestNGExecutor.java:77)
	at org.apache.maven.surefire.testng.TestNGDirectoryTestSuite.executeMulti(TestNGDirectoryTestSuite.java:159)
	at org.apache.maven.surefire.testng.TestNGDirectoryTestSuite.execute(TestNGDirectoryTestSuite.java:99)
	at org.apache.maven.surefire.testng.TestNGProvider.invoke(TestNGProvider.java:106)
	at sun.reflect.NativeMethodAccessorImpl.invoke0(Native Method)
	at sun.reflect.NativeMethodAccessorImpl.invoke(NativeMethodAccessorImpl.java:62)
	at sun.reflect.DelegatingMethodAccessorImpl.invoke(DelegatingMethodAccessorImpl.java:43)
	at java.lang.reflect.Method.invoke(Method.java:498)
	at org.apache.maven.surefire.util.ReflectionUtils.invokeMethodWithArray(ReflectionUtils.java:189)
	at org.apache.maven.surefire.booter.ProviderFactory$ProviderProxy.invoke(ProviderFactory.java:165)
	at org.apache.maven.surefire.booter.ProviderFactory.invokeProvider(ProviderFactory.java:85)
	at org.apache.maven.surefire.booter.ForkedBooter.runSuitesInProcess(ForkedBooter.java:115)
	at org.apache.maven.surefire.booter.ForkedBooter.main(ForkedBooter.java:75)
</pre></div></td>
<td>0</td>
<td>com.ibm.watson.health.iml.v1.model.GetSearchMatchesOptionsTest@9a37591</td></tr>
<tr>
<td title='com.ibm.watson.health.iml.v1.unit.InsightsForMedicalLiteratureServiceTest.testGetSearchMatchesWOptions()'><b>testGetSearchMatchesWOptions</b><br>Test class: com.ibm.watson.health.iml.v1.unit.InsightsForMedicalLiteratureServiceTest</td>
<td></td>
<td>0</td>
<td>com.ibm.watson.health.iml.v1.unit.InsightsForMedicalLiteratureServiceTest@7348e75e</td></tr>
<tr>
<td title='com.ibm.watson.health.iml.v1.model.GetServiceStatusOptionsTest.testGetServiceStatusOptions()'><b>testGetServiceStatusOptions</b><br>Test class: com.ibm.watson.health.iml.v1.model.GetServiceStatusOptionsTest</td>
<td></td>
<td>0</td>
<td>com.ibm.watson.health.iml.v1.model.GetServiceStatusOptionsTest@5513a46b</td></tr>
<tr>
<td title='com.ibm.watson.health.iml.v1.unit.InsightsForMedicalLiteratureServiceTest.testGetServiceStatusWOptions()'><b>testGetServiceStatusWOptions</b><br>Test class: com.ibm.watson.health.iml.v1.unit.InsightsForMedicalLiteratureServiceTest</td>
<td></td>
<td>0</td>
<td>com.ibm.watson.health.iml.v1.unit.InsightsForMedicalLiteratureServiceTest@7348e75e</td></tr>
<tr>
<td title='com.ibm.watson.health.iml.v1.unit.InsightsForMedicalLiteratureServiceTest.testGetSimilarConceptsNoOptions()'><b>testGetSimilarConceptsNoOptions</b><br>Test class: com.ibm.watson.health.iml.v1.unit.InsightsForMedicalLiteratureServiceTest</td>
<td><div><pre>java.lang.IllegalArgumentException: getSimilarConceptsOptions cannot be null
	at com.ibm.cloud.sdk.core.util.Validator.notNull(Validator.java:97)
	at com.ibm.watson.health.iml.v1.InsightsForMedicalLiteratureService.getSimilarConcepts(InsightsForMedicalLiteratureService.java:1262)
	at com.ibm.watson.health.iml.v1.unit.InsightsForMedicalLiteratureServiceTest.testGetSimilarConceptsNoOptions(InsightsForMedicalLiteratureServiceTest.java:1604)
	at java.util.ArrayList.forEach(ArrayList.java:1257)
... Removed 37 stack frames</pre></div><a href='#' onClick='toggleBox("stack-trace273008542", this, "Click to show all stack frames", "Click to hide stack frames")'>Click to show all stack frames</a>
<div class='stack-trace' id='stack-trace273008542'><pre>java.lang.IllegalArgumentException: getSimilarConceptsOptions cannot be null
	at com.ibm.cloud.sdk.core.util.Validator.notNull(Validator.java:97)
	at com.ibm.watson.health.iml.v1.InsightsForMedicalLiteratureService.getSimilarConcepts(InsightsForMedicalLiteratureService.java:1262)
	at com.ibm.watson.health.iml.v1.unit.InsightsForMedicalLiteratureServiceTest.testGetSimilarConceptsNoOptions(InsightsForMedicalLiteratureServiceTest.java:1604)
	at sun.reflect.NativeMethodAccessorImpl.invoke0(Native Method)
	at sun.reflect.NativeMethodAccessorImpl.invoke(NativeMethodAccessorImpl.java:62)
	at sun.reflect.DelegatingMethodAccessorImpl.invoke(DelegatingMethodAccessorImpl.java:43)
	at java.lang.reflect.Method.invoke(Method.java:498)
	at org.testng.internal.MethodInvocationHelper.invokeMethod(MethodInvocationHelper.java:134)
	at org.testng.internal.TestInvoker.invokeMethod(TestInvoker.java:597)
	at org.testng.internal.TestInvoker.invokeTestMethod(TestInvoker.java:173)
	at org.testng.internal.MethodRunner.runInSequence(MethodRunner.java:46)
	at org.testng.internal.TestInvoker$MethodInvocationAgent.invoke(TestInvoker.java:816)
	at org.testng.internal.TestInvoker.invokeTestMethods(TestInvoker.java:146)
	at org.testng.internal.TestMethodWorker.invokeTestMethods(TestMethodWorker.java:146)
	at org.testng.internal.TestMethodWorker.run(TestMethodWorker.java:128)
	at java.util.ArrayList.forEach(ArrayList.java:1257)
	at org.testng.TestRunner.privateRun(TestRunner.java:766)
	at org.testng.TestRunner.run(TestRunner.java:587)
	at org.testng.SuiteRunner.runTest(SuiteRunner.java:384)
	at org.testng.SuiteRunner.runSequentially(SuiteRunner.java:378)
	at org.testng.SuiteRunner.privateRun(SuiteRunner.java:337)
	at org.testng.SuiteRunner.run(SuiteRunner.java:286)
	at org.testng.SuiteRunnerWorker.runSuite(SuiteRunnerWorker.java:53)
	at org.testng.SuiteRunnerWorker.run(SuiteRunnerWorker.java:96)
	at org.testng.TestNG.runSuitesSequentially(TestNG.java:1187)
	at org.testng.TestNG.runSuitesLocally(TestNG.java:1109)
	at org.testng.TestNG.runSuites(TestNG.java:1039)
	at org.testng.TestNG.run(TestNG.java:1007)
	at org.apache.maven.surefire.testng.TestNGExecutor.run(TestNGExecutor.java:77)
	at org.apache.maven.surefire.testng.TestNGDirectoryTestSuite.executeMulti(TestNGDirectoryTestSuite.java:159)
	at org.apache.maven.surefire.testng.TestNGDirectoryTestSuite.execute(TestNGDirectoryTestSuite.java:99)
	at org.apache.maven.surefire.testng.TestNGProvider.invoke(TestNGProvider.java:106)
	at sun.reflect.NativeMethodAccessorImpl.invoke0(Native Method)
	at sun.reflect.NativeMethodAccessorImpl.invoke(NativeMethodAccessorImpl.java:62)
	at sun.reflect.DelegatingMethodAccessorImpl.invoke(DelegatingMethodAccessorImpl.java:43)
	at java.lang.reflect.Method.invoke(Method.java:498)
	at org.apache.maven.surefire.util.ReflectionUtils.invokeMethodWithArray(ReflectionUtils.java:189)
	at org.apache.maven.surefire.booter.ProviderFactory$ProviderProxy.invoke(ProviderFactory.java:165)
	at org.apache.maven.surefire.booter.ProviderFactory.invokeProvider(ProviderFactory.java:85)
	at org.apache.maven.surefire.booter.ForkedBooter.runSuitesInProcess(ForkedBooter.java:115)
	at org.apache.maven.surefire.booter.ForkedBooter.main(ForkedBooter.java:75)
</pre></div></td>
<td>0</td>
<td>com.ibm.watson.health.iml.v1.unit.InsightsForMedicalLiteratureServiceTest@7348e75e</td></tr>
<tr>
<td title='com.ibm.watson.health.iml.v1.model.GetSimilarConceptsOptionsTest.testGetSimilarConceptsOptions()'><b>testGetSimilarConceptsOptions</b><br>Test class: com.ibm.watson.health.iml.v1.model.GetSimilarConceptsOptionsTest</td>
<td></td>
<td>0</td>
<td>com.ibm.watson.health.iml.v1.model.GetSimilarConceptsOptionsTest@37a0fc8c</td></tr>
<tr>
<td title='com.ibm.watson.health.iml.v1.model.GetSimilarConceptsOptionsTest.testGetSimilarConceptsOptionsError()'><b>testGetSimilarConceptsOptionsError</b><br>Test class: com.ibm.watson.health.iml.v1.model.GetSimilarConceptsOptionsTest</td>
<td><div><pre>java.lang.IllegalArgumentException: corpus cannot be empty
	at com.ibm.cloud.sdk.core.util.Validator.notEmpty(Validator.java:84)
	at com.ibm.watson.health.iml.v1.model.GetSimilarConceptsOptions.&lt;init&gt;(GetSimilarConceptsOptions.java:151)
	at com.ibm.watson.health.iml.v1.model.GetSimilarConceptsOptions$Builder.build(GetSimilarConceptsOptions.java:74)
	at com.ibm.watson.health.iml.v1.model.GetSimilarConceptsOptionsTest.testGetSimilarConceptsOptionsError(GetSimilarConceptsOptionsTest.java:55)
	at java.util.ArrayList.forEach(ArrayList.java:1257)
... Removed 37 stack frames</pre></div><a href='#' onClick='toggleBox("stack-trace623079972", this, "Click to show all stack frames", "Click to hide stack frames")'>Click to show all stack frames</a>
<div class='stack-trace' id='stack-trace623079972'><pre>java.lang.IllegalArgumentException: corpus cannot be empty
	at com.ibm.cloud.sdk.core.util.Validator.notEmpty(Validator.java:84)
	at com.ibm.watson.health.iml.v1.model.GetSimilarConceptsOptions.&lt;init&gt;(GetSimilarConceptsOptions.java:151)
	at com.ibm.watson.health.iml.v1.model.GetSimilarConceptsOptions$Builder.build(GetSimilarConceptsOptions.java:74)
	at com.ibm.watson.health.iml.v1.model.GetSimilarConceptsOptionsTest.testGetSimilarConceptsOptionsError(GetSimilarConceptsOptionsTest.java:55)
	at sun.reflect.NativeMethodAccessorImpl.invoke0(Native Method)
	at sun.reflect.NativeMethodAccessorImpl.invoke(NativeMethodAccessorImpl.java:62)
	at sun.reflect.DelegatingMethodAccessorImpl.invoke(DelegatingMethodAccessorImpl.java:43)
	at java.lang.reflect.Method.invoke(Method.java:498)
	at org.testng.internal.MethodInvocationHelper.invokeMethod(MethodInvocationHelper.java:134)
	at org.testng.internal.TestInvoker.invokeMethod(TestInvoker.java:597)
	at org.testng.internal.TestInvoker.invokeTestMethod(TestInvoker.java:173)
	at org.testng.internal.MethodRunner.runInSequence(MethodRunner.java:46)
	at org.testng.internal.TestInvoker$MethodInvocationAgent.invoke(TestInvoker.java:816)
	at org.testng.internal.TestInvoker.invokeTestMethods(TestInvoker.java:146)
	at org.testng.internal.TestMethodWorker.invokeTestMethods(TestMethodWorker.java:146)
	at org.testng.internal.TestMethodWorker.run(TestMethodWorker.java:128)
	at java.util.ArrayList.forEach(ArrayList.java:1257)
	at org.testng.TestRunner.privateRun(TestRunner.java:766)
	at org.testng.TestRunner.run(TestRunner.java:587)
	at org.testng.SuiteRunner.runTest(SuiteRunner.java:384)
	at org.testng.SuiteRunner.runSequentially(SuiteRunner.java:378)
	at org.testng.SuiteRunner.privateRun(SuiteRunner.java:337)
	at org.testng.SuiteRunner.run(SuiteRunner.java:286)
	at org.testng.SuiteRunnerWorker.runSuite(SuiteRunnerWorker.java:53)
	at org.testng.SuiteRunnerWorker.run(SuiteRunnerWorker.java:96)
	at org.testng.TestNG.runSuitesSequentially(TestNG.java:1187)
	at org.testng.TestNG.runSuitesLocally(TestNG.java:1109)
	at org.testng.TestNG.runSuites(TestNG.java:1039)
	at org.testng.TestNG.run(TestNG.java:1007)
	at org.apache.maven.surefire.testng.TestNGExecutor.run(TestNGExecutor.java:77)
	at org.apache.maven.surefire.testng.TestNGDirectoryTestSuite.executeMulti(TestNGDirectoryTestSuite.java:159)
	at org.apache.maven.surefire.testng.TestNGDirectoryTestSuite.execute(TestNGDirectoryTestSuite.java:99)
	at org.apache.maven.surefire.testng.TestNGProvider.invoke(TestNGProvider.java:106)
	at sun.reflect.NativeMethodAccessorImpl.invoke0(Native Method)
	at sun.reflect.NativeMethodAccessorImpl.invoke(NativeMethodAccessorImpl.java:62)
	at sun.reflect.DelegatingMethodAccessorImpl.invoke(DelegatingMethodAccessorImpl.java:43)
	at java.lang.reflect.Method.invoke(Method.java:498)
	at org.apache.maven.surefire.util.ReflectionUtils.invokeMethodWithArray(ReflectionUtils.java:189)
	at org.apache.maven.surefire.booter.ProviderFactory$ProviderProxy.invoke(ProviderFactory.java:165)
	at org.apache.maven.surefire.booter.ProviderFactory.invokeProvider(ProviderFactory.java:85)
	at org.apache.maven.surefire.booter.ForkedBooter.runSuitesInProcess(ForkedBooter.java:115)
	at org.apache.maven.surefire.booter.ForkedBooter.main(ForkedBooter.java:75)
</pre></div></td>
<td>0</td>
<td>com.ibm.watson.health.iml.v1.model.GetSimilarConceptsOptionsTest@37a0fc8c</td></tr>
<tr>
<td title='com.ibm.watson.health.iml.v1.unit.InsightsForMedicalLiteratureServiceTest.testGetSimilarConceptsWOptions()'><b>testGetSimilarConceptsWOptions</b><br>Test class: com.ibm.watson.health.iml.v1.unit.InsightsForMedicalLiteratureServiceTest</td>
<td></td>
<td>0</td>
<td>com.ibm.watson.health.iml.v1.unit.InsightsForMedicalLiteratureServiceTest@7348e75e</td></tr>
<tr>
<td title='com.ibm.watson.health.iml.v1.unit.InsightsForMedicalLiteratureServiceTest.testGetStatisticsNoOptions()'><b>testGetStatisticsNoOptions</b><br>Test class: com.ibm.watson.health.iml.v1.unit.InsightsForMedicalLiteratureServiceTest</td>
<td><div><pre>java.lang.IllegalArgumentException: getStatisticsOptions cannot be null
	at com.ibm.cloud.sdk.core.util.Validator.notNull(Validator.java:97)
	at com.ibm.watson.health.iml.v1.InsightsForMedicalLiteratureService.getStatistics(InsightsForMedicalLiteratureService.java:848)
	at com.ibm.watson.health.iml.v1.unit.InsightsForMedicalLiteratureServiceTest.testGetStatisticsNoOptions(InsightsForMedicalLiteratureServiceTest.java:971)
	at java.util.ArrayList.forEach(ArrayList.java:1257)
... Removed 37 stack frames</pre></div><a href='#' onClick='toggleBox("stack-trace1989197930", this, "Click to show all stack frames", "Click to hide stack frames")'>Click to show all stack frames</a>
<div class='stack-trace' id='stack-trace1989197930'><pre>java.lang.IllegalArgumentException: getStatisticsOptions cannot be null
	at com.ibm.cloud.sdk.core.util.Validator.notNull(Validator.java:97)
	at com.ibm.watson.health.iml.v1.InsightsForMedicalLiteratureService.getStatistics(InsightsForMedicalLiteratureService.java:848)
	at com.ibm.watson.health.iml.v1.unit.InsightsForMedicalLiteratureServiceTest.testGetStatisticsNoOptions(InsightsForMedicalLiteratureServiceTest.java:971)
	at sun.reflect.NativeMethodAccessorImpl.invoke0(Native Method)
	at sun.reflect.NativeMethodAccessorImpl.invoke(NativeMethodAccessorImpl.java:62)
	at sun.reflect.DelegatingMethodAccessorImpl.invoke(DelegatingMethodAccessorImpl.java:43)
	at java.lang.reflect.Method.invoke(Method.java:498)
	at org.testng.internal.MethodInvocationHelper.invokeMethod(MethodInvocationHelper.java:134)
	at org.testng.internal.TestInvoker.invokeMethod(TestInvoker.java:597)
	at org.testng.internal.TestInvoker.invokeTestMethod(TestInvoker.java:173)
	at org.testng.internal.MethodRunner.runInSequence(MethodRunner.java:46)
	at org.testng.internal.TestInvoker$MethodInvocationAgent.invoke(TestInvoker.java:816)
	at org.testng.internal.TestInvoker.invokeTestMethods(TestInvoker.java:146)
	at org.testng.internal.TestMethodWorker.invokeTestMethods(TestMethodWorker.java:146)
	at org.testng.internal.TestMethodWorker.run(TestMethodWorker.java:128)
	at java.util.ArrayList.forEach(ArrayList.java:1257)
	at org.testng.TestRunner.privateRun(TestRunner.java:766)
	at org.testng.TestRunner.run(TestRunner.java:587)
	at org.testng.SuiteRunner.runTest(SuiteRunner.java:384)
	at org.testng.SuiteRunner.runSequentially(SuiteRunner.java:378)
	at org.testng.SuiteRunner.privateRun(SuiteRunner.java:337)
	at org.testng.SuiteRunner.run(SuiteRunner.java:286)
	at org.testng.SuiteRunnerWorker.runSuite(SuiteRunnerWorker.java:53)
	at org.testng.SuiteRunnerWorker.run(SuiteRunnerWorker.java:96)
	at org.testng.TestNG.runSuitesSequentially(TestNG.java:1187)
	at org.testng.TestNG.runSuitesLocally(TestNG.java:1109)
	at org.testng.TestNG.runSuites(TestNG.java:1039)
	at org.testng.TestNG.run(TestNG.java:1007)
	at org.apache.maven.surefire.testng.TestNGExecutor.run(TestNGExecutor.java:77)
	at org.apache.maven.surefire.testng.TestNGDirectoryTestSuite.executeMulti(TestNGDirectoryTestSuite.java:159)
	at org.apache.maven.surefire.testng.TestNGDirectoryTestSuite.execute(TestNGDirectoryTestSuite.java:99)
	at org.apache.maven.surefire.testng.TestNGProvider.invoke(TestNGProvider.java:106)
	at sun.reflect.NativeMethodAccessorImpl.invoke0(Native Method)
	at sun.reflect.NativeMethodAccessorImpl.invoke(NativeMethodAccessorImpl.java:62)
	at sun.reflect.DelegatingMethodAccessorImpl.invoke(DelegatingMethodAccessorImpl.java:43)
	at java.lang.reflect.Method.invoke(Method.java:498)
	at org.apache.maven.surefire.util.ReflectionUtils.invokeMethodWithArray(ReflectionUtils.java:189)
	at org.apache.maven.surefire.booter.ProviderFactory$ProviderProxy.invoke(ProviderFactory.java:165)
	at org.apache.maven.surefire.booter.ProviderFactory.invokeProvider(ProviderFactory.java:85)
	at org.apache.maven.surefire.booter.ForkedBooter.runSuitesInProcess(ForkedBooter.java:115)
	at org.apache.maven.surefire.booter.ForkedBooter.main(ForkedBooter.java:75)
</pre></div></td>
<td>0</td>
<td>com.ibm.watson.health.iml.v1.unit.InsightsForMedicalLiteratureServiceTest@7348e75e</td></tr>
<tr>
<td title='com.ibm.watson.health.iml.v1.model.GetStatisticsOptionsTest.testGetStatisticsOptions()'><b>testGetStatisticsOptions</b><br>Test class: com.ibm.watson.health.iml.v1.model.GetStatisticsOptionsTest</td>
<td></td>
<td>0</td>
<td>com.ibm.watson.health.iml.v1.model.GetStatisticsOptionsTest@7d2be319</td></tr>
<tr>
<td title='com.ibm.watson.health.iml.v1.model.GetStatisticsOptionsTest.testGetStatisticsOptionsError()'><b>testGetStatisticsOptionsError</b><br>Test class: com.ibm.watson.health.iml.v1.model.GetStatisticsOptionsTest</td>
<td><div><pre>java.lang.IllegalArgumentException: corpus cannot be empty
	at com.ibm.cloud.sdk.core.util.Validator.notEmpty(Validator.java:84)
	at com.ibm.watson.health.iml.v1.model.GetStatisticsOptions.&lt;init&gt;(GetStatisticsOptions.java:71)
	at com.ibm.watson.health.iml.v1.model.GetStatisticsOptions$Builder.build(GetStatisticsOptions.java:55)
	at com.ibm.watson.health.iml.v1.model.GetStatisticsOptionsTest.testGetStatisticsOptionsError(GetStatisticsOptionsTest.java:45)
	at java.util.ArrayList.forEach(ArrayList.java:1257)
... Removed 37 stack frames</pre></div><a href='#' onClick='toggleBox("stack-trace2090280776", this, "Click to show all stack frames", "Click to hide stack frames")'>Click to show all stack frames</a>
<div class='stack-trace' id='stack-trace2090280776'><pre>java.lang.IllegalArgumentException: corpus cannot be empty
	at com.ibm.cloud.sdk.core.util.Validator.notEmpty(Validator.java:84)
	at com.ibm.watson.health.iml.v1.model.GetStatisticsOptions.&lt;init&gt;(GetStatisticsOptions.java:71)
	at com.ibm.watson.health.iml.v1.model.GetStatisticsOptions$Builder.build(GetStatisticsOptions.java:55)
	at com.ibm.watson.health.iml.v1.model.GetStatisticsOptionsTest.testGetStatisticsOptionsError(GetStatisticsOptionsTest.java:45)
	at sun.reflect.NativeMethodAccessorImpl.invoke0(Native Method)
	at sun.reflect.NativeMethodAccessorImpl.invoke(NativeMethodAccessorImpl.java:62)
	at sun.reflect.DelegatingMethodAccessorImpl.invoke(DelegatingMethodAccessorImpl.java:43)
	at java.lang.reflect.Method.invoke(Method.java:498)
	at org.testng.internal.MethodInvocationHelper.invokeMethod(MethodInvocationHelper.java:134)
	at org.testng.internal.TestInvoker.invokeMethod(TestInvoker.java:597)
	at org.testng.internal.TestInvoker.invokeTestMethod(TestInvoker.java:173)
	at org.testng.internal.MethodRunner.runInSequence(MethodRunner.java:46)
	at org.testng.internal.TestInvoker$MethodInvocationAgent.invoke(TestInvoker.java:816)
	at org.testng.internal.TestInvoker.invokeTestMethods(TestInvoker.java:146)
	at org.testng.internal.TestMethodWorker.invokeTestMethods(TestMethodWorker.java:146)
	at org.testng.internal.TestMethodWorker.run(TestMethodWorker.java:128)
	at java.util.ArrayList.forEach(ArrayList.java:1257)
	at org.testng.TestRunner.privateRun(TestRunner.java:766)
	at org.testng.TestRunner.run(TestRunner.java:587)
	at org.testng.SuiteRunner.runTest(SuiteRunner.java:384)
	at org.testng.SuiteRunner.runSequentially(SuiteRunner.java:378)
	at org.testng.SuiteRunner.privateRun(SuiteRunner.java:337)
	at org.testng.SuiteRunner.run(SuiteRunner.java:286)
	at org.testng.SuiteRunnerWorker.runSuite(SuiteRunnerWorker.java:53)
	at org.testng.SuiteRunnerWorker.run(SuiteRunnerWorker.java:96)
	at org.testng.TestNG.runSuitesSequentially(TestNG.java:1187)
	at org.testng.TestNG.runSuitesLocally(TestNG.java:1109)
	at org.testng.TestNG.runSuites(TestNG.java:1039)
	at org.testng.TestNG.run(TestNG.java:1007)
	at org.apache.maven.surefire.testng.TestNGExecutor.run(TestNGExecutor.java:77)
	at org.apache.maven.surefire.testng.TestNGDirectoryTestSuite.executeMulti(TestNGDirectoryTestSuite.java:159)
	at org.apache.maven.surefire.testng.TestNGDirectoryTestSuite.execute(TestNGDirectoryTestSuite.java:99)
	at org.apache.maven.surefire.testng.TestNGProvider.invoke(TestNGProvider.java:106)
	at sun.reflect.NativeMethodAccessorImpl.invoke0(Native Method)
	at sun.reflect.NativeMethodAccessorImpl.invoke(NativeMethodAccessorImpl.java:62)
	at sun.reflect.DelegatingMethodAccessorImpl.invoke(DelegatingMethodAccessorImpl.java:43)
	at java.lang.reflect.Method.invoke(Method.java:498)
	at org.apache.maven.surefire.util.ReflectionUtils.invokeMethodWithArray(ReflectionUtils.java:189)
	at org.apache.maven.surefire.booter.ProviderFactory$ProviderProxy.invoke(ProviderFactory.java:165)
	at org.apache.maven.surefire.booter.ProviderFactory.invokeProvider(ProviderFactory.java:85)
	at org.apache.maven.surefire.booter.ForkedBooter.runSuitesInProcess(ForkedBooter.java:115)
	at org.apache.maven.surefire.booter.ForkedBooter.main(ForkedBooter.java:75)
</pre></div></td>
<td>0</td>
<td>com.ibm.watson.health.iml.v1.model.GetStatisticsOptionsTest@7d2be319</td></tr>
<tr>
<td title='com.ibm.watson.health.iml.v1.unit.InsightsForMedicalLiteratureServiceTest.testGetStatisticsWOptions()'><b>testGetStatisticsWOptions</b><br>Test class: com.ibm.watson.health.iml.v1.unit.InsightsForMedicalLiteratureServiceTest</td>
<td></td>
<td>0</td>
<td>com.ibm.watson.health.iml.v1.unit.InsightsForMedicalLiteratureServiceTest@7348e75e</td></tr>
<tr>
<td title='com.ibm.watson.health.iml.v1.unit.InsightsForMedicalLiteratureServiceTest.testGetVersion()'><b>testGetVersion</b><br>Test class: com.ibm.watson.health.iml.v1.unit.InsightsForMedicalLiteratureServiceTest</td>
<td></td>
<td>0</td>
<td>com.ibm.watson.health.iml.v1.unit.InsightsForMedicalLiteratureServiceTest@7348e75e</td></tr>
<tr>
<td title='com.ibm.watson.health.iml.v1.model.HistogramDataTest.testHistogramData()'><b>testHistogramData</b><br>Test class: com.ibm.watson.health.iml.v1.model.HistogramDataTest</td>
<td></td>
<td>0</td>
<td>com.ibm.watson.health.iml.v1.model.HistogramDataTest@208185c0</td></tr>
<tr>
<td title='com.ibm.watson.health.iml.v1.model.HitCountTest.testHitCount()'><b>testHitCount</b><br>Test class: com.ibm.watson.health.iml.v1.model.HitCountTest</td>
<td></td>
<td>0</td>
<td>com.ibm.watson.health.iml.v1.model.HitCountTest@af94b0b</td></tr>
<tr>
<td title='com.ibm.watson.health.iml.v1.model.MatchEntryTest.testMatchEntry()'><b>testMatchEntry</b><br>Test class: com.ibm.watson.health.iml.v1.model.MatchEntryTest</td>
<td></td>
<td>0</td>
<td>com.ibm.watson.health.iml.v1.model.MatchEntryTest@4d84688f</td></tr>
<tr>
<td title='com.ibm.watson.health.iml.v1.model.MessageTest.testMessage()'><b>testMessage</b><br>Test class: com.ibm.watson.health.iml.v1.model.MessageTest</td>
<td></td>
<td>0</td>
<td>com.ibm.watson.health.iml.v1.model.MessageTest@11577ab8</td></tr>
<tr>
<td title='com.ibm.watson.health.iml.v1.model.MetadataFieldsTest.testMetadataFields()'><b>testMetadataFields</b><br>Test class: com.ibm.watson.health.iml.v1.model.MetadataFieldsTest</td>
<td></td>
<td>0</td>
<td>com.ibm.watson.health.iml.v1.model.MetadataFieldsTest@787a4519</td></tr>
<tr>
<td title='com.ibm.watson.health.iml.v1.model.MetadataModelTest.testMetadataModel()'><b>testMetadataModel</b><br>Test class: com.ibm.watson.health.iml.v1.model.MetadataModelTest</td>
<td></td>
<td>0</td>
<td>com.ibm.watson.health.iml.v1.model.MetadataModelTest@13866865</td></tr>
<tr>
<td title='com.ibm.watson.health.iml.v1.unit.InsightsForMedicalLiteratureServiceTest.testMonitorCorpusNoOptions()'><b>testMonitorCorpusNoOptions</b><br>Test class: com.ibm.watson.health.iml.v1.unit.InsightsForMedicalLiteratureServiceTest</td>
<td><div><pre>java.lang.IllegalArgumentException: monitorCorpusOptions cannot be null
	at com.ibm.cloud.sdk.core.util.Validator.notNull(Validator.java:97)
	at com.ibm.watson.health.iml.v1.InsightsForMedicalLiteratureService.monitorCorpus(InsightsForMedicalLiteratureService.java:761)
	at com.ibm.watson.health.iml.v1.unit.InsightsForMedicalLiteratureServiceTest.testMonitorCorpusNoOptions(InsightsForMedicalLiteratureServiceTest.java:829)
	at java.util.ArrayList.forEach(ArrayList.java:1257)
... Removed 37 stack frames</pre></div><a href='#' onClick='toggleBox("stack-trace1354184352", this, "Click to show all stack frames", "Click to hide stack frames")'>Click to show all stack frames</a>
<div class='stack-trace' id='stack-trace1354184352'><pre>java.lang.IllegalArgumentException: monitorCorpusOptions cannot be null
	at com.ibm.cloud.sdk.core.util.Validator.notNull(Validator.java:97)
	at com.ibm.watson.health.iml.v1.InsightsForMedicalLiteratureService.monitorCorpus(InsightsForMedicalLiteratureService.java:761)
	at com.ibm.watson.health.iml.v1.unit.InsightsForMedicalLiteratureServiceTest.testMonitorCorpusNoOptions(InsightsForMedicalLiteratureServiceTest.java:829)
	at sun.reflect.NativeMethodAccessorImpl.invoke0(Native Method)
	at sun.reflect.NativeMethodAccessorImpl.invoke(NativeMethodAccessorImpl.java:62)
	at sun.reflect.DelegatingMethodAccessorImpl.invoke(DelegatingMethodAccessorImpl.java:43)
	at java.lang.reflect.Method.invoke(Method.java:498)
	at org.testng.internal.MethodInvocationHelper.invokeMethod(MethodInvocationHelper.java:134)
	at org.testng.internal.TestInvoker.invokeMethod(TestInvoker.java:597)
	at org.testng.internal.TestInvoker.invokeTestMethod(TestInvoker.java:173)
	at org.testng.internal.MethodRunner.runInSequence(MethodRunner.java:46)
	at org.testng.internal.TestInvoker$MethodInvocationAgent.invoke(TestInvoker.java:816)
	at org.testng.internal.TestInvoker.invokeTestMethods(TestInvoker.java:146)
	at org.testng.internal.TestMethodWorker.invokeTestMethods(TestMethodWorker.java:146)
	at org.testng.internal.TestMethodWorker.run(TestMethodWorker.java:128)
	at java.util.ArrayList.forEach(ArrayList.java:1257)
	at org.testng.TestRunner.privateRun(TestRunner.java:766)
	at org.testng.TestRunner.run(TestRunner.java:587)
	at org.testng.SuiteRunner.runTest(SuiteRunner.java:384)
	at org.testng.SuiteRunner.runSequentially(SuiteRunner.java:378)
	at org.testng.SuiteRunner.privateRun(SuiteRunner.java:337)
	at org.testng.SuiteRunner.run(SuiteRunner.java:286)
	at org.testng.SuiteRunnerWorker.runSuite(SuiteRunnerWorker.java:53)
	at org.testng.SuiteRunnerWorker.run(SuiteRunnerWorker.java:96)
	at org.testng.TestNG.runSuitesSequentially(TestNG.java:1187)
	at org.testng.TestNG.runSuitesLocally(TestNG.java:1109)
	at org.testng.TestNG.runSuites(TestNG.java:1039)
	at org.testng.TestNG.run(TestNG.java:1007)
	at org.apache.maven.surefire.testng.TestNGExecutor.run(TestNGExecutor.java:77)
	at org.apache.maven.surefire.testng.TestNGDirectoryTestSuite.executeMulti(TestNGDirectoryTestSuite.java:159)
	at org.apache.maven.surefire.testng.TestNGDirectoryTestSuite.execute(TestNGDirectoryTestSuite.java:99)
	at org.apache.maven.surefire.testng.TestNGProvider.invoke(TestNGProvider.java:106)
	at sun.reflect.NativeMethodAccessorImpl.invoke0(Native Method)
	at sun.reflect.NativeMethodAccessorImpl.invoke(NativeMethodAccessorImpl.java:62)
	at sun.reflect.DelegatingMethodAccessorImpl.invoke(DelegatingMethodAccessorImpl.java:43)
	at java.lang.reflect.Method.invoke(Method.java:498)
	at org.apache.maven.surefire.util.ReflectionUtils.invokeMethodWithArray(ReflectionUtils.java:189)
	at org.apache.maven.surefire.booter.ProviderFactory$ProviderProxy.invoke(ProviderFactory.java:165)
	at org.apache.maven.surefire.booter.ProviderFactory.invokeProvider(ProviderFactory.java:85)
	at org.apache.maven.surefire.booter.ForkedBooter.runSuitesInProcess(ForkedBooter.java:115)
	at org.apache.maven.surefire.booter.ForkedBooter.main(ForkedBooter.java:75)
</pre></div></td>
<td>0</td>
<td>com.ibm.watson.health.iml.v1.unit.InsightsForMedicalLiteratureServiceTest@7348e75e</td></tr>
<tr>
<td title='com.ibm.watson.health.iml.v1.model.MonitorCorpusOptionsTest.testMonitorCorpusOptions()'><b>testMonitorCorpusOptions</b><br>Test class: com.ibm.watson.health.iml.v1.model.MonitorCorpusOptionsTest</td>
<td></td>
<td>0</td>
<td>com.ibm.watson.health.iml.v1.model.MonitorCorpusOptionsTest@5ca7619f</td></tr>
<tr>
<td title='com.ibm.watson.health.iml.v1.model.MonitorCorpusOptionsTest.testMonitorCorpusOptionsError()'><b>testMonitorCorpusOptionsError</b><br>Test class: com.ibm.watson.health.iml.v1.model.MonitorCorpusOptionsTest</td>
<td><div><pre>java.lang.IllegalArgumentException: apikey cannot be null
	at com.ibm.cloud.sdk.core.util.Validator.notNull(Validator.java:97)
	at com.ibm.watson.health.iml.v1.model.MonitorCorpusOptions.&lt;init&gt;(MonitorCorpusOptions.java:71)
	at com.ibm.watson.health.iml.v1.model.MonitorCorpusOptions$Builder.build(MonitorCorpusOptions.java:55)
	at com.ibm.watson.health.iml.v1.model.MonitorCorpusOptionsTest.testMonitorCorpusOptionsError(MonitorCorpusOptionsTest.java:45)
	at java.util.ArrayList.forEach(ArrayList.java:1257)
... Removed 37 stack frames</pre></div><a href='#' onClick='toggleBox("stack-trace1181670854", this, "Click to show all stack frames", "Click to hide stack frames")'>Click to show all stack frames</a>
<div class='stack-trace' id='stack-trace1181670854'><pre>java.lang.IllegalArgumentException: apikey cannot be null
	at com.ibm.cloud.sdk.core.util.Validator.notNull(Validator.java:97)
	at com.ibm.watson.health.iml.v1.model.MonitorCorpusOptions.&lt;init&gt;(MonitorCorpusOptions.java:71)
	at com.ibm.watson.health.iml.v1.model.MonitorCorpusOptions$Builder.build(MonitorCorpusOptions.java:55)
	at com.ibm.watson.health.iml.v1.model.MonitorCorpusOptionsTest.testMonitorCorpusOptionsError(MonitorCorpusOptionsTest.java:45)
	at sun.reflect.NativeMethodAccessorImpl.invoke0(Native Method)
	at sun.reflect.NativeMethodAccessorImpl.invoke(NativeMethodAccessorImpl.java:62)
	at sun.reflect.DelegatingMethodAccessorImpl.invoke(DelegatingMethodAccessorImpl.java:43)
	at java.lang.reflect.Method.invoke(Method.java:498)
	at org.testng.internal.MethodInvocationHelper.invokeMethod(MethodInvocationHelper.java:134)
	at org.testng.internal.TestInvoker.invokeMethod(TestInvoker.java:597)
	at org.testng.internal.TestInvoker.invokeTestMethod(TestInvoker.java:173)
	at org.testng.internal.MethodRunner.runInSequence(MethodRunner.java:46)
	at org.testng.internal.TestInvoker$MethodInvocationAgent.invoke(TestInvoker.java:816)
	at org.testng.internal.TestInvoker.invokeTestMethods(TestInvoker.java:146)
	at org.testng.internal.TestMethodWorker.invokeTestMethods(TestMethodWorker.java:146)
	at org.testng.internal.TestMethodWorker.run(TestMethodWorker.java:128)
	at java.util.ArrayList.forEach(ArrayList.java:1257)
	at org.testng.TestRunner.privateRun(TestRunner.java:766)
	at org.testng.TestRunner.run(TestRunner.java:587)
	at org.testng.SuiteRunner.runTest(SuiteRunner.java:384)
	at org.testng.SuiteRunner.runSequentially(SuiteRunner.java:378)
	at org.testng.SuiteRunner.privateRun(SuiteRunner.java:337)
	at org.testng.SuiteRunner.run(SuiteRunner.java:286)
	at org.testng.SuiteRunnerWorker.runSuite(SuiteRunnerWorker.java:53)
	at org.testng.SuiteRunnerWorker.run(SuiteRunnerWorker.java:96)
	at org.testng.TestNG.runSuitesSequentially(TestNG.java:1187)
	at org.testng.TestNG.runSuitesLocally(TestNG.java:1109)
	at org.testng.TestNG.runSuites(TestNG.java:1039)
	at org.testng.TestNG.run(TestNG.java:1007)
	at org.apache.maven.surefire.testng.TestNGExecutor.run(TestNGExecutor.java:77)
	at org.apache.maven.surefire.testng.TestNGDirectoryTestSuite.executeMulti(TestNGDirectoryTestSuite.java:159)
	at org.apache.maven.surefire.testng.TestNGDirectoryTestSuite.execute(TestNGDirectoryTestSuite.java:99)
	at org.apache.maven.surefire.testng.TestNGProvider.invoke(TestNGProvider.java:106)
	at sun.reflect.NativeMethodAccessorImpl.invoke0(Native Method)
	at sun.reflect.NativeMethodAccessorImpl.invoke(NativeMethodAccessorImpl.java:62)
	at sun.reflect.DelegatingMethodAccessorImpl.invoke(DelegatingMethodAccessorImpl.java:43)
	at java.lang.reflect.Method.invoke(Method.java:498)
	at org.apache.maven.surefire.util.ReflectionUtils.invokeMethodWithArray(ReflectionUtils.java:189)
	at org.apache.maven.surefire.booter.ProviderFactory$ProviderProxy.invoke(ProviderFactory.java:165)
	at org.apache.maven.surefire.booter.ProviderFactory.invokeProvider(ProviderFactory.java:85)
	at org.apache.maven.surefire.booter.ForkedBooter.runSuitesInProcess(ForkedBooter.java:115)
	at org.apache.maven.surefire.booter.ForkedBooter.main(ForkedBooter.java:75)
</pre></div></td>
<td>0</td>
<td>com.ibm.watson.health.iml.v1.model.MonitorCorpusOptionsTest@5ca7619f</td></tr>
<tr>
<td title='com.ibm.watson.health.iml.v1.unit.InsightsForMedicalLiteratureServiceTest.testMonitorCorpusWOptions()'><b>testMonitorCorpusWOptions</b><br>Test class: com.ibm.watson.health.iml.v1.unit.InsightsForMedicalLiteratureServiceTest</td>
<td></td>
<td>0</td>
<td>com.ibm.watson.health.iml.v1.unit.InsightsForMedicalLiteratureServiceTest@7348e75e</td></tr>
<tr>
<td title='com.ibm.watson.health.iml.v1.model.PassageTest.testPassage()'><b>testPassage</b><br>Test class: com.ibm.watson.health.iml.v1.model.PassageTest</td>
<td></td>
<td>0</td>
<td>com.ibm.watson.health.iml.v1.model.PassageTest@52c27d53</td></tr>
<tr>
<td title='com.ibm.watson.health.iml.v1.model.PassagesModelTest.testPassagesModel()'><b>testPassagesModel</b><br>Test class: com.ibm.watson.health.iml.v1.model.PassagesModelTest</td>
<td></td>
<td>0</td>
<td>com.ibm.watson.health.iml.v1.model.PassagesModelTest@402676e3</td></tr>
<tr>
<td title='com.ibm.watson.health.iml.v1.model.PossbileValuesTest.testPossbileValues()'><b>testPossbileValues</b><br>Test class: com.ibm.watson.health.iml.v1.model.PossbileValuesTest</td>
<td></td>
<td>0</td>
<td>com.ibm.watson.health.iml.v1.model.PossbileValuesTest@64381526</td></tr>
<tr>
<td title='com.ibm.watson.health.iml.v1.model.QualiferTest.testQualifer()'><b>testQualifer</b><br>Test class: com.ibm.watson.health.iml.v1.model.QualiferTest</td>
<td></td>
<td>0</td>
<td>com.ibm.watson.health.iml.v1.model.QualiferTest@1a4ae53d</td></tr>
<tr>
<td title='com.ibm.watson.health.iml.v1.model.RangeModelTest.testRangeModel()'><b>testRangeModel</b><br>Test class: com.ibm.watson.health.iml.v1.model.RangeModelTest</td>
<td></td>
<td>0</td>
<td>com.ibm.watson.health.iml.v1.model.RangeModelTest@5862dda4</td></tr>
<tr>
<td title='com.ibm.watson.health.iml.v1.model.RankedDocLinksTest.testRankedDocLinks()'><b>testRankedDocLinks</b><br>Test class: com.ibm.watson.health.iml.v1.model.RankedDocLinksTest</td>
<td></td>
<td>0</td>
<td>com.ibm.watson.health.iml.v1.model.RankedDocLinksTest@5759edff</td></tr>
<tr>
<td title='com.ibm.watson.health.iml.v1.model.RankedDocumentTest.testRankedDocument()'><b>testRankedDocument</b><br>Test class: com.ibm.watson.health.iml.v1.model.RankedDocumentTest</td>
<td></td>
<td>0</td>
<td>com.ibm.watson.health.iml.v1.model.RankedDocumentTest@4edde05c</td></tr>
<tr>
<td title='com.ibm.watson.health.iml.v1.model.RelatedConceptModelTest.testRelatedConceptModel()'><b>testRelatedConceptModel</b><br>Test class: com.ibm.watson.health.iml.v1.model.RelatedConceptModelTest</td>
<td></td>
<td>0</td>
<td>com.ibm.watson.health.iml.v1.model.RelatedConceptModelTest@2911db81</td></tr>
<tr>
<td title='com.ibm.watson.health.iml.v1.model.RelatedConceptsModelTest.testRelatedConceptsModel()'><b>testRelatedConceptsModel</b><br>Test class: com.ibm.watson.health.iml.v1.model.RelatedConceptsModelTest</td>
<td></td>
<td>0</td>
<td>com.ibm.watson.health.iml.v1.model.RelatedConceptsModelTest@7741507c</td></tr>
<tr>
<td title='com.ibm.watson.health.iml.v1.model.RelationModelTest.testRelationModel()'><b>testRelationModel</b><br>Test class: com.ibm.watson.health.iml.v1.model.RelationModelTest</td>
<td></td>
<td>0</td>
<td>com.ibm.watson.health.iml.v1.model.RelationModelTest@29d563bd</td></tr>
<tr>
<td title='com.ibm.watson.health.iml.v1.model.SearchMatchesModelTest.testSearchMatchesModel()'><b>testSearchMatchesModel</b><br>Test class: com.ibm.watson.health.iml.v1.model.SearchMatchesModelTest</td>
<td></td>
<td>0</td>
<td>com.ibm.watson.health.iml.v1.model.SearchMatchesModelTest@2fc435e9</td></tr>
<tr>
<td title='com.ibm.watson.health.iml.v1.model.SearchModelTest.testSearchModel()'><b>testSearchModel</b><br>Test class: com.ibm.watson.health.iml.v1.model.SearchModelTest</td>
<td></td>
<td>0</td>
<td>com.ibm.watson.health.iml.v1.model.SearchModelTest@1831447c</td></tr>
<tr>
<td title='com.ibm.watson.health.iml.v1.unit.InsightsForMedicalLiteratureServiceTest.testSearchNoOptions()'><b>testSearchNoOptions</b><br>Test class: com.ibm.watson.health.iml.v1.unit.InsightsForMedicalLiteratureServiceTest</td>
<td><div><pre>java.lang.IllegalArgumentException: searchOptions cannot be null
	at com.ibm.cloud.sdk.core.util.Validator.notNull(Validator.java:97)
	at com.ibm.watson.health.iml.v1.InsightsForMedicalLiteratureService.search(InsightsForMedicalLiteratureService.java:957)
	at com.ibm.watson.health.iml.v1.unit.InsightsForMedicalLiteratureServiceTest.testSearchNoOptions(InsightsForMedicalLiteratureServiceTest.java:1102)
	at java.util.ArrayList.forEach(ArrayList.java:1257)
... Removed 37 stack frames</pre></div><a href='#' onClick='toggleBox("stack-trace66707894", this, "Click to show all stack frames", "Click to hide stack frames")'>Click to show all stack frames</a>
<div class='stack-trace' id='stack-trace66707894'><pre>java.lang.IllegalArgumentException: searchOptions cannot be null
	at com.ibm.cloud.sdk.core.util.Validator.notNull(Validator.java:97)
	at com.ibm.watson.health.iml.v1.InsightsForMedicalLiteratureService.search(InsightsForMedicalLiteratureService.java:957)
	at com.ibm.watson.health.iml.v1.unit.InsightsForMedicalLiteratureServiceTest.testSearchNoOptions(InsightsForMedicalLiteratureServiceTest.java:1102)
	at sun.reflect.NativeMethodAccessorImpl.invoke0(Native Method)
	at sun.reflect.NativeMethodAccessorImpl.invoke(NativeMethodAccessorImpl.java:62)
	at sun.reflect.DelegatingMethodAccessorImpl.invoke(DelegatingMethodAccessorImpl.java:43)
	at java.lang.reflect.Method.invoke(Method.java:498)
	at org.testng.internal.MethodInvocationHelper.invokeMethod(MethodInvocationHelper.java:134)
	at org.testng.internal.TestInvoker.invokeMethod(TestInvoker.java:597)
	at org.testng.internal.TestInvoker.invokeTestMethod(TestInvoker.java:173)
	at org.testng.internal.MethodRunner.runInSequence(MethodRunner.java:46)
	at org.testng.internal.TestInvoker$MethodInvocationAgent.invoke(TestInvoker.java:816)
	at org.testng.internal.TestInvoker.invokeTestMethods(TestInvoker.java:146)
	at org.testng.internal.TestMethodWorker.invokeTestMethods(TestMethodWorker.java:146)
	at org.testng.internal.TestMethodWorker.run(TestMethodWorker.java:128)
	at java.util.ArrayList.forEach(ArrayList.java:1257)
	at org.testng.TestRunner.privateRun(TestRunner.java:766)
	at org.testng.TestRunner.run(TestRunner.java:587)
	at org.testng.SuiteRunner.runTest(SuiteRunner.java:384)
	at org.testng.SuiteRunner.runSequentially(SuiteRunner.java:378)
	at org.testng.SuiteRunner.privateRun(SuiteRunner.java:337)
	at org.testng.SuiteRunner.run(SuiteRunner.java:286)
	at org.testng.SuiteRunnerWorker.runSuite(SuiteRunnerWorker.java:53)
	at org.testng.SuiteRunnerWorker.run(SuiteRunnerWorker.java:96)
	at org.testng.TestNG.runSuitesSequentially(TestNG.java:1187)
	at org.testng.TestNG.runSuitesLocally(TestNG.java:1109)
	at org.testng.TestNG.runSuites(TestNG.java:1039)
	at org.testng.TestNG.run(TestNG.java:1007)
	at org.apache.maven.surefire.testng.TestNGExecutor.run(TestNGExecutor.java:77)
	at org.apache.maven.surefire.testng.TestNGDirectoryTestSuite.executeMulti(TestNGDirectoryTestSuite.java:159)
	at org.apache.maven.surefire.testng.TestNGDirectoryTestSuite.execute(TestNGDirectoryTestSuite.java:99)
	at org.apache.maven.surefire.testng.TestNGProvider.invoke(TestNGProvider.java:106)
	at sun.reflect.NativeMethodAccessorImpl.invoke0(Native Method)
	at sun.reflect.NativeMethodAccessorImpl.invoke(NativeMethodAccessorImpl.java:62)
	at sun.reflect.DelegatingMethodAccessorImpl.invoke(DelegatingMethodAccessorImpl.java:43)
	at java.lang.reflect.Method.invoke(Method.java:498)
	at org.apache.maven.surefire.util.ReflectionUtils.invokeMethodWithArray(ReflectionUtils.java:189)
	at org.apache.maven.surefire.booter.ProviderFactory$ProviderProxy.invoke(ProviderFactory.java:165)
	at org.apache.maven.surefire.booter.ProviderFactory.invokeProvider(ProviderFactory.java:85)
	at org.apache.maven.surefire.booter.ForkedBooter.runSuitesInProcess(ForkedBooter.java:115)
	at org.apache.maven.surefire.booter.ForkedBooter.main(ForkedBooter.java:75)
</pre></div></td>
<td>0</td>
<td>com.ibm.watson.health.iml.v1.unit.InsightsForMedicalLiteratureServiceTest@7348e75e</td></tr>
<tr>
<td title='com.ibm.watson.health.iml.v1.model.SearchOptionsTest.testSearchOptions()'><b>testSearchOptions</b><br>Test class: com.ibm.watson.health.iml.v1.model.SearchOptionsTest</td>
<td></td>
<td>0</td>
<td>com.ibm.watson.health.iml.v1.model.SearchOptionsTest@1504b493</td></tr>
<tr>
<td title='com.ibm.watson.health.iml.v1.model.SearchOptionsTest.testSearchOptionsError()'><b>testSearchOptionsError</b><br>Test class: com.ibm.watson.health.iml.v1.model.SearchOptionsTest</td>
<td><div><pre>java.lang.IllegalArgumentException: corpus cannot be empty
	at com.ibm.cloud.sdk.core.util.Validator.notEmpty(Validator.java:84)
	at com.ibm.watson.health.iml.v1.model.SearchOptions.&lt;init&gt;(SearchOptions.java:118)
	at com.ibm.watson.health.iml.v1.model.SearchOptions$Builder.build(SearchOptions.java:69)
	at com.ibm.watson.health.iml.v1.model.SearchOptionsTest.testSearchOptionsError(SearchOptionsTest.java:49)
	at java.util.ArrayList.forEach(ArrayList.java:1257)
... Removed 37 stack frames</pre></div><a href='#' onClick='toggleBox("stack-trace1824861873", this, "Click to show all stack frames", "Click to hide stack frames")'>Click to show all stack frames</a>
<div class='stack-trace' id='stack-trace1824861873'><pre>java.lang.IllegalArgumentException: corpus cannot be empty
	at com.ibm.cloud.sdk.core.util.Validator.notEmpty(Validator.java:84)
	at com.ibm.watson.health.iml.v1.model.SearchOptions.&lt;init&gt;(SearchOptions.java:118)
	at com.ibm.watson.health.iml.v1.model.SearchOptions$Builder.build(SearchOptions.java:69)
	at com.ibm.watson.health.iml.v1.model.SearchOptionsTest.testSearchOptionsError(SearchOptionsTest.java:49)
	at sun.reflect.NativeMethodAccessorImpl.invoke0(Native Method)
	at sun.reflect.NativeMethodAccessorImpl.invoke(NativeMethodAccessorImpl.java:62)
	at sun.reflect.DelegatingMethodAccessorImpl.invoke(DelegatingMethodAccessorImpl.java:43)
	at java.lang.reflect.Method.invoke(Method.java:498)
	at org.testng.internal.MethodInvocationHelper.invokeMethod(MethodInvocationHelper.java:134)
	at org.testng.internal.TestInvoker.invokeMethod(TestInvoker.java:597)
	at org.testng.internal.TestInvoker.invokeTestMethod(TestInvoker.java:173)
	at org.testng.internal.MethodRunner.runInSequence(MethodRunner.java:46)
	at org.testng.internal.TestInvoker$MethodInvocationAgent.invoke(TestInvoker.java:816)
	at org.testng.internal.TestInvoker.invokeTestMethods(TestInvoker.java:146)
	at org.testng.internal.TestMethodWorker.invokeTestMethods(TestMethodWorker.java:146)
	at org.testng.internal.TestMethodWorker.run(TestMethodWorker.java:128)
	at java.util.ArrayList.forEach(ArrayList.java:1257)
	at org.testng.TestRunner.privateRun(TestRunner.java:766)
	at org.testng.TestRunner.run(TestRunner.java:587)
	at org.testng.SuiteRunner.runTest(SuiteRunner.java:384)
	at org.testng.SuiteRunner.runSequentially(SuiteRunner.java:378)
	at org.testng.SuiteRunner.privateRun(SuiteRunner.java:337)
	at org.testng.SuiteRunner.run(SuiteRunner.java:286)
	at org.testng.SuiteRunnerWorker.runSuite(SuiteRunnerWorker.java:53)
	at org.testng.SuiteRunnerWorker.run(SuiteRunnerWorker.java:96)
	at org.testng.TestNG.runSuitesSequentially(TestNG.java:1187)
	at org.testng.TestNG.runSuitesLocally(TestNG.java:1109)
	at org.testng.TestNG.runSuites(TestNG.java:1039)
	at org.testng.TestNG.run(TestNG.java:1007)
	at org.apache.maven.surefire.testng.TestNGExecutor.run(TestNGExecutor.java:77)
	at org.apache.maven.surefire.testng.TestNGDirectoryTestSuite.executeMulti(TestNGDirectoryTestSuite.java:159)
	at org.apache.maven.surefire.testng.TestNGDirectoryTestSuite.execute(TestNGDirectoryTestSuite.java:99)
	at org.apache.maven.surefire.testng.TestNGProvider.invoke(TestNGProvider.java:106)
	at sun.reflect.NativeMethodAccessorImpl.invoke0(Native Method)
	at sun.reflect.NativeMethodAccessorImpl.invoke(NativeMethodAccessorImpl.java:62)
	at sun.reflect.DelegatingMethodAccessorImpl.invoke(DelegatingMethodAccessorImpl.java:43)
	at java.lang.reflect.Method.invoke(Method.java:498)
	at org.apache.maven.surefire.util.ReflectionUtils.invokeMethodWithArray(ReflectionUtils.java:189)
	at org.apache.maven.surefire.booter.ProviderFactory$ProviderProxy.invoke(ProviderFactory.java:165)
	at org.apache.maven.surefire.booter.ProviderFactory.invokeProvider(ProviderFactory.java:85)
	at org.apache.maven.surefire.booter.ForkedBooter.runSuitesInProcess(ForkedBooter.java:115)
	at org.apache.maven.surefire.booter.ForkedBooter.main(ForkedBooter.java:75)
</pre></div></td>
<td>0</td>
<td>com.ibm.watson.health.iml.v1.model.SearchOptionsTest@1504b493</td></tr>
<tr>
<td title='com.ibm.watson.health.iml.v1.unit.InsightsForMedicalLiteratureServiceTest.testSearchWOptions()'><b>testSearchWOptions</b><br>Test class: com.ibm.watson.health.iml.v1.unit.InsightsForMedicalLiteratureServiceTest</td>
<td></td>
<td>0</td>
<td>com.ibm.watson.health.iml.v1.unit.InsightsForMedicalLiteratureServiceTest@7348e75e</td></tr>
<tr>
<td title='com.ibm.watson.health.iml.v1.model.SentenceModelTest.testSentenceModel()'><b>testSentenceModel</b><br>Test class: com.ibm.watson.health.iml.v1.model.SentenceModelTest</td>
<td></td>
<td>0</td>
<td>com.ibm.watson.health.iml.v1.model.SentenceModelTest@558aa1f1</td></tr>
<tr>
<td title='com.ibm.watson.health.iml.v1.model.ServiceStatusTest.testServiceStatus()'><b>testServiceStatus</b><br>Test class: com.ibm.watson.health.iml.v1.model.ServiceStatusTest</td>
<td></td>
<td>0</td>
<td>com.ibm.watson.health.iml.v1.model.ServiceStatusTest@4023d23f</td></tr>
<tr>
<td title='com.ibm.watson.health.iml.v1.model.SetCorpusConfigOptionsTest.testSetCorpusConfigOptions()'><b>testSetCorpusConfigOptions</b><br>Test class: com.ibm.watson.health.iml.v1.model.SetCorpusConfigOptionsTest</td>
<td></td>
<td>0</td>
<td>com.ibm.watson.health.iml.v1.model.SetCorpusConfigOptionsTest@3ee68eb2</td></tr>
<tr>
<td title='com.ibm.watson.health.iml.v1.unit.InsightsForMedicalLiteratureServiceTest.testSetCorpusConfigWOptions()'><b>testSetCorpusConfigWOptions</b><br>Test class: com.ibm.watson.health.iml.v1.unit.InsightsForMedicalLiteratureServiceTest</td>
<td></td>
<td>0</td>
<td>com.ibm.watson.health.iml.v1.unit.InsightsForMedicalLiteratureServiceTest@7348e75e</td></tr>
<tr>
<td title='com.ibm.watson.health.iml.v1.model.SetCorpusSchemaOptionsTest.testSetCorpusSchemaOptions()'><b>testSetCorpusSchemaOptions</b><br>Test class: com.ibm.watson.health.iml.v1.model.SetCorpusSchemaOptionsTest</td>
<td></td>
<td>0</td>
<td>com.ibm.watson.health.iml.v1.model.SetCorpusSchemaOptionsTest@550574cb</td></tr>
<tr>
<td title='com.ibm.watson.health.iml.v1.unit.InsightsForMedicalLiteratureServiceTest.testSetCorpusSchemaWOptions()'><b>testSetCorpusSchemaWOptions</b><br>Test class: com.ibm.watson.health.iml.v1.unit.InsightsForMedicalLiteratureServiceTest</td>
<td></td>
<td>0</td>
<td>com.ibm.watson.health.iml.v1.unit.InsightsForMedicalLiteratureServiceTest@7348e75e</td></tr>
<tr>
<td title='com.ibm.watson.health.iml.v1.model.StatModelTest.testStatModel()'><b>testStatModel</b><br>Test class: com.ibm.watson.health.iml.v1.model.StatModelTest</td>
<td></td>
<td>0</td>
<td>com.ibm.watson.health.iml.v1.model.StatModelTest@4ba1f425</td></tr>
<tr>
<td title='com.ibm.watson.health.iml.v1.model.StatisticsModelTest.testStatisticsModel()'><b>testStatisticsModel</b><br>Test class: com.ibm.watson.health.iml.v1.model.StatisticsModelTest</td>
<td></td>
<td>0</td>
<td>com.ibm.watson.health.iml.v1.model.StatisticsModelTest@35d3202b</td></tr>
<tr>
<td title='com.ibm.watson.health.iml.v1.model.StringBuilderTest.testStringBuilder()'><b>testStringBuilder</b><br>Test class: com.ibm.watson.health.iml.v1.model.StringBuilderTest</td>
<td></td>
<td>0</td>
<td>com.ibm.watson.health.iml.v1.model.StringBuilderTest@35c95869</td></tr>
<tr>
<td title='com.ibm.watson.health.iml.v1.model.TextSpanTest.testTextSpan()'><b>testTextSpan</b><br>Test class: com.ibm.watson.health.iml.v1.model.TextSpanTest</td>
<td></td>
<td>0</td>
<td>com.ibm.watson.health.iml.v1.model.TextSpanTest@2dfd157b</td></tr>
<tr>
<td title='com.ibm.watson.health.iml.v1.unit.InsightsForMedicalLiteratureServiceTest.testTokenizeNoOptions()'><b>testTokenizeNoOptions</b><br>Test class: com.ibm.watson.health.iml.v1.unit.InsightsForMedicalLiteratureServiceTest</td>
<td><div><pre>java.lang.IllegalArgumentException: tokenizeOptions cannot be null
	at com.ibm.cloud.sdk.core.util.Validator.notNull(Validator.java:97)
	at com.ibm.watson.health.iml.v1.InsightsForMedicalLiteratureService.tokenize(InsightsForMedicalLiteratureService.java:1294)
	at com.ibm.watson.health.iml.v1.unit.InsightsForMedicalLiteratureServiceTest.testTokenizeNoOptions(InsightsForMedicalLiteratureServiceTest.java:1659)
	at java.util.ArrayList.forEach(ArrayList.java:1257)
... Removed 37 stack frames</pre></div><a href='#' onClick='toggleBox("stack-trace566643598", this, "Click to show all stack frames", "Click to hide stack frames")'>Click to show all stack frames</a>
<div class='stack-trace' id='stack-trace566643598'><pre>java.lang.IllegalArgumentException: tokenizeOptions cannot be null
	at com.ibm.cloud.sdk.core.util.Validator.notNull(Validator.java:97)
	at com.ibm.watson.health.iml.v1.InsightsForMedicalLiteratureService.tokenize(InsightsForMedicalLiteratureService.java:1294)
	at com.ibm.watson.health.iml.v1.unit.InsightsForMedicalLiteratureServiceTest.testTokenizeNoOptions(InsightsForMedicalLiteratureServiceTest.java:1659)
	at sun.reflect.NativeMethodAccessorImpl.invoke0(Native Method)
	at sun.reflect.NativeMethodAccessorImpl.invoke(NativeMethodAccessorImpl.java:62)
	at sun.reflect.DelegatingMethodAccessorImpl.invoke(DelegatingMethodAccessorImpl.java:43)
	at java.lang.reflect.Method.invoke(Method.java:498)
	at org.testng.internal.MethodInvocationHelper.invokeMethod(MethodInvocationHelper.java:134)
	at org.testng.internal.TestInvoker.invokeMethod(TestInvoker.java:597)
	at org.testng.internal.TestInvoker.invokeTestMethod(TestInvoker.java:173)
	at org.testng.internal.MethodRunner.runInSequence(MethodRunner.java:46)
	at org.testng.internal.TestInvoker$MethodInvocationAgent.invoke(TestInvoker.java:816)
	at org.testng.internal.TestInvoker.invokeTestMethods(TestInvoker.java:146)
	at org.testng.internal.TestMethodWorker.invokeTestMethods(TestMethodWorker.java:146)
	at org.testng.internal.TestMethodWorker.run(TestMethodWorker.java:128)
	at java.util.ArrayList.forEach(ArrayList.java:1257)
	at org.testng.TestRunner.privateRun(TestRunner.java:766)
	at org.testng.TestRunner.run(TestRunner.java:587)
	at org.testng.SuiteRunner.runTest(SuiteRunner.java:384)
	at org.testng.SuiteRunner.runSequentially(SuiteRunner.java:378)
	at org.testng.SuiteRunner.privateRun(SuiteRunner.java:337)
	at org.testng.SuiteRunner.run(SuiteRunner.java:286)
	at org.testng.SuiteRunnerWorker.runSuite(SuiteRunnerWorker.java:53)
	at org.testng.SuiteRunnerWorker.run(SuiteRunnerWorker.java:96)
	at org.testng.TestNG.runSuitesSequentially(TestNG.java:1187)
	at org.testng.TestNG.runSuitesLocally(TestNG.java:1109)
	at org.testng.TestNG.runSuites(TestNG.java:1039)
	at org.testng.TestNG.run(TestNG.java:1007)
	at org.apache.maven.surefire.testng.TestNGExecutor.run(TestNGExecutor.java:77)
	at org.apache.maven.surefire.testng.TestNGDirectoryTestSuite.executeMulti(TestNGDirectoryTestSuite.java:159)
	at org.apache.maven.surefire.testng.TestNGDirectoryTestSuite.execute(TestNGDirectoryTestSuite.java:99)
	at org.apache.maven.surefire.testng.TestNGProvider.invoke(TestNGProvider.java:106)
	at sun.reflect.NativeMethodAccessorImpl.invoke0(Native Method)
	at sun.reflect.NativeMethodAccessorImpl.invoke(NativeMethodAccessorImpl.java:62)
	at sun.reflect.DelegatingMethodAccessorImpl.invoke(DelegatingMethodAccessorImpl.java:43)
	at java.lang.reflect.Method.invoke(Method.java:498)
	at org.apache.maven.surefire.util.ReflectionUtils.invokeMethodWithArray(ReflectionUtils.java:189)
	at org.apache.maven.surefire.booter.ProviderFactory$ProviderProxy.invoke(ProviderFactory.java:165)
	at org.apache.maven.surefire.booter.ProviderFactory.invokeProvider(ProviderFactory.java:85)
	at org.apache.maven.surefire.booter.ForkedBooter.runSuitesInProcess(ForkedBooter.java:115)
	at org.apache.maven.surefire.booter.ForkedBooter.main(ForkedBooter.java:75)
</pre></div></td>
<td>0</td>
<td>com.ibm.watson.health.iml.v1.unit.InsightsForMedicalLiteratureServiceTest@7348e75e</td></tr>
<tr>
<td title='com.ibm.watson.health.iml.v1.model.TokenizeOptionsTest.testTokenizeOptions()'><b>testTokenizeOptions</b><br>Test class: com.ibm.watson.health.iml.v1.model.TokenizeOptionsTest</td>
<td></td>
<td>0</td>
<td>com.ibm.watson.health.iml.v1.model.TokenizeOptionsTest@1ba3c03d</td></tr>
<tr>
<td title='com.ibm.watson.health.iml.v1.model.TokenizeOptionsTest.testTokenizeOptionsError()'><b>testTokenizeOptionsError</b><br>Test class: com.ibm.watson.health.iml.v1.model.TokenizeOptionsTest</td>
<td><div><pre>java.lang.IllegalArgumentException: corpus cannot be empty
	at com.ibm.cloud.sdk.core.util.Validator.notEmpty(Validator.java:84)
	at com.ibm.watson.health.iml.v1.model.TokenizeOptions.&lt;init&gt;(TokenizeOptions.java:158)
	at com.ibm.watson.health.iml.v1.model.TokenizeOptions$Builder.build(TokenizeOptions.java:81)
	at com.ibm.watson.health.iml.v1.model.TokenizeOptionsTest.testTokenizeOptionsError(TokenizeOptionsTest.java:55)
	at java.util.ArrayList.forEach(ArrayList.java:1257)
... Removed 37 stack frames</pre></div><a href='#' onClick='toggleBox("stack-trace1837240158", this, "Click to show all stack frames", "Click to hide stack frames")'>Click to show all stack frames</a>
<div class='stack-trace' id='stack-trace1837240158'><pre>java.lang.IllegalArgumentException: corpus cannot be empty
	at com.ibm.cloud.sdk.core.util.Validator.notEmpty(Validator.java:84)
	at com.ibm.watson.health.iml.v1.model.TokenizeOptions.&lt;init&gt;(TokenizeOptions.java:158)
	at com.ibm.watson.health.iml.v1.model.TokenizeOptions$Builder.build(TokenizeOptions.java:81)
	at com.ibm.watson.health.iml.v1.model.TokenizeOptionsTest.testTokenizeOptionsError(TokenizeOptionsTest.java:55)
	at sun.reflect.NativeMethodAccessorImpl.invoke0(Native Method)
	at sun.reflect.NativeMethodAccessorImpl.invoke(NativeMethodAccessorImpl.java:62)
	at sun.reflect.DelegatingMethodAccessorImpl.invoke(DelegatingMethodAccessorImpl.java:43)
	at java.lang.reflect.Method.invoke(Method.java:498)
	at org.testng.internal.MethodInvocationHelper.invokeMethod(MethodInvocationHelper.java:134)
	at org.testng.internal.TestInvoker.invokeMethod(TestInvoker.java:597)
	at org.testng.internal.TestInvoker.invokeTestMethod(TestInvoker.java:173)
	at org.testng.internal.MethodRunner.runInSequence(MethodRunner.java:46)
	at org.testng.internal.TestInvoker$MethodInvocationAgent.invoke(TestInvoker.java:816)
	at org.testng.internal.TestInvoker.invokeTestMethods(TestInvoker.java:146)
	at org.testng.internal.TestMethodWorker.invokeTestMethods(TestMethodWorker.java:146)
	at org.testng.internal.TestMethodWorker.run(TestMethodWorker.java:128)
	at java.util.ArrayList.forEach(ArrayList.java:1257)
	at org.testng.TestRunner.privateRun(TestRunner.java:766)
	at org.testng.TestRunner.run(TestRunner.java:587)
	at org.testng.SuiteRunner.runTest(SuiteRunner.java:384)
	at org.testng.SuiteRunner.runSequentially(SuiteRunner.java:378)
	at org.testng.SuiteRunner.privateRun(SuiteRunner.java:337)
	at org.testng.SuiteRunner.run(SuiteRunner.java:286)
	at org.testng.SuiteRunnerWorker.runSuite(SuiteRunnerWorker.java:53)
	at org.testng.SuiteRunnerWorker.run(SuiteRunnerWorker.java:96)
	at org.testng.TestNG.runSuitesSequentially(TestNG.java:1187)
	at org.testng.TestNG.runSuitesLocally(TestNG.java:1109)
	at org.testng.TestNG.runSuites(TestNG.java:1039)
	at org.testng.TestNG.run(TestNG.java:1007)
	at org.apache.maven.surefire.testng.TestNGExecutor.run(TestNGExecutor.java:77)
	at org.apache.maven.surefire.testng.TestNGDirectoryTestSuite.executeMulti(TestNGDirectoryTestSuite.java:159)
	at org.apache.maven.surefire.testng.TestNGDirectoryTestSuite.execute(TestNGDirectoryTestSuite.java:99)
	at org.apache.maven.surefire.testng.TestNGProvider.invoke(TestNGProvider.java:106)
	at sun.reflect.NativeMethodAccessorImpl.invoke0(Native Method)
	at sun.reflect.NativeMethodAccessorImpl.invoke(NativeMethodAccessorImpl.java:62)
	at sun.reflect.DelegatingMethodAccessorImpl.invoke(DelegatingMethodAccessorImpl.java:43)
	at java.lang.reflect.Method.invoke(Method.java:498)
	at org.apache.maven.surefire.util.ReflectionUtils.invokeMethodWithArray(ReflectionUtils.java:189)
	at org.apache.maven.surefire.booter.ProviderFactory$ProviderProxy.invoke(ProviderFactory.java:165)
	at org.apache.maven.surefire.booter.ProviderFactory.invokeProvider(ProviderFactory.java:85)
	at org.apache.maven.surefire.booter.ForkedBooter.runSuitesInProcess(ForkedBooter.java:115)
	at org.apache.maven.surefire.booter.ForkedBooter.main(ForkedBooter.java:75)
</pre></div></td>
<td>0</td>
<td>com.ibm.watson.health.iml.v1.model.TokenizeOptionsTest@1ba3c03d</td></tr>
<tr>
<td title='com.ibm.watson.health.iml.v1.unit.InsightsForMedicalLiteratureServiceTest.testTokenizeWOptions()'><b>testTokenizeWOptions</b><br>Test class: com.ibm.watson.health.iml.v1.unit.InsightsForMedicalLiteratureServiceTest</td>
<td></td>
<td>0</td>
<td>com.ibm.watson.health.iml.v1.unit.InsightsForMedicalLiteratureServiceTest@7348e75e</td></tr>
<tr>
<td title='com.ibm.watson.health.iml.v1.unit.InsightsForMedicalLiteratureServiceTest.testTypeaheadNoOptions()'><b>testTypeaheadNoOptions</b><br>Test class: com.ibm.watson.health.iml.v1.unit.InsightsForMedicalLiteratureServiceTest</td>
<td><div><pre>java.lang.IllegalArgumentException: typeaheadOptions cannot be null
	at com.ibm.cloud.sdk.core.util.Validator.notNull(Validator.java:97)
	at com.ibm.watson.health.iml.v1.InsightsForMedicalLiteratureService.typeahead(InsightsForMedicalLiteratureService.java:1019)
	at com.ibm.watson.health.iml.v1.unit.InsightsForMedicalLiteratureServiceTest.testTypeaheadNoOptions(InsightsForMedicalLiteratureServiceTest.java:1219)
	at java.util.ArrayList.forEach(ArrayList.java:1257)
... Removed 37 stack frames</pre></div><a href='#' onClick='toggleBox("stack-trace1767467635", this, "Click to show all stack frames", "Click to hide stack frames")'>Click to show all stack frames</a>
<div class='stack-trace' id='stack-trace1767467635'><pre>java.lang.IllegalArgumentException: typeaheadOptions cannot be null
	at com.ibm.cloud.sdk.core.util.Validator.notNull(Validator.java:97)
	at com.ibm.watson.health.iml.v1.InsightsForMedicalLiteratureService.typeahead(InsightsForMedicalLiteratureService.java:1019)
	at com.ibm.watson.health.iml.v1.unit.InsightsForMedicalLiteratureServiceTest.testTypeaheadNoOptions(InsightsForMedicalLiteratureServiceTest.java:1219)
	at sun.reflect.NativeMethodAccessorImpl.invoke0(Native Method)
	at sun.reflect.NativeMethodAccessorImpl.invoke(NativeMethodAccessorImpl.java:62)
	at sun.reflect.DelegatingMethodAccessorImpl.invoke(DelegatingMethodAccessorImpl.java:43)
	at java.lang.reflect.Method.invoke(Method.java:498)
	at org.testng.internal.MethodInvocationHelper.invokeMethod(MethodInvocationHelper.java:134)
	at org.testng.internal.TestInvoker.invokeMethod(TestInvoker.java:597)
	at org.testng.internal.TestInvoker.invokeTestMethod(TestInvoker.java:173)
	at org.testng.internal.MethodRunner.runInSequence(MethodRunner.java:46)
	at org.testng.internal.TestInvoker$MethodInvocationAgent.invoke(TestInvoker.java:816)
	at org.testng.internal.TestInvoker.invokeTestMethods(TestInvoker.java:146)
	at org.testng.internal.TestMethodWorker.invokeTestMethods(TestMethodWorker.java:146)
	at org.testng.internal.TestMethodWorker.run(TestMethodWorker.java:128)
	at java.util.ArrayList.forEach(ArrayList.java:1257)
	at org.testng.TestRunner.privateRun(TestRunner.java:766)
	at org.testng.TestRunner.run(TestRunner.java:587)
	at org.testng.SuiteRunner.runTest(SuiteRunner.java:384)
	at org.testng.SuiteRunner.runSequentially(SuiteRunner.java:378)
	at org.testng.SuiteRunner.privateRun(SuiteRunner.java:337)
	at org.testng.SuiteRunner.run(SuiteRunner.java:286)
	at org.testng.SuiteRunnerWorker.runSuite(SuiteRunnerWorker.java:53)
	at org.testng.SuiteRunnerWorker.run(SuiteRunnerWorker.java:96)
	at org.testng.TestNG.runSuitesSequentially(TestNG.java:1187)
	at org.testng.TestNG.runSuitesLocally(TestNG.java:1109)
	at org.testng.TestNG.runSuites(TestNG.java:1039)
	at org.testng.TestNG.run(TestNG.java:1007)
	at org.apache.maven.surefire.testng.TestNGExecutor.run(TestNGExecutor.java:77)
	at org.apache.maven.surefire.testng.TestNGDirectoryTestSuite.executeMulti(TestNGDirectoryTestSuite.java:159)
	at org.apache.maven.surefire.testng.TestNGDirectoryTestSuite.execute(TestNGDirectoryTestSuite.java:99)
	at org.apache.maven.surefire.testng.TestNGProvider.invoke(TestNGProvider.java:106)
	at sun.reflect.NativeMethodAccessorImpl.invoke0(Native Method)
	at sun.reflect.NativeMethodAccessorImpl.invoke(NativeMethodAccessorImpl.java:62)
	at sun.reflect.DelegatingMethodAccessorImpl.invoke(DelegatingMethodAccessorImpl.java:43)
	at java.lang.reflect.Method.invoke(Method.java:498)
	at org.apache.maven.surefire.util.ReflectionUtils.invokeMethodWithArray(ReflectionUtils.java:189)
	at org.apache.maven.surefire.booter.ProviderFactory$ProviderProxy.invoke(ProviderFactory.java:165)
	at org.apache.maven.surefire.booter.ProviderFactory.invokeProvider(ProviderFactory.java:85)
	at org.apache.maven.surefire.booter.ForkedBooter.runSuitesInProcess(ForkedBooter.java:115)
	at org.apache.maven.surefire.booter.ForkedBooter.main(ForkedBooter.java:75)
</pre></div></td>
<td>0</td>
<td>com.ibm.watson.health.iml.v1.unit.InsightsForMedicalLiteratureServiceTest@7348e75e</td></tr>
<tr>
<td title='com.ibm.watson.health.iml.v1.model.TypeaheadOptionsTest.testTypeaheadOptions()'><b>testTypeaheadOptions</b><br>Test class: com.ibm.watson.health.iml.v1.model.TypeaheadOptionsTest</td>
<td></td>
<td>0</td>
<td>com.ibm.watson.health.iml.v1.model.TypeaheadOptionsTest@4891d727</td></tr>
<tr>
<td title='com.ibm.watson.health.iml.v1.model.TypeaheadOptionsTest.testTypeaheadOptionsError()'><b>testTypeaheadOptionsError</b><br>Test class: com.ibm.watson.health.iml.v1.model.TypeaheadOptionsTest</td>
<td><div><pre>java.lang.IllegalArgumentException: corpus cannot be empty
	at com.ibm.cloud.sdk.core.util.Validator.notEmpty(Validator.java:84)
	at com.ibm.watson.health.iml.v1.model.TypeaheadOptions.&lt;init&gt;(TypeaheadOptions.java:241)
	at com.ibm.watson.health.iml.v1.model.TypeaheadOptions$Builder.build(TypeaheadOptions.java:103)
	at com.ibm.watson.health.iml.v1.model.TypeaheadOptionsTest.testTypeaheadOptionsError(TypeaheadOptionsTest.java:63)
	at java.util.ArrayList.forEach(ArrayList.java:1257)
... Removed 37 stack frames</pre></div><a href='#' onClick='toggleBox("stack-trace1771758126", this, "Click to show all stack frames", "Click to hide stack frames")'>Click to show all stack frames</a>
<div class='stack-trace' id='stack-trace1771758126'><pre>java.lang.IllegalArgumentException: corpus cannot be empty
	at com.ibm.cloud.sdk.core.util.Validator.notEmpty(Validator.java:84)
	at com.ibm.watson.health.iml.v1.model.TypeaheadOptions.&lt;init&gt;(TypeaheadOptions.java:241)
	at com.ibm.watson.health.iml.v1.model.TypeaheadOptions$Builder.build(TypeaheadOptions.java:103)
	at com.ibm.watson.health.iml.v1.model.TypeaheadOptionsTest.testTypeaheadOptionsError(TypeaheadOptionsTest.java:63)
	at sun.reflect.NativeMethodAccessorImpl.invoke0(Native Method)
	at sun.reflect.NativeMethodAccessorImpl.invoke(NativeMethodAccessorImpl.java:62)
	at sun.reflect.DelegatingMethodAccessorImpl.invoke(DelegatingMethodAccessorImpl.java:43)
	at java.lang.reflect.Method.invoke(Method.java:498)
	at org.testng.internal.MethodInvocationHelper.invokeMethod(MethodInvocationHelper.java:134)
	at org.testng.internal.TestInvoker.invokeMethod(TestInvoker.java:597)
	at org.testng.internal.TestInvoker.invokeTestMethod(TestInvoker.java:173)
	at org.testng.internal.MethodRunner.runInSequence(MethodRunner.java:46)
	at org.testng.internal.TestInvoker$MethodInvocationAgent.invoke(TestInvoker.java:816)
	at org.testng.internal.TestInvoker.invokeTestMethods(TestInvoker.java:146)
	at org.testng.internal.TestMethodWorker.invokeTestMethods(TestMethodWorker.java:146)
	at org.testng.internal.TestMethodWorker.run(TestMethodWorker.java:128)
	at java.util.ArrayList.forEach(ArrayList.java:1257)
	at org.testng.TestRunner.privateRun(TestRunner.java:766)
	at org.testng.TestRunner.run(TestRunner.java:587)
	at org.testng.SuiteRunner.runTest(SuiteRunner.java:384)
	at org.testng.SuiteRunner.runSequentially(SuiteRunner.java:378)
	at org.testng.SuiteRunner.privateRun(SuiteRunner.java:337)
	at org.testng.SuiteRunner.run(SuiteRunner.java:286)
	at org.testng.SuiteRunnerWorker.runSuite(SuiteRunnerWorker.java:53)
	at org.testng.SuiteRunnerWorker.run(SuiteRunnerWorker.java:96)
	at org.testng.TestNG.runSuitesSequentially(TestNG.java:1187)
	at org.testng.TestNG.runSuitesLocally(TestNG.java:1109)
	at org.testng.TestNG.runSuites(TestNG.java:1039)
	at org.testng.TestNG.run(TestNG.java:1007)
	at org.apache.maven.surefire.testng.TestNGExecutor.run(TestNGExecutor.java:77)
	at org.apache.maven.surefire.testng.TestNGDirectoryTestSuite.executeMulti(TestNGDirectoryTestSuite.java:159)
	at org.apache.maven.surefire.testng.TestNGDirectoryTestSuite.execute(TestNGDirectoryTestSuite.java:99)
	at org.apache.maven.surefire.testng.TestNGProvider.invoke(TestNGProvider.java:106)
	at sun.reflect.NativeMethodAccessorImpl.invoke0(Native Method)
	at sun.reflect.NativeMethodAccessorImpl.invoke(NativeMethodAccessorImpl.java:62)
	at sun.reflect.DelegatingMethodAccessorImpl.invoke(DelegatingMethodAccessorImpl.java:43)
	at java.lang.reflect.Method.invoke(Method.java:498)
	at org.apache.maven.surefire.util.ReflectionUtils.invokeMethodWithArray(ReflectionUtils.java:189)
	at org.apache.maven.surefire.booter.ProviderFactory$ProviderProxy.invoke(ProviderFactory.java:165)
	at org.apache.maven.surefire.booter.ProviderFactory.invokeProvider(ProviderFactory.java:85)
	at org.apache.maven.surefire.booter.ForkedBooter.runSuitesInProcess(ForkedBooter.java:115)
	at org.apache.maven.surefire.booter.ForkedBooter.main(ForkedBooter.java:75)
</pre></div></td>
<td>0</td>
<td>com.ibm.watson.health.iml.v1.model.TypeaheadOptionsTest@4891d727</td></tr>
<tr>
<td title='com.ibm.watson.health.iml.v1.unit.InsightsForMedicalLiteratureServiceTest.testTypeaheadWOptions()'><b>testTypeaheadWOptions</b><br>Test class: com.ibm.watson.health.iml.v1.unit.InsightsForMedicalLiteratureServiceTest</td>
<td></td>
<td>0</td>
<td>com.ibm.watson.health.iml.v1.unit.InsightsForMedicalLiteratureServiceTest@7348e75e</td></tr>
<tr>
<td title='com.ibm.watson.health.iml.v1.model.UnstructuredModelTest.testUnstructuredModel()'><b>testUnstructuredModel</b><br>Test class: com.ibm.watson.health.iml.v1.model.UnstructuredModelTest</td>
<td></td>
<td>0</td>
<td>com.ibm.watson.health.iml.v1.model.UnstructuredModelTest@fe09374</td></tr>
</table><p>
</body>
</html>